#
# A fatal error has been detected by the Java Runtime Environment:
#
#  SIGSEGV (0xb) at pc=0x00007fd762c32783, pid=10301, tid=0x00007fd763f45b80
#
# JRE version: Java(TM) SE Runtime Environment (8.0_201-b09) (build 1.8.0_201-b09)
# Java VM: Java HotSpot(TM) 64-Bit Server VM (25.201-b09 mixed mode linux-amd64 compressed oops)
# Problematic frame:
# V  [libjvm.so+0x90b783]  SR_handler(int, siginfo*, ucontext*)+0x33
#
# Failed to write core dump. Core dumps have been disabled. To enable core dumping, try "ulimit -c unlimited" before starting Java again
#
# If you would like to submit a bug report, please visit:
#   http://bugreport.java.com/bugreport/crash.jsp
#

---------------  T H R E A D  ---------------

Current thread is native thread

siginfo: si_signo: 11 (SIGSEGV), si_code: 1 (SEGV_MAPERR), si_addr: 0x0000000000000128

Registers:
RAX=0x0000000000000000, RBX=0x00007fd763f44700, RCX=0x00007fd763b25d2d, RDX=0x00007fd763f45ea0
RSP=0x00007fffb8156500, RBP=0x00007fffb81565b0, RSI=0x00007fffb81566f0, RDI=0x0000000000000001
R8 =0x00000000000000ca, R9 =0x00007fd763f449d0, R10=0x0000000000000000, R11=0x0000000000000246
R12=0x00007fd763f45b00, R13=0x0000000000000002, R14=0x00007fffb81566f0, R15=0x00007fffb81565c0
RIP=0x00007fd762c32783, EFLAGS=0x0000000000010246, CSGSFS=0x002b000000000033, ERR=0x0000000000000004
  TRAPNO=0x000000000000000e

Top of Stack: (sp=0x00007fffb8156500)
0x00007fffb8156500:   00007fd7633219d0 00007fd763d4a312
0x00007fffb8156510:   0000000000000000 0000ffff00001fa0
0x00007fffb8156520:   3130333031156a50 0a831bbf82ba6b00
0x00007fffb8156530:   00007fffb8156570 00007fffb8156570
0x00007fffb8156540:   000000000000003f 00007fd762e81ca7
0x00007fffb8156550:   00007fffb8156708 00000000024e25c0
0x00007fffb8156560:   00007fffb81567e0 00007fd763398910
0x00007fffb8156570:   00000000fbad8001 00007fffb81567e0
0x00007fffb8156580:   00007fffb81567e0 00007fd763f44700
0x00007fffb8156590:   0000000000000000 00007fffb8156c80
0x00007fffb81565a0:   0000000000000000 0000000000000001
0x00007fffb81565b0:   00007fffb8156ce8 00007fd763b2f890
0x00007fffb81565c0:   0000000000000007 0000000000000000
0x00007fffb81565d0:   0000000000000000 00007fd700000002
0x00007fffb81565e0:   0000000000000000 00000000000000ca
0x00007fffb81565f0:   00007fd763f449d0 0000000000000000
0x00007fffb8156600:   0000000000000246 0000000000000000
0x00007fffb8156610:   00007fffb8156c80 0000000000000000
0x00007fffb8156620:   0000000000000001 00007fd763f449d0
0x00007fffb8156630:   0000000000000000 00007fffb8156ce8
0x00007fffb8156640:   00007fd763f44700 0000000000002848
0x00007fffb8156650:   00000000000000ca 00007fd763b25d2d
0x00007fffb8156660:   00007fffb8156c70 00007fd763b25d2b
0x00007fffb8156670:   0000000000000246 002b000000000033
0x00007fffb8156680:   0000000000000000 0000000000000000
0x00007fffb8156690:   0000000000000000 0000000000000000
0x00007fffb81566a0:   00007fffb8156780 00007fffb81567e8
0x00007fffb81566b0:   00007fd763f48748 00007fd763f47000
0x00007fffb81566c0:   0000000000000000 00007fd763d471ef
0x00007fffb81566d0:   0000000000000004 00007fd763d4d754
0x00007fffb81566e0:   0000000000000001 0000000000000000
0x00007fffb81566f0:   000000000000000c 00007fd700000000 

Instructions: (pc=0x00007fd762c32783)
0x00007fd762c32763:   48 81 ec 88 00 00 00 e8 81 1d 8f ff 44 8b 28 49
0x00007fd762c32773:   89 c4 48 8d 05 2c 61 68 00 8b 38 e8 15 2c 8f ff
0x00007fd762c32783:   48 8b 98 28 01 00 00 8b 83 a8 00 00 00 83 f8 01
0x00007fd762c32793:   74 1b 45 89 2c 24 48 81 c4 88 00 00 00 5b 41 5c 

Register to memory mapping:

RAX=0x0000000000000000 is an unknown value
RBX=0x00007fd763f44700 is pointing into the stack for thread: 0x00007fd75c00b000
RCX=0x00007fd763b25d2d: <offset 0x8d2d> in /lib/x86_64-linux-gnu/libpthread.so.0 at 0x00007fd763b1d000
RDX=0x00007fd763f45ea0 is an unknown value
RSP=0x00007fffb8156500 is an unknown value
RBP=0x00007fffb81565b0 is an unknown value
RSI=0x00007fffb81566f0 is an unknown value
RDI=0x0000000000000001 is an unknown value
R8 =0x00000000000000ca is an unknown value
R9 =0x00007fd763f449d0 is pointing into the stack for thread: 0x00007fd75c00b000
R10=0x0000000000000000 is an unknown value
R11=0x0000000000000246 is an unknown value
R12=0x00007fd763f45b00 is an unknown value
R13=0x0000000000000002 is an unknown value
R14=0x00007fffb81566f0 is an unknown value
R15=0x00007fffb81565c0 is an unknown value


Stack: [0x00007fffb805f000,0x00007fffb815f000],  sp=0x00007fffb8156500,  free space=989k
Native frames: (J=compiled Java code, j=interpreted, Vv=VM code, C=native code)
V  [libjvm.so+0x90b783]  SR_handler(int, siginfo*, ucontext*)+0x33
C  [libpthread.so.0+0x12890]


---------------  P R O C E S S  ---------------

VM state:not at safepoint (normal execution)

VM Mutex/Monitor currently owned by a thread:  ([mutex/lock_event])
[0x00007fd75c007e30] AdapterHandlerLibrary_lock - owner thread: 0x00007fd75c00b000

heap address: 0x0000000085800000, size: 1960 MB, Compressed Oops mode: 32-bit
Narrow klass base: 0x0000000000000000, Narrow klass shift: 3
Compressed class space size: 1073741824 Address: 0x0000000100000000

Heap:
 PSYoungGen      total 36864K, used 1909K [0x00000000d7300000, 0x00000000d9c00000, 0x0000000100000000)
  eden space 31744K, 6% used [0x00000000d7300000,0x00000000d74dd488,0x00000000d9200000)
  from space 5120K, 0% used [0x00000000d9700000,0x00000000d9700000,0x00000000d9c00000)
  to   space 5120K, 0% used [0x00000000d9200000,0x00000000d9200000,0x00000000d9700000)
 ParOldGen       total 84992K, used 0K [0x0000000085800000, 0x000000008ab00000, 0x00000000d7300000)
  object space 84992K, 0% used [0x0000000085800000,0x0000000085800000,0x000000008ab00000)
 Metaspace       used 3063K, capacity 4664K, committed 4864K, reserved 1056768K
  class space    used 345K, capacity 424K, committed 512K, reserved 1048576K

Card table byte_map: [0x00007fd760750000,0x00007fd760b25000] byte_map_base: 0x00007fd760324000

Marking Bits: (ParMarkBitMap*) 0x00007fd7632f2d80
 Begin Bits: [0x00007fd7442c0000, 0x00007fd746160000)
 End Bits:   [0x00007fd746160000, 0x00007fd748000000)

Polling page: 0x00007fd763f62000

CodeCache: size=245760Kb used=1166Kb max_used=1166Kb free=244593Kb
 bounds [0x00007fd74d000000, 0x00007fd74d270000, 0x00007fd75c000000]
 total_blobs=286 nmethods=48 adapters=152
 compilation: enabled

Compilation events (10 events):
Event: 0.073 Thread 0x00007fd75c0c9000   36       1       java.net.URL::getAuthority (5 bytes)
Event: 0.073 Thread 0x00007fd75c0c9000 nmethod 36 0x00007fd74d1213d0 code [0x00007fd74d121520, 0x00007fd74d121630]
Event: 0.073 Thread 0x00007fd75c0c9000   45       3       java.lang.AbstractStringBuilder::newCapacity (39 bytes)
Event: 0.073 Thread 0x00007fd75c0c9000 nmethod 45 0x00007fd74d121690 code [0x00007fd74d121820, 0x00007fd74d121c08]
Event: 0.074 Thread 0x00007fd75c0c9000   46   !   3       sun.misc.URLClassPath$JarLoader::getResource (85 bytes)
Event: 0.075 Thread 0x00007fd75c0c9000 nmethod 46 0x00007fd74d121d50 code [0x00007fd74d121fc0, 0x00007fd74d122bc8]
Event: 0.075 Thread 0x00007fd75c0c9000   48       3       java.net.URI$Parser::charAt (9 bytes)
Event: 0.075 Thread 0x00007fd75c0c9000 nmethod 48 0x00007fd74d1232d0 code [0x00007fd74d123460, 0x00007fd74d1237a8]
Event: 0.075 Thread 0x00007fd75c0c9000   47       3       java.util.zip.ZStreamRef::address (5 bytes)
Event: 0.076 Thread 0x00007fd75c0c9000 nmethod 47 0x00007fd74d123910 code [0x00007fd74d123a60, 0x00007fd74d123bb0]

GC Heap History (0 events):
No events

Deoptimization events (0 events):
No events

Classes redefined (0 events):
No events

Internal exceptions (2 events):
Event: 0.022 Thread 0x00007fd75c00b000 Exception <a 'java/lang/NoSuchMethodError': Method sun.misc.Unsafe.defineClass(Ljava/lang/String;[BII)Ljava/lang/Class; name or signature does not match> (0x00000000d7307cb0) thrown at [/HUDSON/workspace/8-2-build-linux-amd64/jdk8u201/12317/hotspot/src/sh
Event: 0.023 Thread 0x00007fd75c00b000 Exception <a 'java/lang/NoSuchMethodError': Method sun.misc.Unsafe.prefetchRead(Ljava/lang/Object;J)V name or signature does not match> (0x00000000d7307f98) thrown at [/HUDSON/workspace/8-2-build-linux-amd64/jdk8u201/12317/hotspot/src/share/vm/prims/jni.c

Events (10 events):
Event: 0.072 loading class org/gradle/wrapper/Logger
Event: 0.072 loading class org/gradle/wrapper/Logger done
Event: 0.073 loading class org/gradle/wrapper/WrapperExecutor
Event: 0.073 loading class org/gradle/wrapper/WrapperExecutor done
Event: 0.074 loading class org/gradle/wrapper/WrapperConfiguration
Event: 0.074 loading class org/gradle/wrapper/WrapperConfiguration done
Event: 0.075 loading class org/gradle/wrapper/Install
Event: 0.075 loading class org/gradle/wrapper/Install done
Event: 0.076 loading class java/util/concurrent/Callable
Event: 0.077 loading class java/util/concurrent/Callable done


Dynamic libraries:
00400000-00401000 r-xp 00000000 08:06 8013769                            /usr/lib/jvm/jdk1.8.0_201/bin/java
00600000-00601000 r--p 00000000 08:06 8013769                            /usr/lib/jvm/jdk1.8.0_201/bin/java
00601000-00602000 rw-p 00001000 08:06 8013769                            /usr/lib/jvm/jdk1.8.0_201/bin/java
024e2000-02526000 rw-p 00000000 00:00 0                                  [heap]
85800000-8ab00000 rw-p 00000000 00:00 0 
8ab00000-d7300000 ---p 00000000 00:00 0 
d7300000-d9c00000 rw-p 00000000 00:00 0 
d9c00000-100000000 ---p 00000000 00:00 0 
100000000-100080000 rw-p 00000000 00:00 0 
100080000-140000000 ---p 00000000 00:00 0 
7fd6f0000000-7fd6f0021000 rw-p 00000000 00:00 0 
7fd6f0021000-7fd6f4000000 ---p 00000000 00:00 0 
7fd6f4000000-7fd6f4021000 rw-p 00000000 00:00 0 
7fd6f4021000-7fd6f8000000 ---p 00000000 00:00 0 
7fd6f8000000-7fd6f8021000 rw-p 00000000 00:00 0 
7fd6f8021000-7fd6fc000000 ---p 00000000 00:00 0 
7fd6fc000000-7fd6fc151000 rw-p 00000000 00:00 0 
7fd6fc151000-7fd700000000 ---p 00000000 00:00 0 
7fd700000000-7fd700021000 rw-p 00000000 00:00 0 
7fd700021000-7fd704000000 ---p 00000000 00:00 0 
7fd704000000-7fd70405e000 rw-p 00000000 00:00 0 
7fd70405e000-7fd708000000 ---p 00000000 00:00 0 
7fd708000000-7fd708021000 rw-p 00000000 00:00 0 
7fd708021000-7fd70c000000 ---p 00000000 00:00 0 
7fd70c000000-7fd70c021000 rw-p 00000000 00:00 0 
7fd70c021000-7fd710000000 ---p 00000000 00:00 0 
7fd710000000-7fd710021000 rw-p 00000000 00:00 0 
7fd710021000-7fd714000000 ---p 00000000 00:00 0 
7fd714000000-7fd714021000 rw-p 00000000 00:00 0 
7fd714021000-7fd718000000 ---p 00000000 00:00 0 
7fd718000000-7fd718021000 rw-p 00000000 00:00 0 
7fd718021000-7fd71c000000 ---p 00000000 00:00 0 
7fd71c000000-7fd71c021000 rw-p 00000000 00:00 0 
7fd71c021000-7fd720000000 ---p 00000000 00:00 0 
7fd720000000-7fd720021000 rw-p 00000000 00:00 0 
7fd720021000-7fd724000000 ---p 00000000 00:00 0 
7fd728000000-7fd728021000 rw-p 00000000 00:00 0 
7fd728021000-7fd72c000000 ---p 00000000 00:00 0 
7fd730000000-7fd730021000 rw-p 00000000 00:00 0 
7fd730021000-7fd734000000 ---p 00000000 00:00 0 
7fd738000000-7fd738021000 rw-p 00000000 00:00 0 
7fd738021000-7fd73c000000 ---p 00000000 00:00 0 
7fd73cbc1000-7fd73cd5e000 rw-p 00000000 00:00 0 
7fd73cefb000-7fd73cff3000 rw-p 00000000 00:00 0 
7fd73d0eb000-7fd73d0ec000 ---p 00000000 00:00 0 
7fd73d0ec000-7fd73d1ec000 rw-p 00000000 00:00 0 
7fd73d1ec000-7fd73d1ef000 ---p 00000000 00:00 0 
7fd73d1ef000-7fd73d2ed000 rw-p 00000000 00:00 0 
7fd73d2ed000-7fd73d2ee000 ---p 00000000 00:00 0 
7fd73d2ee000-7fd73d2f1000 ---p 00000000 00:00 0 
7fd73d2f1000-7fd73d3ee000 rw-p 00000000 00:00 0 
7fd73d3ee000-7fd73d3ef000 ---p 00000000 00:00 0 
7fd73d3ef000-7fd73d3f2000 ---p 00000000 00:00 0 
7fd73d3f2000-7fd73d4ef000 rw-p 00000000 00:00 0 
7fd73d4ef000-7fd73d4f0000 ---p 00000000 00:00 0 
7fd73d4f0000-7fd73d4f3000 ---p 00000000 00:00 0 
7fd73d4f3000-7fd73d5f0000 rw-p 00000000 00:00 0 
7fd73d5f0000-7fd73d5f1000 ---p 00000000 00:00 0 
7fd73d5f1000-7fd73d5f4000 ---p 00000000 00:00 0 
7fd73d5f4000-7fd73d6f1000 rw-p 00000000 00:00 0 
7fd73d6f1000-7fd73d6f4000 ---p 00000000 00:00 0 
7fd73d6f4000-7fd73d7f2000 rw-p 00000000 00:00 0 
7fd73d7f2000-7fd73e1c1000 r--p 00000000 08:06 662140                     /usr/lib/locale/locale-archive
7fd73e1c1000-7fd73e1c4000 ---p 00000000 00:00 0 
7fd73e1c4000-7fd73e2c2000 rw-p 00000000 00:00 0 
7fd73e2c2000-7fd73e2c5000 ---p 00000000 00:00 0 
7fd73e2c5000-7fd73e3c3000 rw-p 00000000 00:00 0 
7fd73e3c3000-7fd73e3c4000 ---p 00000000 00:00 0 
7fd73e3c4000-7fd740000000 rw-p 00000000 00:00 0 
7fd740000000-7fd740021000 rw-p 00000000 00:00 0 
7fd740021000-7fd744000000 ---p 00000000 00:00 0 
7fd744013000-7fd7440e6000 rw-p 00000000 00:00 0 
7fd7440e6000-7fd7442c0000 r--s 03d6f000 08:06 10888034                   /usr/lib/jvm/jdk1.8.0_201/jre/lib/rt.jar
7fd7442c0000-7fd748000000 rw-p 00000000 00:00 0 
7fd748000000-7fd748021000 rw-p 00000000 00:00 0 
7fd748021000-7fd74c000000 ---p 00000000 00:00 0 
7fd74c007000-7fd74c468000 rw-p 00000000 00:00 0 
7fd74c468000-7fd74c828000 ---p 00000000 00:00 0 
7fd74c828000-7fd74cbfc000 rw-p 00000000 00:00 0 
7fd74cbfc000-7fd74cbfd000 ---p 00000000 00:00 0 
7fd74cbfd000-7fd74ccfd000 rw-p 00000000 00:00 0 
7fd74ccfd000-7fd74ccfe000 ---p 00000000 00:00 0 
7fd74ccfe000-7fd74cdfe000 rw-p 00000000 00:00 0 
7fd74cdfe000-7fd74cdff000 ---p 00000000 00:00 0 
7fd74cdff000-7fd74ceff000 rw-p 00000000 00:00 0 
7fd74ceff000-7fd74cf00000 ---p 00000000 00:00 0 
7fd74cf00000-7fd74d000000 rw-p 00000000 00:00 0 
7fd74d000000-7fd74d270000 rwxp 00000000 00:00 0 
7fd74d270000-7fd75c000000 ---p 00000000 00:00 0 
7fd75c000000-7fd75c3ef000 rw-p 00000000 00:00 0 
7fd75c3ef000-7fd760000000 ---p 00000000 00:00 0 
7fd760006000-7fd7600be000 rw-p 00000000 00:00 0 
7fd7600be000-7fd7600bf000 ---p 00000000 00:00 0 
7fd7600bf000-7fd7601bf000 rw-p 00000000 00:00 0 
7fd7601bf000-7fd7601c0000 ---p 00000000 00:00 0 
7fd7601c0000-7fd7602c0000 rw-p 00000000 00:00 0 
7fd7602c0000-7fd7602c1000 ---p 00000000 00:00 0 
7fd7602c1000-7fd7603c1000 rw-p 00000000 00:00 0 
7fd7603c1000-7fd7603c2000 ---p 00000000 00:00 0 
7fd7603c2000-7fd7604ec000 rw-p 00000000 00:00 0 
7fd7604ec000-7fd760750000 ---p 00000000 00:00 0 
7fd760750000-7fd76077a000 rw-p 00000000 00:00 0 
7fd76077a000-7fd7609dd000 ---p 00000000 00:00 0 
7fd7609dd000-7fd7609f2000 rw-p 00000000 00:00 0 
7fd7609f2000-7fd760b24000 ---p 00000000 00:00 0 
7fd760b24000-7fd760b2f000 rw-p 00000000 00:00 0 
7fd760b2f000-7fd760ee5000 ---p 00000000 00:00 0 
7fd760ee5000-7fd760f00000 r-xp 00000000 08:06 10888324                   /usr/lib/jvm/jdk1.8.0_201/jre/lib/amd64/libzip.so
7fd760f00000-7fd7610ff000 ---p 0001b000 08:06 10888324                   /usr/lib/jvm/jdk1.8.0_201/jre/lib/amd64/libzip.so
7fd7610ff000-7fd761100000 r--p 0001a000 08:06 10888324                   /usr/lib/jvm/jdk1.8.0_201/jre/lib/amd64/libzip.so
7fd761100000-7fd761101000 rw-p 0001b000 08:06 10888324                   /usr/lib/jvm/jdk1.8.0_201/jre/lib/amd64/libzip.so
7fd761101000-7fd76110c000 r-xp 00000000 08:06 3937066                    /lib/x86_64-linux-gnu/libnss_files-2.27.so
7fd76110c000-7fd76130b000 ---p 0000b000 08:06 3937066                    /lib/x86_64-linux-gnu/libnss_files-2.27.so
7fd76130b000-7fd76130c000 r--p 0000a000 08:06 3937066                    /lib/x86_64-linux-gnu/libnss_files-2.27.so
7fd76130c000-7fd76130d000 rw-p 0000b000 08:06 3937066                    /lib/x86_64-linux-gnu/libnss_files-2.27.so
7fd76130d000-7fd761313000 rw-p 00000000 00:00 0 
7fd761313000-7fd76132a000 r-xp 00000000 08:06 3937060                    /lib/x86_64-linux-gnu/libnsl-2.27.so
7fd76132a000-7fd761529000 ---p 00017000 08:06 3937060                    /lib/x86_64-linux-gnu/libnsl-2.27.so
7fd761529000-7fd76152a000 r--p 00016000 08:06 3937060                    /lib/x86_64-linux-gnu/libnsl-2.27.so
7fd76152a000-7fd76152b000 rw-p 00017000 08:06 3937060                    /lib/x86_64-linux-gnu/libnsl-2.27.so
7fd76152b000-7fd76152d000 rw-p 00000000 00:00 0 
7fd76152d000-7fd761538000 r-xp 00000000 08:06 3937077                    /lib/x86_64-linux-gnu/libnss_nis-2.27.so
7fd761538000-7fd761737000 ---p 0000b000 08:06 3937077                    /lib/x86_64-linux-gnu/libnss_nis-2.27.so
7fd761737000-7fd761738000 r--p 0000a000 08:06 3937077                    /lib/x86_64-linux-gnu/libnss_nis-2.27.so
7fd761738000-7fd761739000 rw-p 0000b000 08:06 3937077                    /lib/x86_64-linux-gnu/libnss_nis-2.27.so
7fd761739000-7fd761741000 r-xp 00000000 08:06 3937062                    /lib/x86_64-linux-gnu/libnss_compat-2.27.so
7fd761741000-7fd761941000 ---p 00008000 08:06 3937062                    /lib/x86_64-linux-gnu/libnss_compat-2.27.so
7fd761941000-7fd761942000 r--p 00008000 08:06 3937062                    /lib/x86_64-linux-gnu/libnss_compat-2.27.so
7fd761942000-7fd761943000 rw-p 00009000 08:06 3937062                    /lib/x86_64-linux-gnu/libnss_compat-2.27.so
7fd761943000-7fd76196f000 r-xp 00000000 08:06 10888318                   /usr/lib/jvm/jdk1.8.0_201/jre/lib/amd64/libjava.so
7fd76196f000-7fd761b6f000 ---p 0002c000 08:06 10888318                   /usr/lib/jvm/jdk1.8.0_201/jre/lib/amd64/libjava.so
7fd761b6f000-7fd761b70000 r--p 0002c000 08:06 10888318                   /usr/lib/jvm/jdk1.8.0_201/jre/lib/amd64/libjava.so
7fd761b70000-7fd761b72000 rw-p 0002d000 08:06 10888318                   /usr/lib/jvm/jdk1.8.0_201/jre/lib/amd64/libjava.so
7fd761b72000-7fd761b7f000 r-xp 00000000 08:06 10888323                   /usr/lib/jvm/jdk1.8.0_201/jre/lib/amd64/libverify.so
7fd761b7f000-7fd761d7e000 ---p 0000d000 08:06 10888323                   /usr/lib/jvm/jdk1.8.0_201/jre/lib/amd64/libverify.so
7fd761d7e000-7fd761d80000 r--p 0000c000 08:06 10888323                   /usr/lib/jvm/jdk1.8.0_201/jre/lib/amd64/libverify.so
7fd761d80000-7fd761d81000 rw-p 0000e000 08:06 10888323                   /usr/lib/jvm/jdk1.8.0_201/jre/lib/amd64/libverify.so
7fd761d81000-7fd761d88000 r-xp 00000000 08:06 3937117                    /lib/x86_64-linux-gnu/librt-2.27.so
7fd761d88000-7fd761f87000 ---p 00007000 08:06 3937117                    /lib/x86_64-linux-gnu/librt-2.27.so
7fd761f87000-7fd761f88000 r--p 00006000 08:06 3937117                    /lib/x86_64-linux-gnu/librt-2.27.so
7fd761f88000-7fd761f89000 rw-p 00007000 08:06 3937117                    /lib/x86_64-linux-gnu/librt-2.27.so
7fd761f89000-7fd762126000 r-xp 00000000 08:06 3937039                    /lib/x86_64-linux-gnu/libm-2.27.so
7fd762126000-7fd762325000 ---p 0019d000 08:06 3937039                    /lib/x86_64-linux-gnu/libm-2.27.so
7fd762325000-7fd762326000 r--p 0019c000 08:06 3937039                    /lib/x86_64-linux-gnu/libm-2.27.so
7fd762326000-7fd762327000 rw-p 0019d000 08:06 3937039                    /lib/x86_64-linux-gnu/libm-2.27.so
7fd762327000-7fd76300f000 r-xp 00000000 08:06 10888346                   /usr/lib/jvm/jdk1.8.0_201/jre/lib/amd64/server/libjvm.so
7fd76300f000-7fd76320e000 ---p 00ce8000 08:06 10888346                   /usr/lib/jvm/jdk1.8.0_201/jre/lib/amd64/server/libjvm.so
7fd76320e000-7fd7632a4000 r--p 00ce7000 08:06 10888346                   /usr/lib/jvm/jdk1.8.0_201/jre/lib/amd64/server/libjvm.so
7fd7632a4000-7fd7632d5000 rw-p 00d7d000 08:06 10888346                   /usr/lib/jvm/jdk1.8.0_201/jre/lib/amd64/server/libjvm.so
7fd7632d5000-7fd763310000 rw-p 00000000 00:00 0 
7fd763310000-7fd7634f7000 r-xp 00000000 08:06 3936976                    /lib/x86_64-linux-gnu/libc-2.27.so
7fd7634f7000-7fd7636f7000 ---p 001e7000 08:06 3936976                    /lib/x86_64-linux-gnu/libc-2.27.so
7fd7636f7000-7fd7636fb000 r--p 001e7000 08:06 3936976                    /lib/x86_64-linux-gnu/libc-2.27.so
7fd7636fb000-7fd7636fd000 rw-p 001eb000 08:06 3936976                    /lib/x86_64-linux-gnu/libc-2.27.so
7fd7636fd000-7fd763701000 rw-p 00000000 00:00 0 
7fd763701000-7fd763704000 r-xp 00000000 08:06 3936999                    /lib/x86_64-linux-gnu/libdl-2.27.so
7fd763704000-7fd763903000 ---p 00003000 08:06 3936999                    /lib/x86_64-linux-gnu/libdl-2.27.so
7fd763903000-7fd763904000 r--p 00002000 08:06 3936999                    /lib/x86_64-linux-gnu/libdl-2.27.so
7fd763904000-7fd763905000 rw-p 00003000 08:06 3936999                    /lib/x86_64-linux-gnu/libdl-2.27.so
7fd763905000-7fd76391c000 r-xp 00000000 08:06 9054391                    /usr/lib/jvm/jdk1.8.0_201/lib/amd64/jli/libjli.so
7fd76391c000-7fd763b1b000 ---p 00017000 08:06 9054391                    /usr/lib/jvm/jdk1.8.0_201/lib/amd64/jli/libjli.so
7fd763b1b000-7fd763b1c000 r--p 00016000 08:06 9054391                    /usr/lib/jvm/jdk1.8.0_201/lib/amd64/jli/libjli.so
7fd763b1c000-7fd763b1d000 rw-p 00017000 08:06 9054391                    /usr/lib/jvm/jdk1.8.0_201/lib/amd64/jli/libjli.so
7fd763b1d000-7fd763b37000 r-xp 00000000 08:06 3937109                    /lib/x86_64-linux-gnu/libpthread-2.27.so
7fd763b37000-7fd763d36000 ---p 0001a000 08:06 3937109                    /lib/x86_64-linux-gnu/libpthread-2.27.so
7fd763d36000-7fd763d37000 r--p 00019000 08:06 3937109                    /lib/x86_64-linux-gnu/libpthread-2.27.so
7fd763d37000-7fd763d38000 rw-p 0001a000 08:06 3937109                    /lib/x86_64-linux-gnu/libpthread-2.27.so
7fd763d38000-7fd763d3c000 rw-p 00000000 00:00 0 
7fd763d3c000-7fd763d63000 r-xp 00000000 08:06 3936948                    /lib/x86_64-linux-gnu/ld-2.27.so
7fd763d79000-7fd763e44000 rw-p 00000000 00:00 0 
7fd763e44000-7fd763e45000 ---p 00000000 00:00 0 
7fd763e45000-7fd763e48000 ---p 00000000 00:00 0 
7fd763e48000-7fd763f49000 rw-p 00000000 00:00 0 
7fd763f57000-7fd763f59000 r--s 0000c000 08:06 4105167                    /home/ermicho/projects/react-native/PropertyFinder/android/gradle/wrapper/gradle-wrapper.jar
7fd763f59000-7fd763f61000 rw-s 00000000 08:06 13139511                   /tmp/hsperfdata_ermicho/10301
7fd763f61000-7fd763f62000 rw-p 00000000 00:00 0 
7fd763f62000-7fd763f63000 r--p 00000000 00:00 0 
7fd763f63000-7fd763f64000 r--p 00027000 08:06 3936948                    /lib/x86_64-linux-gnu/ld-2.27.so
7fd763f64000-7fd763f65000 rw-p 00028000 08:06 3936948                    /lib/x86_64-linux-gnu/ld-2.27.so
7fd763f65000-7fd763f66000 rw-p 00000000 00:00 0 
7fffb813c000-7fffb815f000 rw-p 00000000 00:00 0                          [stack]
7fffb81ed000-7fffb81f0000 r--p 00000000 00:00 0                          [vvar]
7fffb81f0000-7fffb81f2000 r-xp 00000000 00:00 0                          [vdso]
ffffffffff600000-ffffffffff601000 r-xp 00000000 00:00 0                  [vsyscall]

VM Arguments:
jvm_args: -Dorg.gradle.appname=gradlew 
java_command: org.gradle.wrapper.GradleWrapperMain app:installDebug
java_class_path (initial): /home/ermicho/projects/react-native/PropertyFinder/android/gradle/wrapper/gradle-wrapper.jar
Launcher Type: SUN_STANDARD

Environment Variables:
JAVA_HOME=/usr/lib/jvm/jdk1.8.0_201
PATH=/home/ermicho/projects/react-native/PropertyFinder/node_modules/.bin:/usr/local/lib/node_modules/npm/node_modules/npm-lifecycle/node-gyp-bin:/home/ermicho/projects/react-native/PropertyFinder/node_modules/.bin:/usr/local/sbin:/usr/local/bin:/usr/sbin:/usr/bin:/sbin:/bin:/usr/games:/usr/local/games:/snap/bin:/home/ermicho/Android/Sdk/tools:/home/ermicho/Android/Sdk/tools/bin:/home/ermicho/Android/Sdk/platform-tools:/home/ermicho/Android/Sdk/emulator:/home/ermicho/Android/Sdk/tools/bin:/home/ermicho/Android/Sdk/platform-tools
USERNAME=ermicho
SHELL=/bin/bash
DISPLAY=:0

Signal Handlers:
SIGSEGV: [libjvm.so+0xad3e60], sa_mask[0]=11111111011111111101111111111110, sa_flags=SA_RESTART|SA_SIGINFO
SIGBUS: [libjvm.so+0xad3e60], sa_mask[0]=11111111011111111101111111111110, sa_flags=SA_RESTART|SA_SIGINFO
SIGFPE: [libjvm.so+0x90b880], sa_mask[0]=11111111011111111101111111111110, sa_flags=SA_RESTART|SA_SIGINFO
SIGPIPE: [libjvm.so+0x90b880], sa_mask[0]=11111111011111111101111111111110, sa_flags=SA_RESTART|SA_SIGINFO
SIGXFSZ: [libjvm.so+0x90b880], sa_mask[0]=11111111011111111101111111111110, sa_flags=SA_RESTART|SA_SIGINFO
SIGILL: [libjvm.so+0x90b880], sa_mask[0]=11111111011111111101111111111110, sa_flags=SA_RESTART|SA_SIGINFO
SIGUSR1: SIG_DFL, sa_mask[0]=00000000000000000000000000000000, sa_flags=none
SIGUSR2: [libjvm.so+0x90b750], sa_mask[0]=00000000000000000000000000000000, sa_flags=SA_RESTART|SA_SIGINFO
SIGHUP: [libjvm.so+0x90bd70], sa_mask[0]=11111111011111111101111111111110, sa_flags=SA_RESTART|SA_SIGINFO
SIGINT: [libjvm.so+0x90bd70], sa_mask[0]=11111111011111111101111111111110, sa_flags=SA_RESTART|SA_SIGINFO
SIGTERM: [libjvm.so+0x90bd70], sa_mask[0]=11111111011111111101111111111110, sa_flags=SA_RESTART|SA_SIGINFO
SIGQUIT: [libjvm.so+0x90bd70], sa_mask[0]=11111111011111111101111111111110, sa_flags=SA_RESTART|SA_SIGINFO


---------------  S Y S T E M  ---------------

OS:DISTRIB_ID=Ubuntu
DISTRIB_RELEASE=18.04
DISTRIB_CODENAME=bionic
DISTRIB_DESCRIPTION="Ubuntu 18.04.2 LTS"

uname:Linux 4.15.0-46-generic #49-Ubuntu SMP Wed Feb 6 09:33:07 UTC 2019 x86_64
libc:glibc 2.27 NPTL 2.27 
rlimit: STACK 8192k, CORE 0k, NPROC 30710, NOFILE 4096, AS infinity
load average:2.54 2.15 1.78

/proc/meminfo:
MemTotal:        8021540 kB
MemFree:          323160 kB
MemAvailable:    1704884 kB
Buffers:           39156 kB
Cached:          2621212 kB
SwapCached:           60 kB
Active:          5595952 kB
Inactive:        1653528 kB
Active(anon):    4615380 kB
Inactive(anon):  1094628 kB
Active(file):     980572 kB
Inactive(file):   558900 kB
Unevictable:         344 kB
Mlocked:             344 kB
SwapTotal:       2097148 kB
SwapFree:        2096124 kB
Dirty:            101636 kB
Writeback:             0 kB
AnonPages:       4589416 kB
Mapped:          1109092 kB
Shmem:           1167540 kB
Slab:             217788 kB
SReclaimable:     131224 kB
SUnreclaim:        86564 kB
KernelStack:       23048 kB
PageTables:        94424 kB
NFS_Unstable:          0 kB
Bounce:                0 kB
WritebackTmp:          0 kB
CommitLimit:     6107916 kB
Committed_AS:   16605020 kB
VmallocTotal:   34359738367 kB
VmallocUsed:           0 kB
VmallocChunk:          0 kB
HardwareCorrupted:     0 kB
AnonHugePages:         0 kB
ShmemHugePages:        0 kB
ShmemPmdMapped:        0 kB
CmaTotal:              0 kB
CmaFree:               0 kB
HugePages_Total:       0
HugePages_Free:        0
HugePages_Rsvd:        0
HugePages_Surp:        0
Hugepagesize:       2048 kB
DirectMap4k:      323012 kB
DirectMap2M:     7919616 kB
DirectMap1G:     1048576 kB

container (cgroup) information:
container_type: cgroupv1
cpu_cpuset_cpus: 0-7
cpu_memory_nodes: 0
active_processor_count: 8
cpu_quota: -1
cpu_period: 100000
cpu_shares: -1
memory_limit_in_bytes: -1
memory_and_swap_limit_in_bytes: -2
memory_soft_limit_in_bytes: -1
memory_usage_in_bytes: 7424143360
memory_max_usage_in_bytes: 3432448


CPU:total 8 (initial active 8) (4 cores per cpu, 2 threads per core) family 6 model 142 stepping 10, cmov, cx8, fxsr, mmx, sse, sse2, sse3, ssse3, sse4.1, sse4.2, popcnt, avx, avx2, aes, clmul, erms, 3dnowpref, lzcnt, ht, tsc, tscinvbit, bmi1, bmi2, adx

/proc/cpuinfo:
processor	: 0
vendor_id	: GenuineIntel
cpu family	: 6
model		: 142
model name	: Intel(R) Core(TM) i7-8550U CPU @ 1.80GHz
stepping	: 10
microcode	: 0x96
cpu MHz		: 1929.977
cache size	: 8192 KB
physical id	: 0
siblings	: 8
core id		: 0
cpu cores	: 4
apicid		: 0
initial apicid	: 0
fpu		: yes
fpu_exception	: yes
cpuid level	: 22
wp		: yes
flags		: fpu vme de pse tsc msr pae mce cx8 apic sep mtrr pge mca cmov pat pse36 clflush dts acpi mmx fxsr sse sse2 ss ht tm pbe syscall nx pdpe1gb rdtscp lm constant_tsc art arch_perfmon pebs bts rep_good nopl xtopology nonstop_tsc cpuid aperfmperf tsc_known_freq pni pclmulqdq dtes64 monitor ds_cpl vmx est tm2 ssse3 sdbg fma cx16 xtpr pdcm pcid sse4_1 sse4_2 x2apic movbe popcnt tsc_deadline_timer aes xsave avx f16c rdrand lahf_lm abm 3dnowprefetch cpuid_fault epb invpcid_single pti ssbd ibrs ibpb stibp tpr_shadow vnmi flexpriority ept vpid fsgsbase tsc_adjust bmi1 avx2 smep bmi2 erms invpcid mpx rdseed adx smap clflushopt intel_pt xsaveopt xsavec xgetbv1 xsaves dtherm ida arat pln pts hwp hwp_notify hwp_act_window hwp_epp flush_l1d
bugs		: cpu_meltdown spectre_v1 spectre_v2 spec_store_bypass l1tf
bogomips	: 3984.00
clflush size	: 64
cache_alignment	: 64
address sizes	: 39 bits physical, 48 bits virtual
power management:

processor	: 1
vendor_id	: GenuineIntel
cpu family	: 6
model		: 142
model name	: Intel(R) Core(TM) i7-8550U CPU @ 1.80GHz
stepping	: 10
microcode	: 0x96
cpu MHz		: 1881.768
cache size	: 8192 KB
physical id	: 0
siblings	: 8
core id		: 1
cpu cores	: 4
apicid		: 2
initial apicid	: 2
fpu		: yes
fpu_exception	: yes
cpuid level	: 22
wp		: yes
flags		: fpu vme de pse tsc msr pae mce cx8 apic sep mtrr pge mca cmov pat pse36 clflush dts acpi mmx fxsr sse sse2 ss ht tm pbe syscall nx pdpe1gb rdtscp lm constant_tsc art arch_perfmon pebs bts rep_good nopl xtopology nonstop_tsc cpuid aperfmperf tsc_known_freq pni pclmulqdq dtes64 monitor ds_cpl vmx est tm2 ssse3 sdbg fma cx16 xtpr pdcm pcid sse4_1 sse4_2 x2apic movbe popcnt tsc_deadline_timer aes xsave avx f16c rdrand lahf_lm abm 3dnowprefetch cpuid_fault epb invpcid_single pti ssbd ibrs ibpb stibp tpr_shadow vnmi flexpriority ept vpid fsgsbase tsc_adjust bmi1 avx2 smep bmi2 erms invpcid mpx rdseed adx smap clflushopt intel_pt xsaveopt xsavec xgetbv1 xsaves dtherm ida arat pln pts hwp hwp_notify hwp_act_window hwp_epp flush_l1d
bugs		: cpu_meltdown spectre_v1 spectre_v2 spec_store_bypass l1tf
bogomips	: 3984.00
clflush size	: 64
cache_alignment	: 64
address sizes	: 39 bits physical, 48 bits virtual
power management:

processor	: 2
vendor_id	: GenuineIntel
cpu family	: 6
model		: 142
model name	: Intel(R) Core(TM) i7-8550U CPU @ 1.80GHz
stepping	: 10
microcode	: 0x96
cpu MHz		: 2343.025
cache size	: 8192 KB
physical id	: 0
siblings	: 8
core id		: 2
cpu cores	: 4
apicid		: 4
initial apicid	: 4
fpu		: yes
fpu_exception	: yes
cpuid level	: 22
wp		: yes
flags		: fpu vme de pse tsc msr pae mce cx8 apic sep mtrr pge mca cmov pat pse36 clflush dts acpi mmx fxsr sse sse2 ss ht tm pbe syscall nx pdpe1gb rdtscp lm constant_tsc art arch_perfmon pebs bts rep_good nopl xtopology nonstop_tsc cpuid aperfmperf tsc_known_freq pni pclmulqdq dtes64 monitor ds_cpl vmx est tm2 ssse3 sdbg fma cx16 xtpr pdcm pcid sse4_1 sse4_2 x2apic movbe popcnt tsc_deadline_timer aes xsave avx f16c rdrand lahf_lm abm 3dnowprefetch cpuid_fault epb invpcid_single pti ssbd ibrs ibpb stibp tpr_shadow vnmi flexpriority ept vpid fsgsbase tsc_adjust bmi1 avx2 smep bmi2 erms invpcid mpx rdseed adx smap clflushopt intel_pt xsaveopt xsavec xgetbv1 xsaves dtherm ida arat pln pts hwp hwp_notify hwp_act_window hwp_epp flush_l1d
bugs		: cpu_meltdown spectre_v1 spectre_v2 spec_store_bypass l1tf
bogomips	: 3984.00
clflush size	: 64
cache_alignment	: 64
address sizes	: 39 bits physical, 48 bits virtual
power management:

processor	: 3
vendor_id	: GenuineIntel
cpu family	: 6
model		: 142
model name	: Intel(R) Core(TM) i7-8550U CPU @ 1.80GHz
stepping	: 10
microcode	: 0x96
cpu MHz		: 2196.728
cache size	: 8192 KB
physical id	: 0
siblings	: 8
core id		: 3
cpu cores	: 4
apicid		: 6
initial apicid	: 6
fpu		: yes
fpu_exception	: yes
cpuid level	: 22
wp		: yes
flags		: fpu vme de pse tsc msr pae mce cx8 apic sep mtrr pge mca cmov pat pse36 clflush dts acpi mmx fxsr sse sse2 ss ht tm pbe syscall nx pdpe1gb rdtscp lm constant_tsc art arch_perfmon pebs bts rep_good nopl xtopology nonstop_tsc cpuid aperfmperf tsc_known_freq pni pclmulqdq dtes64 monitor ds_cpl vmx est tm2 ssse3 sdbg fma cx16 xtpr pdcm pcid sse4_1 sse4_2 x2apic movbe popcnt tsc_deadline_timer aes xsave avx f16c rdrand lahf_lm abm 3dnowprefetch cpuid_fault epb invpcid_single pti ssbd ibrs ibpb stibp tpr_shadow vnmi flexpriority ept vpid fsgsbase tsc_adjust bmi1 avx2 smep bmi2 erms invpcid mpx rdseed adx smap clflushopt intel_pt xsaveopt xsavec xgetbv1 xsaves dtherm ida arat pln pts hwp hwp_notify hwp_act_window hwp_epp flush_l1d
bugs		: cpu_meltdown spectre_v1 spectre_v2 spec_store_bypass l1tf
bogomips	: 3984.00
clflush size	: 64
cache_alignment	: 64
address sizes	: 39 bits physical, 48 bits virtual
power management:

processor	: 4
vendor_id	: GenuineIntel
cpu family	: 6
model		: 142
model name	: Intel(R) Core(TM) i7-8550U CPU @ 1.80GHz
stepping	: 10
microcode	: 0x96
cpu MHz		: 2482.414
cache size	: 8192 KB
physical id	: 0
siblings	: 8
core id		: 0
cpu cores	: 4
apicid		: 1
initial apicid	: 1
fpu		: yes
fpu_exception	: yes
cpuid level	: 22
wp		: yes
flags		: fpu vme de pse tsc msr pae mce cx8 apic sep mtrr pge mca cmov pat pse36 clflush dts acpi mmx fxsr sse sse2 ss ht tm pbe syscall nx pdpe1gb rdtscp lm constant_tsc art arch_perfmon pebs bts rep_good nopl xtopology nonstop_tsc cpuid aperfmperf tsc_known_freq pni pclmulqdq dtes64 monitor ds_cpl vmx est tm2 ssse3 sdbg fma cx16 xtpr pdcm pcid sse4_1 sse4_2 x2apic movbe popcnt tsc_deadline_timer aes xsave avx f16c rdrand lahf_lm abm 3dnowprefetch cpuid_fault epb invpcid_single pti ssbd ibrs ibpb stibp tpr_shadow vnmi flexpriority ept vpid fsgsbase tsc_adjust bmi1 avx2 smep bmi2 erms invpcid mpx rdseed adx smap clflushopt intel_pt xsaveopt xsavec xgetbv1 xsaves dtherm ida arat pln pts hwp hwp_notify hwp_act_window hwp_epp flush_l1d
bugs		: cpu_meltdown spectre_v1 spectre_v2 spec_store_bypass l1tf
bogomips	: 3984.00
clflush size	: 64
cache_alignment	: 64
address sizes	: 39 bits physical, 48 bits virtual
power management:

processor	: 5
vendor_id	: GenuineIntel
cpu family	: 6
model		: 142
model name	: Intel(R) Core(TM) i7-8550U CPU @ 1.80GHz
stepping	: 10
microcode	: 0x96
cpu MHz		: 2220.347
cache size	: 8192 KB
physical id	: 0
siblings	: 8
core id		: 1
cpu cores	: 4
apicid		: 3
initial apicid	: 3
fpu		: yes
fpu_exception	: yes
cpuid level	: 22
wp		: yes
flags		: fpu vme de pse tsc msr pae mce cx8 apic sep mtrr pge mca cmov pat pse36 clflush dts acpi mmx fxsr sse sse2 ss ht tm pbe syscall nx pdpe1gb rdtscp lm constant_tsc art arch_perfmon pebs bts rep_good nopl xtopology nonstop_tsc cpuid aperfmperf tsc_known_freq pni pclmulqdq dtes64 monitor ds_cpl vmx est tm2 ssse3 sdbg fma cx16 xtpr pdcm pcid sse4_1 sse4_2 x2apic movbe popcnt tsc_deadline_timer aes xsave avx f16c rdrand lahf_lm abm 3dnowprefetch cpuid_fault epb invpcid_single pti ssbd ibrs ibpb stibp tpr_shadow vnmi flexpriority ept vpid fsgsbase tsc_adjust bmi1 avx2 smep bmi2 erms invpcid mpx rdseed adx smap clflushopt intel_pt xsaveopt xsavec xgetbv1 xsaves dtherm ida arat pln pts hwp hwp_notify hwp_act_window hwp_epp flush_l1d
bugs		: cpu_meltdown spectre_v1 spectre_v2 spec_store_bypass l1tf
bogomips	: 3984.00
clflush size	: 64
cache_alignment	: 64
address sizes	: 39 bits physical, 48 bits virtual
power management:

processor	: 6
vendor_id	: GenuineIntel
cpu family	: 6
model		: 142
model name	: Intel(R) Core(TM) i7-8550U CPU @ 1.80GHz
stepping	: 10
microcode	: 0x96
cpu MHz		: 2477.198
cache size	: 8192 KB
physical id	: 0
siblings	: 8
core id		: 2
cpu cores	: 4
apicid		: 5
initial apicid	: 5
fpu		: yes
fpu_exception	: yes
cpuid level	: 22
wp		: yes
flags		: fpu vme de pse tsc msr pae mce cx8 apic sep mtrr pge mca cmov pat pse36 clflush dts acpi mmx fxsr sse sse2 ss ht tm pbe syscall nx pdpe1gb rdtscp lm constant_tsc art arch_perfmon pebs bts rep_good nopl xtopology nonstop_tsc cpuid aperfmperf tsc_known_freq pni pclmulqdq dtes64 monitor ds_cpl vmx est tm2 ssse3 sdbg fma cx16 xtpr pdcm pcid sse4_1 sse4_2 x2apic movbe popcnt tsc_deadline_timer aes xsave avx f16c rdrand lahf_lm abm 3dnowprefetch cpuid_fault epb invpcid_single pti ssbd ibrs ibpb stibp tpr_shadow vnmi flexpriority ept vpid fsgsbase tsc_adjust bmi1 avx2 smep bmi2 erms invpcid mpx rdseed adx smap clflushopt intel_pt xsaveopt xsavec xgetbv1 xsaves dtherm ida arat pln pts hwp hwp_notify hwp_act_window hwp_epp flush_l1d
bugs		: cpu_meltdown spectre_v1 spectre_v2 spec_store_bypass l1tf
bogomips	: 3984.00
clflush size	: 64
cache_alignment	: 64
address sizes	: 39 bits physical, 48 bits virtual
power management:

processor	: 7
vendor_id	: GenuineIntel
cpu family	: 6
model		: 142
model name	: Intel(R) Core(TM) i7-8550U CPU @ 1.80GHz
stepping	: 10
microcode	: 0x96
cpu MHz		: 2488.656
cache size	: 8192 KB
physical id	: 0
siblings	: 8
core id		: 3
cpu cores	: 4
apicid		: 7
initial apicid	: 7
fpu		: yes
fpu_exception	: yes
cpuid level	: 22
wp		: yes
flags		: fpu vme de pse tsc msr pae mce cx8 apic sep mtrr pge mca cmov pat pse36 clflush dts acpi mmx fxsr sse sse2 ss ht tm pbe syscall nx pdpe1gb rdtscp lm constant_tsc art arch_perfmon pebs bts rep_good nopl xtopology nonstop_tsc cpuid aperfmperf tsc_known_freq pni pclmulqdq dtes64 monitor ds_cpl vmx est tm2 ssse3 sdbg fma cx16 xtpr pdcm pcid sse4_1 sse4_2 x2apic movbe popcnt tsc_deadline_timer aes xsave avx f16c rdrand lahf_lm abm 3dnowprefetch cpuid_fault epb invpcid_single pti ssbd ibrs ibpb stibp tpr_shadow vnmi flexpriority ept vpid fsgsbase tsc_adjust bmi1 avx2 smep bmi2 erms invpcid mpx rdseed adx smap clflushopt intel_pt xsaveopt xsavec xgetbv1 xsaves dtherm ida arat pln pts hwp hwp_notify hwp_act_window hwp_epp flush_l1d
bugs		: cpu_meltdown spectre_v1 spectre_v2 spec_store_bypass l1tf
bogomips	: 3984.00
clflush size	: 64
cache_alignment	: 64
address sizes	: 39 bits physical, 48 bits virtual
power management:



Memory: 4k page, physical 8021540k(320640k free), swap 2097148k(2096124k free)

vm_info: Java HotSpot(TM) 64-Bit Server VM (25.201-b09) for linux-amd64 JRE (1.8.0_201-b09), built on Dec 15 2018 11:35:59 by "java_re" with gcc 7.3.0

time: Fri Mar 15 10:48:04 2019
timezone: IST
elapsed time: 0 seconds (0d 0h 0m 0s)

