#
# A fatal error has been detected by the Java Runtime Environment:
#
#  SIGSEGV (0xb) at pc=0x00007f17923e7783, pid=13583, tid=0x00007f17936fab80
#
# JRE version:  (8.0_201-b09) (build )
# Java VM: Java HotSpot(TM) 64-Bit Server VM (25.201-b09 mixed mode linux-amd64 compressed oops)
# Problematic frame:
# V  [libjvm.so+0x90b783]  SR_handler(int, siginfo*, ucontext*)+0x33
#
# Failed to write core dump. Core dumps have been disabled. To enable core dumping, try "ulimit -c unlimited" before starting Java again
#
# If you would like to submit a bug report, please visit:
#   http://bugreport.java.com/bugreport/crash.jsp
#

---------------  T H R E A D  ---------------

Current thread is native thread

siginfo: si_signo: 11 (SIGSEGV), si_code: 1 (SEGV_MAPERR), si_addr: 0x0000000000000128

Registers:
RAX=0x0000000000000000, RBX=0x00007f17936f9700, RCX=0x00007f17932dad2d, RDX=0x00007f17936faea0
RSP=0x00007ffd0924de00, RBP=0x00007ffd0924deb0, RSI=0x00007ffd0924dff0, RDI=0x0000000000000001
R8 =0x00000000000000ca, R9 =0x00007f17936f99d0, R10=0x0000000000000000, R11=0x0000000000000246
R12=0x00007f17936fab00, R13=0x0000000000000002, R14=0x00007ffd0924dff0, R15=0x00007ffd0924dec0
RIP=0x00007f17923e7783, EFLAGS=0x0000000000010246, CSGSFS=0x002b000000000033, ERR=0x0000000000000004
  TRAPNO=0x000000000000000e

Top of Stack: (sp=0x00007ffd0924de00)
0x00007ffd0924de00:   00007f1792adc75a 0000000000000000
0x00007ffd0924de10:   00007f1792ad69d0 0000ffff00001fa0
0x00007ffd0924de20:   0000000000000000 00007f1792c2c2df
0x00007ffd0924de30:   333835333124e360 c85c7b30c8e9ef00
0x00007ffd0924de40:   00007ffd0924de80 00007ffd0924de80
0x00007ffd0924de50:   000000000000003f 00007f1792636ca7
0x00007ffd0924de60:   00007ffd0924e018 0000000001b935c0
0x00007ffd0924de70:   00007ffd0924e0f0 00007f1792b4d910
0x00007ffd0924de80:   00000000fbad8001 00007f17936f9700
0x00007ffd0924de90:   0000000000000000 00007ffd0924e590
0x00007ffd0924dea0:   0000000000000000 0000000000000001
0x00007ffd0924deb0:   00007ffd0924e5f8 00007f17932e4890
0x00007ffd0924dec0:   0000000000000007 0000000000000000
0x00007ffd0924ded0:   0000000000000000 00007f1700000002
0x00007ffd0924dee0:   0000000000000000 00000000000000ca
0x00007ffd0924def0:   00007f17936f99d0 0000000000000000
0x00007ffd0924df00:   0000000000000246 0000000000000000
0x00007ffd0924df10:   00007ffd0924e590 0000000000000000
0x00007ffd0924df20:   0000000000000001 00007f17936f99d0
0x00007ffd0924df30:   0000000000000000 00007ffd0924e5f8
0x00007ffd0924df40:   00007f17936f9700 000000000000351e
0x00007ffd0924df50:   00000000000000ca 00007f17932dad2d
0x00007ffd0924df60:   00007ffd0924e580 00007f17932dad2b
0x00007ffd0924df70:   0000000000000246 002b000000000033
0x00007ffd0924df80:   0000000000000000 0000000000000000
0x00007ffd0924df90:   0000000000000000 0000000000000000
0x00007ffd0924dfa0:   00007ffd0924e080 00007ffd0924e0e8
0x00007ffd0924dfb0:   00007f17936fd748 00007f17936fc000
0x00007ffd0924dfc0:   0000000000000000 00007f17934fc1ef
0x00007ffd0924dfd0:   0000000000000004 00007f1793502754
0x00007ffd0924dfe0:   0000000000000001 0000000000000000
0x00007ffd0924dff0:   000000000000000c 00007f1700000000 

Instructions: (pc=0x00007f17923e7783)
0x00007f17923e7763:   48 81 ec 88 00 00 00 e8 81 1d 8f ff 44 8b 28 49
0x00007f17923e7773:   89 c4 48 8d 05 2c 61 68 00 8b 38 e8 15 2c 8f ff
0x00007f17923e7783:   48 8b 98 28 01 00 00 8b 83 a8 00 00 00 83 f8 01
0x00007f17923e7793:   74 1b 45 89 2c 24 48 81 c4 88 00 00 00 5b 41 5c 

Register to memory mapping:

RAX=0x0000000000000000 is an unknown value
RBX=0x00007f17936f9700 is an unknown value
RCX=0x00007f17932dad2d: <offset 0x8d2d> in /lib/x86_64-linux-gnu/libpthread.so.0 at 0x00007f17932d2000
RDX=0x00007f17936faea0 is an unknown value
RSP=0x00007ffd0924de00 is an unknown value
RBP=0x00007ffd0924deb0 is an unknown value
RSI=0x00007ffd0924dff0 is an unknown value
RDI=0x0000000000000001 is an unknown value
R8 =0x00000000000000ca is an unknown value
R9 =0x00007f17936f99d0 is an unknown value
R10=0x0000000000000000 is an unknown value
R11=0x0000000000000246 is an unknown value
R12=0x00007f17936fab00 is an unknown value
R13=0x0000000000000002 is an unknown value
R14=0x00007ffd0924dff0 is an unknown value
R15=0x00007ffd0924dec0 is an unknown value


Stack: [0x00007ffd09157000,0x00007ffd09257000],  sp=0x00007ffd0924de00,  free space=987k
Native frames: (J=compiled Java code, j=interpreted, Vv=VM code, C=native code)
V  [libjvm.so+0x90b783]  SR_handler(int, siginfo*, ucontext*)+0x33
C  [libpthread.so.0+0x12890]


---------------  P R O C E S S  ---------------

VM state:not at safepoint (normal execution)

VM Mutex/Monitor currently owned by a thread:  ([mutex/lock_event])
[0x00007f178c007e30] AdapterHandlerLibrary_lock - owner thread: 0x00007f178c00b000

heap address: 0x0000000085800000, size: 1960 MB, Compressed Oops mode: 32-bit
Narrow klass base: 0x0000000000000000, Narrow klass shift: 3
Compressed class space size: 1073741824 Address: 0x0000000100000000

Heap:
 PSYoungGen      total 36864K, used 634K [0x00000000d7300000, 0x00000000d9c00000, 0x0000000100000000)
  eden space 31744K, 2% used [0x00000000d7300000,0x00000000d739eb90,0x00000000d9200000)
  from space 5120K, 0% used [0x00000000d9700000,0x00000000d9700000,0x00000000d9c00000)
  to   space 5120K, 0% used [0x00000000d9200000,0x00000000d9200000,0x00000000d9700000)
 ParOldGen       total 84992K, used 0K [0x0000000085800000, 0x000000008ab00000, 0x00000000d7300000)
  object space 84992K, 0% used [0x0000000085800000,0x0000000085800000,0x000000008ab00000)
 Metaspace       used 778K, capacity 4480K, committed 4480K, reserved 1056768K
  class space    used 76K, capacity 384K, committed 384K, reserved 1048576K

Card table byte_map: [0x00007f177cc2b000,0x00007f177d000000] byte_map_base: 0x00007f177c7ff000

Marking Bits: (ParMarkBitMap*) 0x00007f1792aa7d80
 Begin Bits: [0x00007f17742c0000, 0x00007f1776160000)
 End Bits:   [0x00007f1776160000, 0x00007f1778000000)

Polling page: 0x00007f1793717000

CodeCache: size=245760Kb used=327Kb max_used=327Kb free=245432Kb
 bounds [0x00007f177d000000, 0x00007f177d270000, 0x00007f178c000000]
 total_blobs=56 nmethods=0 adapters=37
 compilation: enabled

Compilation events (0 events):
No events

GC Heap History (0 events):
No events

Deoptimization events (0 events):
No events

Classes redefined (0 events):
No events

Internal exceptions (0 events):
No events

Events (10 events):
Event: 0.013 loading class java/lang/AbstractStringBuilder done
Event: 0.013 loading class java/lang/StringBuffer done
Event: 0.013 loading class java/lang/StringBuilder
Event: 0.013 loading class java/lang/StringBuilder done
Event: 0.013 loading class sun/misc/Unsafe
Event: 0.013 loading class sun/misc/Unsafe done
Event: 0.013 loading class java/io/ByteArrayInputStream
Event: 0.013 loading class java/io/InputStream
Event: 0.013 loading class java/io/Closeable
Event: 0.013 loading class java/lang/AutoCloseable


Dynamic libraries:
00400000-00401000 r-xp 00000000 08:06 8013769                            /usr/lib/jvm/jdk1.8.0_201/bin/java
00600000-00601000 r--p 00000000 08:06 8013769                            /usr/lib/jvm/jdk1.8.0_201/bin/java
00601000-00602000 rw-p 00001000 08:06 8013769                            /usr/lib/jvm/jdk1.8.0_201/bin/java
01b93000-01bd7000 rw-p 00000000 00:00 0                                  [heap]
85800000-8ab00000 rw-p 00000000 00:00 0 
8ab00000-d7300000 ---p 00000000 00:00 0 
d7300000-d9c00000 rw-p 00000000 00:00 0 
d9c00000-100000000 ---p 00000000 00:00 0 
100000000-100060000 rw-p 00000000 00:00 0 
100060000-140000000 ---p 00000000 00:00 0 
7f1748000000-7f1748021000 rw-p 00000000 00:00 0 
7f1748021000-7f174c000000 ---p 00000000 00:00 0 
7f174c000000-7f174c021000 rw-p 00000000 00:00 0 
7f174c021000-7f1750000000 ---p 00000000 00:00 0 
7f1750000000-7f1750021000 rw-p 00000000 00:00 0 
7f1750021000-7f1754000000 ---p 00000000 00:00 0 
7f1758000000-7f1758021000 rw-p 00000000 00:00 0 
7f1758021000-7f175c000000 ---p 00000000 00:00 0 
7f1760000000-7f1760021000 rw-p 00000000 00:00 0 
7f1760021000-7f1764000000 ---p 00000000 00:00 0 
7f1768000000-7f1768021000 rw-p 00000000 00:00 0 
7f1768021000-7f176c000000 ---p 00000000 00:00 0 
7f176d9ed000-7f176fc00000 rw-p 00000000 00:00 0 
7f176fc00000-7f1770000000 ---p 00000000 00:00 0 
7f1770000000-7f1770021000 rw-p 00000000 00:00 0 
7f1770021000-7f1774000000 ---p 00000000 00:00 0 
7f177400d000-7f1774070000 rw-p 00000000 00:00 0 
7f1774070000-7f177424a000 r--s 03d6f000 08:06 10888034                   /usr/lib/jvm/jdk1.8.0_201/jre/lib/rt.jar
7f177424a000-7f1778000000 rw-p 00000000 00:00 0 
7f1778000000-7f1778021000 rw-p 00000000 00:00 0 
7f1778021000-7f177c000000 ---p 00000000 00:00 0 
7f177c000000-7f177c423000 rw-p 00000000 00:00 0 
7f177c423000-7f177c424000 ---p 00000000 00:00 0 
7f177c424000-7f177c524000 rw-p 00000000 00:00 0 
7f177c524000-7f177c525000 ---p 00000000 00:00 0 
7f177c525000-7f177c625000 rw-p 00000000 00:00 0 
7f177c625000-7f177c626000 ---p 00000000 00:00 0 
7f177c626000-7f177c726000 rw-p 00000000 00:00 0 
7f177c726000-7f177c727000 ---p 00000000 00:00 0 
7f177c727000-7f177c827000 rw-p 00000000 00:00 0 
7f177c827000-7f177c828000 ---p 00000000 00:00 0 
7f177c828000-7f177c928000 rw-p 00000000 00:00 0 
7f177c928000-7f177c929000 ---p 00000000 00:00 0 
7f177c929000-7f177ca29000 rw-p 00000000 00:00 0 
7f177ca29000-7f177ca2a000 ---p 00000000 00:00 0 
7f177ca2a000-7f177cb2a000 rw-p 00000000 00:00 0 
7f177cb2a000-7f177cb2b000 ---p 00000000 00:00 0 
7f177cb2b000-7f177cc55000 rw-p 00000000 00:00 0 
7f177cc55000-7f177ceb8000 ---p 00000000 00:00 0 
7f177ceb8000-7f177cecd000 rw-p 00000000 00:00 0 
7f177cecd000-7f177cfff000 ---p 00000000 00:00 0 
7f177cfff000-7f177d000000 rw-p 00000000 00:00 0 
7f177d000000-7f177d270000 rwxp 00000000 00:00 0 
7f177d270000-7f178c000000 ---p 00000000 00:00 0 
7f178c000000-7f178c083000 rw-p 00000000 00:00 0 
7f178c083000-7f1790000000 ---p 00000000 00:00 0 
7f179000a000-7f1790076000 rw-p 00000000 00:00 0 
7f1790076000-7f17902da000 ---p 00000000 00:00 0 
7f17902da000-7f17902e4000 rw-p 00000000 00:00 0 
7f17902e4000-7f179069a000 ---p 00000000 00:00 0 
7f179069a000-7f17906b5000 r-xp 00000000 08:06 10888324                   /usr/lib/jvm/jdk1.8.0_201/jre/lib/amd64/libzip.so
7f17906b5000-7f17908b4000 ---p 0001b000 08:06 10888324                   /usr/lib/jvm/jdk1.8.0_201/jre/lib/amd64/libzip.so
7f17908b4000-7f17908b5000 r--p 0001a000 08:06 10888324                   /usr/lib/jvm/jdk1.8.0_201/jre/lib/amd64/libzip.so
7f17908b5000-7f17908b6000 rw-p 0001b000 08:06 10888324                   /usr/lib/jvm/jdk1.8.0_201/jre/lib/amd64/libzip.so
7f17908b6000-7f17908c1000 r-xp 00000000 08:06 3937066                    /lib/x86_64-linux-gnu/libnss_files-2.27.so
7f17908c1000-7f1790ac0000 ---p 0000b000 08:06 3937066                    /lib/x86_64-linux-gnu/libnss_files-2.27.so
7f1790ac0000-7f1790ac1000 r--p 0000a000 08:06 3937066                    /lib/x86_64-linux-gnu/libnss_files-2.27.so
7f1790ac1000-7f1790ac2000 rw-p 0000b000 08:06 3937066                    /lib/x86_64-linux-gnu/libnss_files-2.27.so
7f1790ac2000-7f1790ac8000 rw-p 00000000 00:00 0 
7f1790ac8000-7f1790adf000 r-xp 00000000 08:06 3937060                    /lib/x86_64-linux-gnu/libnsl-2.27.so
7f1790adf000-7f1790cde000 ---p 00017000 08:06 3937060                    /lib/x86_64-linux-gnu/libnsl-2.27.so
7f1790cde000-7f1790cdf000 r--p 00016000 08:06 3937060                    /lib/x86_64-linux-gnu/libnsl-2.27.so
7f1790cdf000-7f1790ce0000 rw-p 00017000 08:06 3937060                    /lib/x86_64-linux-gnu/libnsl-2.27.so
7f1790ce0000-7f1790ce2000 rw-p 00000000 00:00 0 
7f1790ce2000-7f1790ced000 r-xp 00000000 08:06 3937077                    /lib/x86_64-linux-gnu/libnss_nis-2.27.so
7f1790ced000-7f1790eec000 ---p 0000b000 08:06 3937077                    /lib/x86_64-linux-gnu/libnss_nis-2.27.so
7f1790eec000-7f1790eed000 r--p 0000a000 08:06 3937077                    /lib/x86_64-linux-gnu/libnss_nis-2.27.so
7f1790eed000-7f1790eee000 rw-p 0000b000 08:06 3937077                    /lib/x86_64-linux-gnu/libnss_nis-2.27.so
7f1790eee000-7f1790ef6000 r-xp 00000000 08:06 3937062                    /lib/x86_64-linux-gnu/libnss_compat-2.27.so
7f1790ef6000-7f17910f6000 ---p 00008000 08:06 3937062                    /lib/x86_64-linux-gnu/libnss_compat-2.27.so
7f17910f6000-7f17910f7000 r--p 00008000 08:06 3937062                    /lib/x86_64-linux-gnu/libnss_compat-2.27.so
7f17910f7000-7f17910f8000 rw-p 00009000 08:06 3937062                    /lib/x86_64-linux-gnu/libnss_compat-2.27.so
7f17910f8000-7f1791124000 r-xp 00000000 08:06 10888318                   /usr/lib/jvm/jdk1.8.0_201/jre/lib/amd64/libjava.so
7f1791124000-7f1791324000 ---p 0002c000 08:06 10888318                   /usr/lib/jvm/jdk1.8.0_201/jre/lib/amd64/libjava.so
7f1791324000-7f1791325000 r--p 0002c000 08:06 10888318                   /usr/lib/jvm/jdk1.8.0_201/jre/lib/amd64/libjava.so
7f1791325000-7f1791327000 rw-p 0002d000 08:06 10888318                   /usr/lib/jvm/jdk1.8.0_201/jre/lib/amd64/libjava.so
7f1791327000-7f1791334000 r-xp 00000000 08:06 10888323                   /usr/lib/jvm/jdk1.8.0_201/jre/lib/amd64/libverify.so
7f1791334000-7f1791533000 ---p 0000d000 08:06 10888323                   /usr/lib/jvm/jdk1.8.0_201/jre/lib/amd64/libverify.so
7f1791533000-7f1791535000 r--p 0000c000 08:06 10888323                   /usr/lib/jvm/jdk1.8.0_201/jre/lib/amd64/libverify.so
7f1791535000-7f1791536000 rw-p 0000e000 08:06 10888323                   /usr/lib/jvm/jdk1.8.0_201/jre/lib/amd64/libverify.so
7f1791536000-7f179153d000 r-xp 00000000 08:06 3937117                    /lib/x86_64-linux-gnu/librt-2.27.so
7f179153d000-7f179173c000 ---p 00007000 08:06 3937117                    /lib/x86_64-linux-gnu/librt-2.27.so
7f179173c000-7f179173d000 r--p 00006000 08:06 3937117                    /lib/x86_64-linux-gnu/librt-2.27.so
7f179173d000-7f179173e000 rw-p 00007000 08:06 3937117                    /lib/x86_64-linux-gnu/librt-2.27.so
7f179173e000-7f17918db000 r-xp 00000000 08:06 3937039                    /lib/x86_64-linux-gnu/libm-2.27.so
7f17918db000-7f1791ada000 ---p 0019d000 08:06 3937039                    /lib/x86_64-linux-gnu/libm-2.27.so
7f1791ada000-7f1791adb000 r--p 0019c000 08:06 3937039                    /lib/x86_64-linux-gnu/libm-2.27.so
7f1791adb000-7f1791adc000 rw-p 0019d000 08:06 3937039                    /lib/x86_64-linux-gnu/libm-2.27.so
7f1791adc000-7f17927c4000 r-xp 00000000 08:06 10888346                   /usr/lib/jvm/jdk1.8.0_201/jre/lib/amd64/server/libjvm.so
7f17927c4000-7f17929c3000 ---p 00ce8000 08:06 10888346                   /usr/lib/jvm/jdk1.8.0_201/jre/lib/amd64/server/libjvm.so
7f17929c3000-7f1792a59000 r--p 00ce7000 08:06 10888346                   /usr/lib/jvm/jdk1.8.0_201/jre/lib/amd64/server/libjvm.so
7f1792a59000-7f1792a8a000 rw-p 00d7d000 08:06 10888346                   /usr/lib/jvm/jdk1.8.0_201/jre/lib/amd64/server/libjvm.so
7f1792a8a000-7f1792ac5000 rw-p 00000000 00:00 0 
7f1792ac5000-7f1792cac000 r-xp 00000000 08:06 3936976                    /lib/x86_64-linux-gnu/libc-2.27.so
7f1792cac000-7f1792eac000 ---p 001e7000 08:06 3936976                    /lib/x86_64-linux-gnu/libc-2.27.so
7f1792eac000-7f1792eb0000 r--p 001e7000 08:06 3936976                    /lib/x86_64-linux-gnu/libc-2.27.so
7f1792eb0000-7f1792eb2000 rw-p 001eb000 08:06 3936976                    /lib/x86_64-linux-gnu/libc-2.27.so
7f1792eb2000-7f1792eb6000 rw-p 00000000 00:00 0 
7f1792eb6000-7f1792eb9000 r-xp 00000000 08:06 3936999                    /lib/x86_64-linux-gnu/libdl-2.27.so
7f1792eb9000-7f17930b8000 ---p 00003000 08:06 3936999                    /lib/x86_64-linux-gnu/libdl-2.27.so
7f17930b8000-7f17930b9000 r--p 00002000 08:06 3936999                    /lib/x86_64-linux-gnu/libdl-2.27.so
7f17930b9000-7f17930ba000 rw-p 00003000 08:06 3936999                    /lib/x86_64-linux-gnu/libdl-2.27.so
7f17930ba000-7f17930d1000 r-xp 00000000 08:06 9054391                    /usr/lib/jvm/jdk1.8.0_201/lib/amd64/jli/libjli.so
7f17930d1000-7f17932d0000 ---p 00017000 08:06 9054391                    /usr/lib/jvm/jdk1.8.0_201/lib/amd64/jli/libjli.so
7f17932d0000-7f17932d1000 r--p 00016000 08:06 9054391                    /usr/lib/jvm/jdk1.8.0_201/lib/amd64/jli/libjli.so
7f17932d1000-7f17932d2000 rw-p 00017000 08:06 9054391                    /usr/lib/jvm/jdk1.8.0_201/lib/amd64/jli/libjli.so
7f17932d2000-7f17932ec000 r-xp 00000000 08:06 3937109                    /lib/x86_64-linux-gnu/libpthread-2.27.so
7f17932ec000-7f17934eb000 ---p 0001a000 08:06 3937109                    /lib/x86_64-linux-gnu/libpthread-2.27.so
7f17934eb000-7f17934ec000 r--p 00019000 08:06 3937109                    /lib/x86_64-linux-gnu/libpthread-2.27.so
7f17934ec000-7f17934ed000 rw-p 0001a000 08:06 3937109                    /lib/x86_64-linux-gnu/libpthread-2.27.so
7f17934ed000-7f17934f1000 rw-p 00000000 00:00 0 
7f17934f1000-7f1793518000 r-xp 00000000 08:06 3936948                    /lib/x86_64-linux-gnu/ld-2.27.so
7f179352e000-7f17935f9000 rw-p 00000000 00:00 0 
7f17935f9000-7f17935fa000 ---p 00000000 00:00 0 
7f17935fa000-7f17935fd000 ---p 00000000 00:00 0 
7f17935fd000-7f17936fe000 rw-p 00000000 00:00 0 
7f179370e000-7f1793716000 rw-s 00000000 08:06 13139526                   /tmp/hsperfdata_ermicho/13583
7f1793716000-7f1793717000 rw-p 00000000 00:00 0 
7f1793717000-7f1793718000 r--p 00000000 00:00 0 
7f1793718000-7f1793719000 r--p 00027000 08:06 3936948                    /lib/x86_64-linux-gnu/ld-2.27.so
7f1793719000-7f179371a000 rw-p 00028000 08:06 3936948                    /lib/x86_64-linux-gnu/ld-2.27.so
7f179371a000-7f179371b000 rw-p 00000000 00:00 0 
7ffd09234000-7ffd09257000 rw-p 00000000 00:00 0                          [stack]
7ffd09277000-7ffd0927a000 r--p 00000000 00:00 0                          [vvar]
7ffd0927a000-7ffd0927c000 r-xp 00000000 00:00 0                          [vdso]
ffffffffff600000-ffffffffff601000 r-xp 00000000 00:00 0                  [vsyscall]

VM Arguments:
jvm_args: -Dorg.gradle.appname=gradlew 
java_command: org.gradle.wrapper.GradleWrapperMain app:installDebug
java_class_path (initial): /home/ermicho/projects/react-native/PropertyFinder/android/gradle/wrapper/gradle-wrapper.jar
Launcher Type: SUN_STANDARD

Environment Variables:
JAVA_HOME=/usr/lib/jvm/jdk1.8.0_201
PATH=/home/ermicho/projects/react-native/PropertyFinder/node_modules/.bin:/usr/local/lib/node_modules/npm/node_modules/npm-lifecycle/node-gyp-bin:/home/ermicho/projects/react-native/PropertyFinder/node_modules/.bin:/usr/local/sbin:/usr/local/bin:/usr/sbin:/usr/bin:/sbin:/bin:/usr/games:/usr/local/games:/snap/bin:/home/ermicho/Android/Sdk/tools:/home/ermicho/Android/Sdk/tools/bin:/home/ermicho/Android/Sdk/platform-tools:/home/ermicho/Android/Sdk/emulator:/home/ermicho/Android/Sdk/tools/bin:/home/ermicho/Android/Sdk/platform-tools
USERNAME=ermicho
SHELL=/bin/bash
DISPLAY=:0

Signal Handlers:
SIGSEGV: [libjvm.so+0xad3e60], sa_mask[0]=11111111011111111101111111111110, sa_flags=SA_RESTART|SA_SIGINFO
SIGBUS: [libjvm.so+0xad3e60], sa_mask[0]=11111111011111111101111111111110, sa_flags=SA_RESTART|SA_SIGINFO
SIGFPE: [libjvm.so+0x90b880], sa_mask[0]=11111111011111111101111111111110, sa_flags=SA_RESTART|SA_SIGINFO
SIGPIPE: [libjvm.so+0x90b880], sa_mask[0]=11111111011111111101111111111110, sa_flags=SA_RESTART|SA_SIGINFO
SIGXFSZ: [libjvm.so+0x90b880], sa_mask[0]=11111111011111111101111111111110, sa_flags=SA_RESTART|SA_SIGINFO
SIGILL: [libjvm.so+0x90b880], sa_mask[0]=11111111011111111101111111111110, sa_flags=SA_RESTART|SA_SIGINFO
SIGUSR1: SIG_DFL, sa_mask[0]=00000000000000000000000000000000, sa_flags=none
SIGUSR2: [libjvm.so+0x90b750], sa_mask[0]=00000000000000000000000000000000, sa_flags=SA_RESTART|SA_SIGINFO
SIGHUP: SIG_DFL, sa_mask[0]=00000000000000000000000000000000, sa_flags=none
SIGINT: SIG_DFL, sa_mask[0]=00000000000000000000000000000000, sa_flags=none
SIGTERM: SIG_DFL, sa_mask[0]=00000000000000000000000000000000, sa_flags=none
SIGQUIT: SIG_DFL, sa_mask[0]=00000000000000000000000000000000, sa_flags=none


---------------  S Y S T E M  ---------------

OS:DISTRIB_ID=Ubuntu
DISTRIB_RELEASE=18.04
DISTRIB_CODENAME=bionic
DISTRIB_DESCRIPTION="Ubuntu 18.04.2 LTS"

uname:Linux 4.15.0-46-generic #49-Ubuntu SMP Wed Feb 6 09:33:07 UTC 2019 x86_64
libc:glibc 2.27 NPTL 2.27 
rlimit: STACK 8192k, CORE 0k, NPROC 30710, NOFILE 4096, AS infinity
load average:0.41 1.24 1.26

/proc/meminfo:
MemTotal:        8021540 kB
MemFree:         1244280 kB
MemAvailable:    2363348 kB
Buffers:           20328 kB
Cached:          2289128 kB
SwapCached:            0 kB
Active:          4681160 kB
Inactive:        1643736 kB
Active(anon):    4039784 kB
Inactive(anon):  1004148 kB
Active(file):     641376 kB
Inactive(file):   639588 kB
Unevictable:         344 kB
Mlocked:             344 kB
SwapTotal:       2097148 kB
SwapFree:        2097148 kB
Dirty:             22292 kB
Writeback:             0 kB
AnonPages:       4016472 kB
Mapped:          1119576 kB
Shmem:           1036292 kB
Slab:             209636 kB
SReclaimable:     122928 kB
SUnreclaim:        86708 kB
KernelStack:       24340 kB
PageTables:        93400 kB
NFS_Unstable:          0 kB
Bounce:                0 kB
WritebackTmp:          0 kB
CommitLimit:     6107916 kB
Committed_AS:   16382292 kB
VmallocTotal:   34359738367 kB
VmallocUsed:           0 kB
VmallocChunk:          0 kB
HardwareCorrupted:     0 kB
AnonHugePages:         0 kB
ShmemHugePages:        0 kB
ShmemPmdMapped:        0 kB
CmaTotal:              0 kB
CmaFree:               0 kB
HugePages_Total:       0
HugePages_Free:        0
HugePages_Rsvd:        0
HugePages_Surp:        0
Hugepagesize:       2048 kB
DirectMap4k:      312772 kB
DirectMap2M:     7929856 kB
DirectMap1G:     1048576 kB

container (cgroup) information:
container_type: cgroupv1
cpu_cpuset_cpus: 0-7
cpu_memory_nodes: 0
active_processor_count: 8
cpu_quota: -1
cpu_period: 100000
cpu_shares: -1
memory_limit_in_bytes: -1
memory_and_swap_limit_in_bytes: -2
memory_soft_limit_in_bytes: -1
memory_usage_in_bytes: 6478630912
memory_max_usage_in_bytes: 6107136


CPU:total 8 (initial active 8) (4 cores per cpu, 2 threads per core) family 6 model 142 stepping 10, cmov, cx8, fxsr, mmx, sse, sse2, sse3, ssse3, sse4.1, sse4.2, popcnt, avx, avx2, aes, clmul, erms, 3dnowpref, lzcnt, ht, tsc, tscinvbit, bmi1, bmi2, adx

/proc/cpuinfo:
processor	: 0
vendor_id	: GenuineIntel
cpu family	: 6
model		: 142
model name	: Intel(R) Core(TM) i7-8550U CPU @ 1.80GHz
stepping	: 10
microcode	: 0x96
cpu MHz		: 3266.044
cache size	: 8192 KB
physical id	: 0
siblings	: 8
core id		: 0
cpu cores	: 4
apicid		: 0
initial apicid	: 0
fpu		: yes
fpu_exception	: yes
cpuid level	: 22
wp		: yes
flags		: fpu vme de pse tsc msr pae mce cx8 apic sep mtrr pge mca cmov pat pse36 clflush dts acpi mmx fxsr sse sse2 ss ht tm pbe syscall nx pdpe1gb rdtscp lm constant_tsc art arch_perfmon pebs bts rep_good nopl xtopology nonstop_tsc cpuid aperfmperf tsc_known_freq pni pclmulqdq dtes64 monitor ds_cpl vmx est tm2 ssse3 sdbg fma cx16 xtpr pdcm pcid sse4_1 sse4_2 x2apic movbe popcnt tsc_deadline_timer aes xsave avx f16c rdrand lahf_lm abm 3dnowprefetch cpuid_fault epb invpcid_single pti ssbd ibrs ibpb stibp tpr_shadow vnmi flexpriority ept vpid fsgsbase tsc_adjust bmi1 avx2 smep bmi2 erms invpcid mpx rdseed adx smap clflushopt intel_pt xsaveopt xsavec xgetbv1 xsaves dtherm ida arat pln pts hwp hwp_notify hwp_act_window hwp_epp flush_l1d
bugs		: cpu_meltdown spectre_v1 spectre_v2 spec_store_bypass l1tf
bogomips	: 3984.00
clflush size	: 64
cache_alignment	: 64
address sizes	: 39 bits physical, 48 bits virtual
power management:

processor	: 1
vendor_id	: GenuineIntel
cpu family	: 6
model		: 142
model name	: Intel(R) Core(TM) i7-8550U CPU @ 1.80GHz
stepping	: 10
microcode	: 0x96
cpu MHz		: 3223.598
cache size	: 8192 KB
physical id	: 0
siblings	: 8
core id		: 1
cpu cores	: 4
apicid		: 2
initial apicid	: 2
fpu		: yes
fpu_exception	: yes
cpuid level	: 22
wp		: yes
flags		: fpu vme de pse tsc msr pae mce cx8 apic sep mtrr pge mca cmov pat pse36 clflush dts acpi mmx fxsr sse sse2 ss ht tm pbe syscall nx pdpe1gb rdtscp lm constant_tsc art arch_perfmon pebs bts rep_good nopl xtopology nonstop_tsc cpuid aperfmperf tsc_known_freq pni pclmulqdq dtes64 monitor ds_cpl vmx est tm2 ssse3 sdbg fma cx16 xtpr pdcm pcid sse4_1 sse4_2 x2apic movbe popcnt tsc_deadline_timer aes xsave avx f16c rdrand lahf_lm abm 3dnowprefetch cpuid_fault epb invpcid_single pti ssbd ibrs ibpb stibp tpr_shadow vnmi flexpriority ept vpid fsgsbase tsc_adjust bmi1 avx2 smep bmi2 erms invpcid mpx rdseed adx smap clflushopt intel_pt xsaveopt xsavec xgetbv1 xsaves dtherm ida arat pln pts hwp hwp_notify hwp_act_window hwp_epp flush_l1d
bugs		: cpu_meltdown spectre_v1 spectre_v2 spec_store_bypass l1tf
bogomips	: 3984.00
clflush size	: 64
cache_alignment	: 64
address sizes	: 39 bits physical, 48 bits virtual
power management:

processor	: 2
vendor_id	: GenuineIntel
cpu family	: 6
model		: 142
model name	: Intel(R) Core(TM) i7-8550U CPU @ 1.80GHz
stepping	: 10
microcode	: 0x96
cpu MHz		: 3229.672
cache size	: 8192 KB
physical id	: 0
siblings	: 8
core id		: 2
cpu cores	: 4
apicid		: 4
initial apicid	: 4
fpu		: yes
fpu_exception	: yes
cpuid level	: 22
wp		: yes
flags		: fpu vme de pse tsc msr pae mce cx8 apic sep mtrr pge mca cmov pat pse36 clflush dts acpi mmx fxsr sse sse2 ss ht tm pbe syscall nx pdpe1gb rdtscp lm constant_tsc art arch_perfmon pebs bts rep_good nopl xtopology nonstop_tsc cpuid aperfmperf tsc_known_freq pni pclmulqdq dtes64 monitor ds_cpl vmx est tm2 ssse3 sdbg fma cx16 xtpr pdcm pcid sse4_1 sse4_2 x2apic movbe popcnt tsc_deadline_timer aes xsave avx f16c rdrand lahf_lm abm 3dnowprefetch cpuid_fault epb invpcid_single pti ssbd ibrs ibpb stibp tpr_shadow vnmi flexpriority ept vpid fsgsbase tsc_adjust bmi1 avx2 smep bmi2 erms invpcid mpx rdseed adx smap clflushopt intel_pt xsaveopt xsavec xgetbv1 xsaves dtherm ida arat pln pts hwp hwp_notify hwp_act_window hwp_epp flush_l1d
bugs		: cpu_meltdown spectre_v1 spectre_v2 spec_store_bypass l1tf
bogomips	: 3984.00
clflush size	: 64
cache_alignment	: 64
address sizes	: 39 bits physical, 48 bits virtual
power management:

processor	: 3
vendor_id	: GenuineIntel
cpu family	: 6
model		: 142
model name	: Intel(R) Core(TM) i7-8550U CPU @ 1.80GHz
stepping	: 10
microcode	: 0x96
cpu MHz		: 3220.308
cache size	: 8192 KB
physical id	: 0
siblings	: 8
core id		: 3
cpu cores	: 4
apicid		: 6
initial apicid	: 6
fpu		: yes
fpu_exception	: yes
cpuid level	: 22
wp		: yes
flags		: fpu vme de pse tsc msr pae mce cx8 apic sep mtrr pge mca cmov pat pse36 clflush dts acpi mmx fxsr sse sse2 ss ht tm pbe syscall nx pdpe1gb rdtscp lm constant_tsc art arch_perfmon pebs bts rep_good nopl xtopology nonstop_tsc cpuid aperfmperf tsc_known_freq pni pclmulqdq dtes64 monitor ds_cpl vmx est tm2 ssse3 sdbg fma cx16 xtpr pdcm pcid sse4_1 sse4_2 x2apic movbe popcnt tsc_deadline_timer aes xsave avx f16c rdrand lahf_lm abm 3dnowprefetch cpuid_fault epb invpcid_single pti ssbd ibrs ibpb stibp tpr_shadow vnmi flexpriority ept vpid fsgsbase tsc_adjust bmi1 avx2 smep bmi2 erms invpcid mpx rdseed adx smap clflushopt intel_pt xsaveopt xsavec xgetbv1 xsaves dtherm ida arat pln pts hwp hwp_notify hwp_act_window hwp_epp flush_l1d
bugs		: cpu_meltdown spectre_v1 spectre_v2 spec_store_bypass l1tf
bogomips	: 3984.00
clflush size	: 64
cache_alignment	: 64
address sizes	: 39 bits physical, 48 bits virtual
power management:

processor	: 4
vendor_id	: GenuineIntel
cpu family	: 6
model		: 142
model name	: Intel(R) Core(TM) i7-8550U CPU @ 1.80GHz
stepping	: 10
microcode	: 0x96
cpu MHz		: 3221.288
cache size	: 8192 KB
physical id	: 0
siblings	: 8
core id		: 0
cpu cores	: 4
apicid		: 1
initial apicid	: 1
fpu		: yes
fpu_exception	: yes
cpuid level	: 22
wp		: yes
flags		: fpu vme de pse tsc msr pae mce cx8 apic sep mtrr pge mca cmov pat pse36 clflush dts acpi mmx fxsr sse sse2 ss ht tm pbe syscall nx pdpe1gb rdtscp lm constant_tsc art arch_perfmon pebs bts rep_good nopl xtopology nonstop_tsc cpuid aperfmperf tsc_known_freq pni pclmulqdq dtes64 monitor ds_cpl vmx est tm2 ssse3 sdbg fma cx16 xtpr pdcm pcid sse4_1 sse4_2 x2apic movbe popcnt tsc_deadline_timer aes xsave avx f16c rdrand lahf_lm abm 3dnowprefetch cpuid_fault epb invpcid_single pti ssbd ibrs ibpb stibp tpr_shadow vnmi flexpriority ept vpid fsgsbase tsc_adjust bmi1 avx2 smep bmi2 erms invpcid mpx rdseed adx smap clflushopt intel_pt xsaveopt xsavec xgetbv1 xsaves dtherm ida arat pln pts hwp hwp_notify hwp_act_window hwp_epp flush_l1d
bugs		: cpu_meltdown spectre_v1 spectre_v2 spec_store_bypass l1tf
bogomips	: 3984.00
clflush size	: 64
cache_alignment	: 64
address sizes	: 39 bits physical, 48 bits virtual
power management:

processor	: 5
vendor_id	: GenuineIntel
cpu family	: 6
model		: 142
model name	: Intel(R) Core(TM) i7-8550U CPU @ 1.80GHz
stepping	: 10
microcode	: 0x96
cpu MHz		: 3242.464
cache size	: 8192 KB
physical id	: 0
siblings	: 8
core id		: 1
cpu cores	: 4
apicid		: 3
initial apicid	: 3
fpu		: yes
fpu_exception	: yes
cpuid level	: 22
wp		: yes
flags		: fpu vme de pse tsc msr pae mce cx8 apic sep mtrr pge mca cmov pat pse36 clflush dts acpi mmx fxsr sse sse2 ss ht tm pbe syscall nx pdpe1gb rdtscp lm constant_tsc art arch_perfmon pebs bts rep_good nopl xtopology nonstop_tsc cpuid aperfmperf tsc_known_freq pni pclmulqdq dtes64 monitor ds_cpl vmx est tm2 ssse3 sdbg fma cx16 xtpr pdcm pcid sse4_1 sse4_2 x2apic movbe popcnt tsc_deadline_timer aes xsave avx f16c rdrand lahf_lm abm 3dnowprefetch cpuid_fault epb invpcid_single pti ssbd ibrs ibpb stibp tpr_shadow vnmi flexpriority ept vpid fsgsbase tsc_adjust bmi1 avx2 smep bmi2 erms invpcid mpx rdseed adx smap clflushopt intel_pt xsaveopt xsavec xgetbv1 xsaves dtherm ida arat pln pts hwp hwp_notify hwp_act_window hwp_epp flush_l1d
bugs		: cpu_meltdown spectre_v1 spectre_v2 spec_store_bypass l1tf
bogomips	: 3984.00
clflush size	: 64
cache_alignment	: 64
address sizes	: 39 bits physical, 48 bits virtual
power management:

processor	: 6
vendor_id	: GenuineIntel
cpu family	: 6
model		: 142
model name	: Intel(R) Core(TM) i7-8550U CPU @ 1.80GHz
stepping	: 10
microcode	: 0x96
cpu MHz		: 3280.188
cache size	: 8192 KB
physical id	: 0
siblings	: 8
core id		: 2
cpu cores	: 4
apicid		: 5
initial apicid	: 5
fpu		: yes
fpu_exception	: yes
cpuid level	: 22
wp		: yes
flags		: fpu vme de pse tsc msr pae mce cx8 apic sep mtrr pge mca cmov pat pse36 clflush dts acpi mmx fxsr sse sse2 ss ht tm pbe syscall nx pdpe1gb rdtscp lm constant_tsc art arch_perfmon pebs bts rep_good nopl xtopology nonstop_tsc cpuid aperfmperf tsc_known_freq pni pclmulqdq dtes64 monitor ds_cpl vmx est tm2 ssse3 sdbg fma cx16 xtpr pdcm pcid sse4_1 sse4_2 x2apic movbe popcnt tsc_deadline_timer aes xsave avx f16c rdrand lahf_lm abm 3dnowprefetch cpuid_fault epb invpcid_single pti ssbd ibrs ibpb stibp tpr_shadow vnmi flexpriority ept vpid fsgsbase tsc_adjust bmi1 avx2 smep bmi2 erms invpcid mpx rdseed adx smap clflushopt intel_pt xsaveopt xsavec xgetbv1 xsaves dtherm ida arat pln pts hwp hwp_notify hwp_act_window hwp_epp flush_l1d
bugs		: cpu_meltdown spectre_v1 spectre_v2 spec_store_bypass l1tf
bogomips	: 3984.00
clflush size	: 64
cache_alignment	: 64
address sizes	: 39 bits physical, 48 bits virtual
power management:

processor	: 7
vendor_id	: GenuineIntel
cpu family	: 6
model		: 142
model name	: Intel(R) Core(TM) i7-8550U CPU @ 1.80GHz
stepping	: 10
microcode	: 0x96
cpu MHz		: 3276.180
cache size	: 8192 KB
physical id	: 0
siblings	: 8
core id		: 3
cpu cores	: 4
apicid		: 7
initial apicid	: 7
fpu		: yes
fpu_exception	: yes
cpuid level	: 22
wp		: yes
flags		: fpu vme de pse tsc msr pae mce cx8 apic sep mtrr pge mca cmov pat pse36 clflush dts acpi mmx fxsr sse sse2 ss ht tm pbe syscall nx pdpe1gb rdtscp lm constant_tsc art arch_perfmon pebs bts rep_good nopl xtopology nonstop_tsc cpuid aperfmperf tsc_known_freq pni pclmulqdq dtes64 monitor ds_cpl vmx est tm2 ssse3 sdbg fma cx16 xtpr pdcm pcid sse4_1 sse4_2 x2apic movbe popcnt tsc_deadline_timer aes xsave avx f16c rdrand lahf_lm abm 3dnowprefetch cpuid_fault epb invpcid_single pti ssbd ibrs ibpb stibp tpr_shadow vnmi flexpriority ept vpid fsgsbase tsc_adjust bmi1 avx2 smep bmi2 erms invpcid mpx rdseed adx smap clflushopt intel_pt xsaveopt xsavec xgetbv1 xsaves dtherm ida arat pln pts hwp hwp_notify hwp_act_window hwp_epp flush_l1d
bugs		: cpu_meltdown spectre_v1 spectre_v2 spec_store_bypass l1tf
bogomips	: 3984.00
clflush size	: 64
cache_alignment	: 64
address sizes	: 39 bits physical, 48 bits virtual
power management:



Memory: 4k page, physical 8021540k(1243792k free), swap 2097148k(2097148k free)

vm_info: Java HotSpot(TM) 64-Bit Server VM (25.201-b09) for linux-amd64 JRE (1.8.0_201-b09), built on Dec 15 2018 11:35:59 by "java_re" with gcc 7.3.0

time: Fri Mar 15 22:26:47 2019
timezone: IST
elapsed time: 0 seconds (0d 0h 0m 0s)

