#
# A fatal error has been detected by the Java Runtime Environment:
#
#  SIGSEGV (0xb) at pc=0x00007fe84fa7c783, pid=7755, tid=0x00007fe850d8fb80
#
# JRE version: Java(TM) SE Runtime Environment (8.0_201-b09) (build 1.8.0_201-b09)
# Java VM: Java HotSpot(TM) 64-Bit Server VM (25.201-b09 mixed mode linux-amd64 compressed oops)
# Problematic frame:
# V  [libjvm.so+0x90b783]  SR_handler(int, siginfo*, ucontext*)+0x33
#
# Failed to write core dump. Core dumps have been disabled. To enable core dumping, try "ulimit -c unlimited" before starting Java again
#
# If you would like to submit a bug report, please visit:
#   http://bugreport.java.com/bugreport/crash.jsp
#

---------------  T H R E A D  ---------------

Current thread is native thread

siginfo: si_signo: 11 (SIGSEGV), si_code: 1 (SEGV_MAPERR), si_addr: 0x0000000000000128

Registers:
RAX=0x0000000000000000, RBX=0x00007fe850d8e700, RCX=0x00007fe85096fd2d, RDX=0x00007fe850d8fea0
RSP=0x00007ffeea881500, RBP=0x00007ffeea8815b0, RSI=0x00007ffeea8816f0, RDI=0x0000000000000001
R8 =0x00000000000000ca, R9 =0x00007fe850d8e9d0, R10=0x0000000000000000, R11=0x0000000000000246
R12=0x00007fe850d8fb00, R13=0x0000000000000002, R14=0x00007ffeea8816f0, R15=0x00007ffeea8815c0
RIP=0x00007fe84fa7c783, EFLAGS=0x0000000000010246, CSGSFS=0x002b000000000033, ERR=0x0000000000000004
  TRAPNO=0x000000000000000e

Top of Stack: (sp=0x00007ffeea881500)
0x00007ffeea881500:   00007fe85017175a 0000000000000000
0x00007ffeea881510:   00007fe85016b9d0 0000ffff00001fa0
0x00007ffeea881520:   0000000000000000 00007fe8502c12df
0x00007ffeea881530:   35353737ea881a60 cbe3cae53e2f2a00
0x00007ffeea881540:   00007ffeea881580 00007ffeea881580
0x00007ffeea881550:   000000000000003f 00007fe84fccbca7
0x00007ffeea881560:   00007ffeea881718 00000000017bb5c0
0x00007ffeea881570:   00007ffeea8817f0 00007fe8501e2910
0x00007ffeea881580:   00000000fbad8001 00007fe850d8e700
0x00007ffeea881590:   0000000000000000 00007ffeea881c90
0x00007ffeea8815a0:   0000000000000000 0000000000000001
0x00007ffeea8815b0:   00007ffeea881cf8 00007fe850979890
0x00007ffeea8815c0:   0000000000000007 0000000000000000
0x00007ffeea8815d0:   0000000000000000 00007fe800000002
0x00007ffeea8815e0:   0000000000000000 00000000000000ca
0x00007ffeea8815f0:   00007fe850d8e9d0 0000000000000000
0x00007ffeea881600:   0000000000000246 0000000000000000
0x00007ffeea881610:   00007ffeea881c90 0000000000000000
0x00007ffeea881620:   0000000000000001 00007fe850d8e9d0
0x00007ffeea881630:   0000000000000000 00007ffeea881cf8
0x00007ffeea881640:   00007fe850d8e700 0000000000001e56
0x00007ffeea881650:   00000000000000ca 00007fe85096fd2d
0x00007ffeea881660:   00007ffeea881c80 00007fe85096fd2b
0x00007ffeea881670:   0000000000000246 002b000000000033
0x00007ffeea881680:   0000000000000000 0000000000000000
0x00007ffeea881690:   0000000000000000 0000000000000000
0x00007ffeea8816a0:   00007ffeea881780 00007ffeea8817e8
0x00007ffeea8816b0:   00007fe850d92748 00007fe850d91000
0x00007ffeea8816c0:   0000000000000000 00007fe850b911ef
0x00007ffeea8816d0:   0000000000000004 00007fe850b97754
0x00007ffeea8816e0:   0000000000000001 0000000000000000
0x00007ffeea8816f0:   000000000000000c 00007fe800000000 

Instructions: (pc=0x00007fe84fa7c783)
0x00007fe84fa7c763:   48 81 ec 88 00 00 00 e8 81 1d 8f ff 44 8b 28 49
0x00007fe84fa7c773:   89 c4 48 8d 05 2c 61 68 00 8b 38 e8 15 2c 8f ff
0x00007fe84fa7c783:   48 8b 98 28 01 00 00 8b 83 a8 00 00 00 83 f8 01
0x00007fe84fa7c793:   74 1b 45 89 2c 24 48 81 c4 88 00 00 00 5b 41 5c 

Register to memory mapping:

RAX=0x0000000000000000 is an unknown value
RBX=0x00007fe850d8e700 is pointing into the stack for thread: 0x00007fe84800b000
RCX=0x00007fe85096fd2d: <offset 0x8d2d> in /lib/x86_64-linux-gnu/libpthread.so.0 at 0x00007fe850967000
RDX=0x00007fe850d8fea0 is an unknown value
RSP=0x00007ffeea881500 is an unknown value
RBP=0x00007ffeea8815b0 is an unknown value
RSI=0x00007ffeea8816f0 is an unknown value
RDI=0x0000000000000001 is an unknown value
R8 =0x00000000000000ca is an unknown value
R9 =0x00007fe850d8e9d0 is pointing into the stack for thread: 0x00007fe84800b000
R10=0x0000000000000000 is an unknown value
R11=0x0000000000000246 is an unknown value
R12=0x00007fe850d8fb00 is an unknown value
R13=0x0000000000000002 is an unknown value
R14=0x00007ffeea8816f0 is an unknown value
R15=0x00007ffeea8815c0 is an unknown value


Stack: [0x00007ffeea789000,0x00007ffeea889000],  sp=0x00007ffeea881500,  free space=993k
Native frames: (J=compiled Java code, j=interpreted, Vv=VM code, C=native code)
V  [libjvm.so+0x90b783]  SR_handler(int, siginfo*, ucontext*)+0x33
C  [libpthread.so.0+0x12890]


---------------  P R O C E S S  ---------------

VM state:not at safepoint (normal execution)

VM Mutex/Monitor currently owned by a thread:  ([mutex/lock_event])
[0x00007fe848007e30] AdapterHandlerLibrary_lock - owner thread: 0x00007fe84800b000

heap address: 0x0000000085800000, size: 1960 MB, Compressed Oops mode: 32-bit
Narrow klass base: 0x0000000000000000, Narrow klass shift: 3
Compressed class space size: 1073741824 Address: 0x0000000100000000

Heap:
 PSYoungGen      total 36864K, used 2544K [0x00000000d7300000, 0x00000000d9c00000, 0x0000000100000000)
  eden space 31744K, 8% used [0x00000000d7300000,0x00000000d757c040,0x00000000d9200000)
  from space 5120K, 0% used [0x00000000d9700000,0x00000000d9700000,0x00000000d9c00000)
  to   space 5120K, 0% used [0x00000000d9200000,0x00000000d9200000,0x00000000d9700000)
 ParOldGen       total 84992K, used 0K [0x0000000085800000, 0x000000008ab00000, 0x00000000d7300000)
  object space 84992K, 0% used [0x0000000085800000,0x0000000085800000,0x000000008ab00000)
 Metaspace       used 3467K, capacity 4664K, committed 4864K, reserved 1056768K
  class space    used 389K, capacity 424K, committed 512K, reserved 1048576K

Card table byte_map: [0x00007fe84d59a000,0x00007fe84d96f000] byte_map_base: 0x00007fe84d16e000

Marking Bits: (ParMarkBitMap*) 0x00007fe85013cd80
 Begin Bits: [0x00007fe8282c0000, 0x00007fe82a160000)
 End Bits:   [0x00007fe82a160000, 0x00007fe82c000000)

Polling page: 0x00007fe850dac000

CodeCache: size=245760Kb used=1245Kb max_used=1256Kb free=244514Kb
 bounds [0x00007fe839000000, 0x00007fe839270000, 0x00007fe848000000]
 total_blobs=333 nmethods=83 adapters=164
 compilation: enabled

Compilation events (10 events):
Event: 0.082 Thread 0x00007fe8480c9000   65       3       java.util.HashMap$Node::<init> (26 bytes)
Event: 0.082 Thread 0x00007fe8480c9000 nmethod 65 0x00007fe83912f890 code [0x00007fe83912fa00, 0x00007fe83912fbf0]
Event: 0.082 Thread 0x00007fe8480c9000   66       3       java.util.HashMap::newNode (13 bytes)
Event: 0.082 Thread 0x00007fe8480c9000 nmethod 66 0x00007fe83912fed0 code [0x00007fe839130040, 0x00007fe8391302f0]
Event: 0.082 Thread 0x00007fe8480c9000   67       3       java.util.HashMap::afterNodeInsertion (1 bytes)
Event: 0.082 Thread 0x00007fe8480c9000 nmethod 67 0x00007fe839130410 code [0x00007fe839130560, 0x00007fe8391306b0]
Event: 0.083 Thread 0x00007fe8480c9000   68       3       sun.misc.FDBigInteger::mult (64 bytes)
Event: 0.083 Thread 0x00007fe8480c9000 nmethod 68 0x00007fe839131110 code [0x00007fe839131280, 0x00007fe839131510]
Event: 0.083 Thread 0x00007fe8480c9000   69       3       sun.misc.FDBigInteger::<init> (30 bytes)
Event: 0.083 Thread 0x00007fe8480c9000 nmethod 69 0x00007fe8391317d0 code [0x00007fe839131940, 0x00007fe839131b48]

GC Heap History (0 events):
No events

Deoptimization events (0 events):
No events

Classes redefined (0 events):
No events

Internal exceptions (6 events):
Event: 0.020 Thread 0x00007fe84800b000 Exception <a 'java/lang/NoSuchMethodError': Method sun.misc.Unsafe.defineClass(Ljava/lang/String;[BII)Ljava/lang/Class; name or signature does not match> (0x00000000d7307cb0) thrown at [/HUDSON/workspace/8-2-build-linux-amd64/jdk8u201/12317/hotspot/src/sh
Event: 0.020 Thread 0x00007fe84800b000 Exception <a 'java/lang/NoSuchMethodError': Method sun.misc.Unsafe.prefetchRead(Ljava/lang/Object;J)V name or signature does not match> (0x00000000d7307f98) thrown at [/HUDSON/workspace/8-2-build-linux-amd64/jdk8u201/12317/hotspot/src/share/vm/prims/jni.c
Event: 0.075 Thread 0x00007fe84800b000 Exception <a 'java/security/PrivilegedActionException'> (0x00000000d74a51f0) thrown at [/HUDSON/workspace/8-2-build-linux-amd64/jdk8u201/12317/hotspot/src/share/vm/prims/jvm.cpp, line 1502]
Event: 0.075 Thread 0x00007fe84800b000 Exception <a 'java/security/PrivilegedActionException'> (0x00000000d74a5400) thrown at [/HUDSON/workspace/8-2-build-linux-amd64/jdk8u201/12317/hotspot/src/share/vm/prims/jvm.cpp, line 1502]
Event: 0.075 Thread 0x00007fe84800b000 Exception <a 'java/security/PrivilegedActionException'> (0x00000000d74a7800) thrown at [/HUDSON/workspace/8-2-build-linux-amd64/jdk8u201/12317/hotspot/src/share/vm/prims/jvm.cpp, line 1502]
Event: 0.075 Thread 0x00007fe84800b000 Exception <a 'java/security/PrivilegedActionException'> (0x00000000d74a7a10) thrown at [/HUDSON/workspace/8-2-build-linux-amd64/jdk8u201/12317/hotspot/src/share/vm/prims/jvm.cpp, line 1502]

Events (10 events):
Event: 0.083 loading class sun/security/provider/Sun
Event: 0.084 loading class sun/security/provider/Sun done
Event: 0.084 loading class sun/security/provider/SunEntries
Event: 0.084 loading class sun/security/provider/SunEntries done
Event: 0.084 loading class sun/security/provider/SunEntries$1
Event: 0.084 loading class sun/security/provider/SunEntries$1 done
Event: 0.084 loading class sun/security/provider/NativePRNG
Event: 0.084 loading class java/security/SecureRandomSpi
Event: 0.084 loading class java/security/SecureRandomSpi done
Event: 0.084 loading class sun/security/provider/NativePRNG done


Dynamic libraries:
00400000-00401000 r-xp 00000000 08:06 8013769                            /usr/lib/jvm/jdk1.8.0_201/bin/java
00600000-00601000 r--p 00000000 08:06 8013769                            /usr/lib/jvm/jdk1.8.0_201/bin/java
00601000-00602000 rw-p 00001000 08:06 8013769                            /usr/lib/jvm/jdk1.8.0_201/bin/java
017bb000-01a89000 rw-p 00000000 00:00 0                                  [heap]
85800000-8ab00000 rw-p 00000000 00:00 0 
8ab00000-d7300000 ---p 00000000 00:00 0 
d7300000-d9c00000 rw-p 00000000 00:00 0 
d9c00000-100000000 ---p 00000000 00:00 0 
100000000-100080000 rw-p 00000000 00:00 0 
100080000-140000000 ---p 00000000 00:00 0 
7fe7dc000000-7fe7dc021000 rw-p 00000000 00:00 0 
7fe7dc021000-7fe7e0000000 ---p 00000000 00:00 0 
7fe7e0000000-7fe7e0021000 rw-p 00000000 00:00 0 
7fe7e0021000-7fe7e4000000 ---p 00000000 00:00 0 
7fe7e4000000-7fe7e4021000 rw-p 00000000 00:00 0 
7fe7e4021000-7fe7e8000000 ---p 00000000 00:00 0 
7fe7e8000000-7fe7e814d000 rw-p 00000000 00:00 0 
7fe7e814d000-7fe7ec000000 ---p 00000000 00:00 0 
7fe7ec000000-7fe7ec056000 rw-p 00000000 00:00 0 
7fe7ec056000-7fe7f0000000 ---p 00000000 00:00 0 
7fe7f0000000-7fe7f0021000 rw-p 00000000 00:00 0 
7fe7f0021000-7fe7f4000000 ---p 00000000 00:00 0 
7fe7f4000000-7fe7f4021000 rw-p 00000000 00:00 0 
7fe7f4021000-7fe7f8000000 ---p 00000000 00:00 0 
7fe7f8000000-7fe7f8021000 rw-p 00000000 00:00 0 
7fe7f8021000-7fe7fc000000 ---p 00000000 00:00 0 
7fe7fc000000-7fe7fc021000 rw-p 00000000 00:00 0 
7fe7fc021000-7fe800000000 ---p 00000000 00:00 0 
7fe800000000-7fe800021000 rw-p 00000000 00:00 0 
7fe800021000-7fe804000000 ---p 00000000 00:00 0 
7fe804000000-7fe804021000 rw-p 00000000 00:00 0 
7fe804021000-7fe808000000 ---p 00000000 00:00 0 
7fe80c000000-7fe80c021000 rw-p 00000000 00:00 0 
7fe80c021000-7fe810000000 ---p 00000000 00:00 0 
7fe814000000-7fe814021000 rw-p 00000000 00:00 0 
7fe814021000-7fe818000000 ---p 00000000 00:00 0 
7fe81c000000-7fe81c021000 rw-p 00000000 00:00 0 
7fe81c021000-7fe820000000 ---p 00000000 00:00 0 
7fe821e19000-7fe821e1a000 ---p 00000000 00:00 0 
7fe821e1a000-7fe821f1a000 rw-p 00000000 00:00 0 
7fe821f1a000-7fe821f1d000 ---p 00000000 00:00 0 
7fe821f1d000-7fe82201b000 rw-p 00000000 00:00 0 
7fe82201b000-7fe82201c000 ---p 00000000 00:00 0 
7fe82201c000-7fe82201f000 ---p 00000000 00:00 0 
7fe82201f000-7fe82211c000 rw-p 00000000 00:00 0 
7fe82211c000-7fe82211d000 ---p 00000000 00:00 0 
7fe82211d000-7fe822120000 ---p 00000000 00:00 0 
7fe822120000-7fe82221d000 rw-p 00000000 00:00 0 
7fe82221d000-7fe82221e000 ---p 00000000 00:00 0 
7fe82221e000-7fe822221000 ---p 00000000 00:00 0 
7fe822221000-7fe82231e000 rw-p 00000000 00:00 0 
7fe82231e000-7fe82231f000 ---p 00000000 00:00 0 
7fe82231f000-7fe822322000 ---p 00000000 00:00 0 
7fe822322000-7fe82241f000 rw-p 00000000 00:00 0 
7fe82241f000-7fe822422000 ---p 00000000 00:00 0 
7fe822422000-7fe822520000 rw-p 00000000 00:00 0 
7fe822520000-7fe822eef000 r--p 00000000 08:06 662140                     /usr/lib/locale/locale-archive
7fe822eef000-7fe822ef2000 ---p 00000000 00:00 0 
7fe822ef2000-7fe822ff0000 rw-p 00000000 00:00 0 
7fe822ff0000-7fe822ff3000 ---p 00000000 00:00 0 
7fe822ff3000-7fe8230f1000 rw-p 00000000 00:00 0 
7fe8230f1000-7fe8230f2000 ---p 00000000 00:00 0 
7fe8230f2000-7fe824000000 rw-p 00000000 00:00 0 
7fe824000000-7fe824021000 rw-p 00000000 00:00 0 
7fe824021000-7fe828000000 ---p 00000000 00:00 0 
7fe8280be000-7fe82c000000 rw-p 00000000 00:00 0 
7fe82c000000-7fe82c021000 rw-p 00000000 00:00 0 
7fe82c021000-7fe830000000 ---p 00000000 00:00 0 
7fe830000000-7fe830021000 rw-p 00000000 00:00 0 
7fe830021000-7fe834000000 ---p 00000000 00:00 0 
7fe834000000-7fe834021000 rw-p 00000000 00:00 0 
7fe834021000-7fe838000000 ---p 00000000 00:00 0 
7fe838075000-7fe838c40000 rw-p 00000000 00:00 0 
7fe838c40000-7fe839000000 ---p 00000000 00:00 0 
7fe839000000-7fe839270000 rwxp 00000000 00:00 0 
7fe839270000-7fe848000000 ---p 00000000 00:00 0 
7fe848000000-7fe8483f7000 rw-p 00000000 00:00 0 
7fe8483f7000-7fe84c000000 ---p 00000000 00:00 0 
7fe84c009000-7fe84c4e0000 rw-p 00000000 00:00 0 
7fe84c4e0000-7fe84c6ba000 r--s 03d6f000 08:06 10888034                   /usr/lib/jvm/jdk1.8.0_201/jre/lib/rt.jar
7fe84c6ba000-7fe84cb04000 rw-p 00000000 00:00 0 
7fe84cb04000-7fe84cb05000 ---p 00000000 00:00 0 
7fe84cb05000-7fe84cc05000 rw-p 00000000 00:00 0 
7fe84cc05000-7fe84cc06000 ---p 00000000 00:00 0 
7fe84cc06000-7fe84cd06000 rw-p 00000000 00:00 0 
7fe84cd06000-7fe84cd07000 ---p 00000000 00:00 0 
7fe84cd07000-7fe84ce07000 rw-p 00000000 00:00 0 
7fe84ce07000-7fe84ce08000 ---p 00000000 00:00 0 
7fe84ce08000-7fe84cf08000 rw-p 00000000 00:00 0 
7fe84cf08000-7fe84cf09000 ---p 00000000 00:00 0 
7fe84cf09000-7fe84d009000 rw-p 00000000 00:00 0 
7fe84d009000-7fe84d00a000 ---p 00000000 00:00 0 
7fe84d00a000-7fe84d10a000 rw-p 00000000 00:00 0 
7fe84d10a000-7fe84d10b000 ---p 00000000 00:00 0 
7fe84d10b000-7fe84d20b000 rw-p 00000000 00:00 0 
7fe84d20b000-7fe84d20c000 ---p 00000000 00:00 0 
7fe84d20c000-7fe84d336000 rw-p 00000000 00:00 0 
7fe84d336000-7fe84d59a000 ---p 00000000 00:00 0 
7fe84d59a000-7fe84d5c4000 rw-p 00000000 00:00 0 
7fe84d5c4000-7fe84d827000 ---p 00000000 00:00 0 
7fe84d827000-7fe84d83c000 rw-p 00000000 00:00 0 
7fe84d83c000-7fe84d96e000 ---p 00000000 00:00 0 
7fe84d96e000-7fe84d979000 rw-p 00000000 00:00 0 
7fe84d979000-7fe84dd2f000 ---p 00000000 00:00 0 
7fe84dd2f000-7fe84dd4a000 r-xp 00000000 08:06 10888324                   /usr/lib/jvm/jdk1.8.0_201/jre/lib/amd64/libzip.so
7fe84dd4a000-7fe84df49000 ---p 0001b000 08:06 10888324                   /usr/lib/jvm/jdk1.8.0_201/jre/lib/amd64/libzip.so
7fe84df49000-7fe84df4a000 r--p 0001a000 08:06 10888324                   /usr/lib/jvm/jdk1.8.0_201/jre/lib/amd64/libzip.so
7fe84df4a000-7fe84df4b000 rw-p 0001b000 08:06 10888324                   /usr/lib/jvm/jdk1.8.0_201/jre/lib/amd64/libzip.so
7fe84df4b000-7fe84df56000 r-xp 00000000 08:06 3937066                    /lib/x86_64-linux-gnu/libnss_files-2.27.so
7fe84df56000-7fe84e155000 ---p 0000b000 08:06 3937066                    /lib/x86_64-linux-gnu/libnss_files-2.27.so
7fe84e155000-7fe84e156000 r--p 0000a000 08:06 3937066                    /lib/x86_64-linux-gnu/libnss_files-2.27.so
7fe84e156000-7fe84e157000 rw-p 0000b000 08:06 3937066                    /lib/x86_64-linux-gnu/libnss_files-2.27.so
7fe84e157000-7fe84e15d000 rw-p 00000000 00:00 0 
7fe84e15d000-7fe84e174000 r-xp 00000000 08:06 3937060                    /lib/x86_64-linux-gnu/libnsl-2.27.so
7fe84e174000-7fe84e373000 ---p 00017000 08:06 3937060                    /lib/x86_64-linux-gnu/libnsl-2.27.so
7fe84e373000-7fe84e374000 r--p 00016000 08:06 3937060                    /lib/x86_64-linux-gnu/libnsl-2.27.so
7fe84e374000-7fe84e375000 rw-p 00017000 08:06 3937060                    /lib/x86_64-linux-gnu/libnsl-2.27.so
7fe84e375000-7fe84e377000 rw-p 00000000 00:00 0 
7fe84e377000-7fe84e382000 r-xp 00000000 08:06 3937077                    /lib/x86_64-linux-gnu/libnss_nis-2.27.so
7fe84e382000-7fe84e581000 ---p 0000b000 08:06 3937077                    /lib/x86_64-linux-gnu/libnss_nis-2.27.so
7fe84e581000-7fe84e582000 r--p 0000a000 08:06 3937077                    /lib/x86_64-linux-gnu/libnss_nis-2.27.so
7fe84e582000-7fe84e583000 rw-p 0000b000 08:06 3937077                    /lib/x86_64-linux-gnu/libnss_nis-2.27.so
7fe84e583000-7fe84e58b000 r-xp 00000000 08:06 3937062                    /lib/x86_64-linux-gnu/libnss_compat-2.27.so
7fe84e58b000-7fe84e78b000 ---p 00008000 08:06 3937062                    /lib/x86_64-linux-gnu/libnss_compat-2.27.so
7fe84e78b000-7fe84e78c000 r--p 00008000 08:06 3937062                    /lib/x86_64-linux-gnu/libnss_compat-2.27.so
7fe84e78c000-7fe84e78d000 rw-p 00009000 08:06 3937062                    /lib/x86_64-linux-gnu/libnss_compat-2.27.so
7fe84e78d000-7fe84e7b9000 r-xp 00000000 08:06 10888318                   /usr/lib/jvm/jdk1.8.0_201/jre/lib/amd64/libjava.so
7fe84e7b9000-7fe84e9b9000 ---p 0002c000 08:06 10888318                   /usr/lib/jvm/jdk1.8.0_201/jre/lib/amd64/libjava.so
7fe84e9b9000-7fe84e9ba000 r--p 0002c000 08:06 10888318                   /usr/lib/jvm/jdk1.8.0_201/jre/lib/amd64/libjava.so
7fe84e9ba000-7fe84e9bc000 rw-p 0002d000 08:06 10888318                   /usr/lib/jvm/jdk1.8.0_201/jre/lib/amd64/libjava.so
7fe84e9bc000-7fe84e9c9000 r-xp 00000000 08:06 10888323                   /usr/lib/jvm/jdk1.8.0_201/jre/lib/amd64/libverify.so
7fe84e9c9000-7fe84ebc8000 ---p 0000d000 08:06 10888323                   /usr/lib/jvm/jdk1.8.0_201/jre/lib/amd64/libverify.so
7fe84ebc8000-7fe84ebca000 r--p 0000c000 08:06 10888323                   /usr/lib/jvm/jdk1.8.0_201/jre/lib/amd64/libverify.so
7fe84ebca000-7fe84ebcb000 rw-p 0000e000 08:06 10888323                   /usr/lib/jvm/jdk1.8.0_201/jre/lib/amd64/libverify.so
7fe84ebcb000-7fe84ebd2000 r-xp 00000000 08:06 3937117                    /lib/x86_64-linux-gnu/librt-2.27.so
7fe84ebd2000-7fe84edd1000 ---p 00007000 08:06 3937117                    /lib/x86_64-linux-gnu/librt-2.27.so
7fe84edd1000-7fe84edd2000 r--p 00006000 08:06 3937117                    /lib/x86_64-linux-gnu/librt-2.27.so
7fe84edd2000-7fe84edd3000 rw-p 00007000 08:06 3937117                    /lib/x86_64-linux-gnu/librt-2.27.so
7fe84edd3000-7fe84ef70000 r-xp 00000000 08:06 3937039                    /lib/x86_64-linux-gnu/libm-2.27.so
7fe84ef70000-7fe84f16f000 ---p 0019d000 08:06 3937039                    /lib/x86_64-linux-gnu/libm-2.27.so
7fe84f16f000-7fe84f170000 r--p 0019c000 08:06 3937039                    /lib/x86_64-linux-gnu/libm-2.27.so
7fe84f170000-7fe84f171000 rw-p 0019d000 08:06 3937039                    /lib/x86_64-linux-gnu/libm-2.27.so
7fe84f171000-7fe84fe59000 r-xp 00000000 08:06 10888346                   /usr/lib/jvm/jdk1.8.0_201/jre/lib/amd64/server/libjvm.so
7fe84fe59000-7fe850058000 ---p 00ce8000 08:06 10888346                   /usr/lib/jvm/jdk1.8.0_201/jre/lib/amd64/server/libjvm.so
7fe850058000-7fe8500ee000 r--p 00ce7000 08:06 10888346                   /usr/lib/jvm/jdk1.8.0_201/jre/lib/amd64/server/libjvm.so
7fe8500ee000-7fe85011f000 rw-p 00d7d000 08:06 10888346                   /usr/lib/jvm/jdk1.8.0_201/jre/lib/amd64/server/libjvm.so
7fe85011f000-7fe85015a000 rw-p 00000000 00:00 0 
7fe85015a000-7fe850341000 r-xp 00000000 08:06 3936976                    /lib/x86_64-linux-gnu/libc-2.27.so
7fe850341000-7fe850541000 ---p 001e7000 08:06 3936976                    /lib/x86_64-linux-gnu/libc-2.27.so
7fe850541000-7fe850545000 r--p 001e7000 08:06 3936976                    /lib/x86_64-linux-gnu/libc-2.27.so
7fe850545000-7fe850547000 rw-p 001eb000 08:06 3936976                    /lib/x86_64-linux-gnu/libc-2.27.so
7fe850547000-7fe85054b000 rw-p 00000000 00:00 0 
7fe85054b000-7fe85054e000 r-xp 00000000 08:06 3936999                    /lib/x86_64-linux-gnu/libdl-2.27.so
7fe85054e000-7fe85074d000 ---p 00003000 08:06 3936999                    /lib/x86_64-linux-gnu/libdl-2.27.so
7fe85074d000-7fe85074e000 r--p 00002000 08:06 3936999                    /lib/x86_64-linux-gnu/libdl-2.27.so
7fe85074e000-7fe85074f000 rw-p 00003000 08:06 3936999                    /lib/x86_64-linux-gnu/libdl-2.27.so
7fe85074f000-7fe850766000 r-xp 00000000 08:06 9054391                    /usr/lib/jvm/jdk1.8.0_201/lib/amd64/jli/libjli.so
7fe850766000-7fe850965000 ---p 00017000 08:06 9054391                    /usr/lib/jvm/jdk1.8.0_201/lib/amd64/jli/libjli.so
7fe850965000-7fe850966000 r--p 00016000 08:06 9054391                    /usr/lib/jvm/jdk1.8.0_201/lib/amd64/jli/libjli.so
7fe850966000-7fe850967000 rw-p 00017000 08:06 9054391                    /usr/lib/jvm/jdk1.8.0_201/lib/amd64/jli/libjli.so
7fe850967000-7fe850981000 r-xp 00000000 08:06 3937109                    /lib/x86_64-linux-gnu/libpthread-2.27.so
7fe850981000-7fe850b80000 ---p 0001a000 08:06 3937109                    /lib/x86_64-linux-gnu/libpthread-2.27.so
7fe850b80000-7fe850b81000 r--p 00019000 08:06 3937109                    /lib/x86_64-linux-gnu/libpthread-2.27.so
7fe850b81000-7fe850b82000 rw-p 0001a000 08:06 3937109                    /lib/x86_64-linux-gnu/libpthread-2.27.so
7fe850b82000-7fe850b86000 rw-p 00000000 00:00 0 
7fe850b86000-7fe850bad000 r-xp 00000000 08:06 3936948                    /lib/x86_64-linux-gnu/ld-2.27.so
7fe850bc3000-7fe850c8e000 rw-p 00000000 00:00 0 
7fe850c8e000-7fe850c8f000 ---p 00000000 00:00 0 
7fe850c8f000-7fe850c92000 ---p 00000000 00:00 0 
7fe850c92000-7fe850d93000 rw-p 00000000 00:00 0 
7fe850d9d000-7fe850da1000 r--s 000a1000 08:06 10888039                   /usr/lib/jvm/jdk1.8.0_201/jre/lib/jsse.jar
7fe850da1000-7fe850da3000 r--s 0000c000 08:06 4105167                    /home/ermicho/projects/react-native/PropertyFinder/android/gradle/wrapper/gradle-wrapper.jar
7fe850da3000-7fe850dab000 rw-s 00000000 08:06 13139497                   /tmp/hsperfdata_ermicho/7755
7fe850dab000-7fe850dac000 rw-p 00000000 00:00 0 
7fe850dac000-7fe850dad000 r--p 00000000 00:00 0 
7fe850dad000-7fe850dae000 r--p 00027000 08:06 3936948                    /lib/x86_64-linux-gnu/ld-2.27.so
7fe850dae000-7fe850daf000 rw-p 00028000 08:06 3936948                    /lib/x86_64-linux-gnu/ld-2.27.so
7fe850daf000-7fe850db0000 rw-p 00000000 00:00 0 
7ffeea866000-7ffeea889000 rw-p 00000000 00:00 0                          [stack]
7ffeea940000-7ffeea943000 r--p 00000000 00:00 0                          [vvar]
7ffeea943000-7ffeea945000 r-xp 00000000 00:00 0                          [vdso]
ffffffffff600000-ffffffffff601000 r-xp 00000000 00:00 0                  [vsyscall]

VM Arguments:
jvm_args: -Dorg.gradle.appname=gradlew 
java_command: org.gradle.wrapper.GradleWrapperMain app:installDebug
java_class_path (initial): /home/ermicho/projects/react-native/PropertyFinder/android/gradle/wrapper/gradle-wrapper.jar
Launcher Type: SUN_STANDARD

Environment Variables:
JAVA_HOME=/usr/lib/jvm/jdk1.8.0_201
PATH=/home/ermicho/projects/react-native/PropertyFinder/node_modules/.bin:/usr/local/lib/node_modules/npm/node_modules/npm-lifecycle/node-gyp-bin:/home/ermicho/projects/react-native/PropertyFinder/node_modules/.bin:/usr/local/sbin:/usr/local/bin:/usr/sbin:/usr/bin:/sbin:/bin:/usr/games:/usr/local/games:/snap/bin:/home/ermicho/Android/Sdk/tools:/home/ermicho/Android/Sdk/tools/bin:/home/ermicho/Android/Sdk/platform-tools:/home/ermicho/Android/Sdk/emulator:/home/ermicho/Android/Sdk/tools/bin:/home/ermicho/Android/Sdk/platform-tools
USERNAME=ermicho
SHELL=/bin/bash
DISPLAY=:0

Signal Handlers:
SIGSEGV: [libjvm.so+0xad3e60], sa_mask[0]=11111111011111111101111111111110, sa_flags=SA_RESTART|SA_SIGINFO
SIGBUS: [libjvm.so+0xad3e60], sa_mask[0]=11111111011111111101111111111110, sa_flags=SA_RESTART|SA_SIGINFO
SIGFPE: [libjvm.so+0x90b880], sa_mask[0]=11111111011111111101111111111110, sa_flags=SA_RESTART|SA_SIGINFO
SIGPIPE: [libjvm.so+0x90b880], sa_mask[0]=11111111011111111101111111111110, sa_flags=SA_RESTART|SA_SIGINFO
SIGXFSZ: [libjvm.so+0x90b880], sa_mask[0]=11111111011111111101111111111110, sa_flags=SA_RESTART|SA_SIGINFO
SIGILL: [libjvm.so+0x90b880], sa_mask[0]=11111111011111111101111111111110, sa_flags=SA_RESTART|SA_SIGINFO
SIGUSR1: SIG_DFL, sa_mask[0]=00000000000000000000000000000000, sa_flags=none
SIGUSR2: [libjvm.so+0x90b750], sa_mask[0]=00000000000000000000000000000000, sa_flags=SA_RESTART|SA_SIGINFO
SIGHUP: [libjvm.so+0x90bd70], sa_mask[0]=11111111011111111101111111111110, sa_flags=SA_RESTART|SA_SIGINFO
SIGINT: [libjvm.so+0x90bd70], sa_mask[0]=11111111011111111101111111111110, sa_flags=SA_RESTART|SA_SIGINFO
SIGTERM: [libjvm.so+0x90bd70], sa_mask[0]=11111111011111111101111111111110, sa_flags=SA_RESTART|SA_SIGINFO
SIGQUIT: [libjvm.so+0x90bd70], sa_mask[0]=11111111011111111101111111111110, sa_flags=SA_RESTART|SA_SIGINFO


---------------  S Y S T E M  ---------------

OS:DISTRIB_ID=Ubuntu
DISTRIB_RELEASE=18.04
DISTRIB_CODENAME=bionic
DISTRIB_DESCRIPTION="Ubuntu 18.04.2 LTS"

uname:Linux 4.15.0-46-generic #49-Ubuntu SMP Wed Feb 6 09:33:07 UTC 2019 x86_64
libc:glibc 2.27 NPTL 2.27 
rlimit: STACK 8192k, CORE 0k, NPROC 30710, NOFILE 4096, AS infinity
load average:1.24 1.60 0.90

/proc/meminfo:
MemTotal:        8021540 kB
MemFree:          410836 kB
MemAvailable:    2489732 kB
Buffers:          196352 kB
Cached:          3014508 kB
SwapCached:            0 kB
Active:          5078292 kB
Inactive:        2043736 kB
Active(anon):    3895444 kB
Inactive(anon):  1006924 kB
Active(file):    1182848 kB
Inactive(file):  1036812 kB
Unevictable:         344 kB
Mlocked:             344 kB
SwapTotal:       2097148 kB
SwapFree:        2097148 kB
Dirty:             15440 kB
Writeback:             0 kB
AnonPages:       3911564 kB
Mapped:          1517228 kB
Shmem:           1026548 kB
Slab:             248880 kB
SReclaimable:     165192 kB
SUnreclaim:        83688 kB
KernelStack:       24992 kB
PageTables:        92504 kB
NFS_Unstable:          0 kB
Bounce:                0 kB
WritebackTmp:          0 kB
CommitLimit:     6107916 kB
Committed_AS:   15776296 kB
VmallocTotal:   34359738367 kB
VmallocUsed:           0 kB
VmallocChunk:          0 kB
HardwareCorrupted:     0 kB
AnonHugePages:         0 kB
ShmemHugePages:        0 kB
ShmemPmdMapped:        0 kB
CmaTotal:              0 kB
CmaFree:               0 kB
HugePages_Total:       0
HugePages_Free:        0
HugePages_Rsvd:        0
HugePages_Surp:        0
Hugepagesize:       2048 kB
DirectMap4k:      267716 kB
DirectMap2M:     7974912 kB
DirectMap1G:     1048576 kB

container (cgroup) information:
container_type: cgroupv1
cpu_cpuset_cpus: 0-7
cpu_memory_nodes: 0
active_processor_count: 8
cpu_quota: -1
cpu_period: 100000
cpu_shares: -1
memory_limit_in_bytes: -1
memory_and_swap_limit_in_bytes: -2
memory_soft_limit_in_bytes: -1
memory_usage_in_bytes: 7293939712
memory_max_usage_in_bytes: 0


CPU:total 8 (initial active 8) (4 cores per cpu, 2 threads per core) family 6 model 142 stepping 10, cmov, cx8, fxsr, mmx, sse, sse2, sse3, ssse3, sse4.1, sse4.2, popcnt, avx, avx2, aes, clmul, erms, 3dnowpref, lzcnt, ht, tsc, tscinvbit, bmi1, bmi2, adx

/proc/cpuinfo:
processor	: 0
vendor_id	: GenuineIntel
cpu family	: 6
model		: 142
model name	: Intel(R) Core(TM) i7-8550U CPU @ 1.80GHz
stepping	: 10
microcode	: 0x96
cpu MHz		: 3136.846
cache size	: 8192 KB
physical id	: 0
siblings	: 8
core id		: 0
cpu cores	: 4
apicid		: 0
initial apicid	: 0
fpu		: yes
fpu_exception	: yes
cpuid level	: 22
wp		: yes
flags		: fpu vme de pse tsc msr pae mce cx8 apic sep mtrr pge mca cmov pat pse36 clflush dts acpi mmx fxsr sse sse2 ss ht tm pbe syscall nx pdpe1gb rdtscp lm constant_tsc art arch_perfmon pebs bts rep_good nopl xtopology nonstop_tsc cpuid aperfmperf tsc_known_freq pni pclmulqdq dtes64 monitor ds_cpl vmx est tm2 ssse3 sdbg fma cx16 xtpr pdcm pcid sse4_1 sse4_2 x2apic movbe popcnt tsc_deadline_timer aes xsave avx f16c rdrand lahf_lm abm 3dnowprefetch cpuid_fault epb invpcid_single pti ssbd ibrs ibpb stibp tpr_shadow vnmi flexpriority ept vpid fsgsbase tsc_adjust bmi1 avx2 smep bmi2 erms invpcid mpx rdseed adx smap clflushopt intel_pt xsaveopt xsavec xgetbv1 xsaves dtherm ida arat pln pts hwp hwp_notify hwp_act_window hwp_epp flush_l1d
bugs		: cpu_meltdown spectre_v1 spectre_v2 spec_store_bypass l1tf
bogomips	: 3984.00
clflush size	: 64
cache_alignment	: 64
address sizes	: 39 bits physical, 48 bits virtual
power management:

processor	: 1
vendor_id	: GenuineIntel
cpu family	: 6
model		: 142
model name	: Intel(R) Core(TM) i7-8550U CPU @ 1.80GHz
stepping	: 10
microcode	: 0x96
cpu MHz		: 3137.840
cache size	: 8192 KB
physical id	: 0
siblings	: 8
core id		: 1
cpu cores	: 4
apicid		: 2
initial apicid	: 2
fpu		: yes
fpu_exception	: yes
cpuid level	: 22
wp		: yes
flags		: fpu vme de pse tsc msr pae mce cx8 apic sep mtrr pge mca cmov pat pse36 clflush dts acpi mmx fxsr sse sse2 ss ht tm pbe syscall nx pdpe1gb rdtscp lm constant_tsc art arch_perfmon pebs bts rep_good nopl xtopology nonstop_tsc cpuid aperfmperf tsc_known_freq pni pclmulqdq dtes64 monitor ds_cpl vmx est tm2 ssse3 sdbg fma cx16 xtpr pdcm pcid sse4_1 sse4_2 x2apic movbe popcnt tsc_deadline_timer aes xsave avx f16c rdrand lahf_lm abm 3dnowprefetch cpuid_fault epb invpcid_single pti ssbd ibrs ibpb stibp tpr_shadow vnmi flexpriority ept vpid fsgsbase tsc_adjust bmi1 avx2 smep bmi2 erms invpcid mpx rdseed adx smap clflushopt intel_pt xsaveopt xsavec xgetbv1 xsaves dtherm ida arat pln pts hwp hwp_notify hwp_act_window hwp_epp flush_l1d
bugs		: cpu_meltdown spectre_v1 spectre_v2 spec_store_bypass l1tf
bogomips	: 3984.00
clflush size	: 64
cache_alignment	: 64
address sizes	: 39 bits physical, 48 bits virtual
power management:

processor	: 2
vendor_id	: GenuineIntel
cpu family	: 6
model		: 142
model name	: Intel(R) Core(TM) i7-8550U CPU @ 1.80GHz
stepping	: 10
microcode	: 0x96
cpu MHz		: 3104.597
cache size	: 8192 KB
physical id	: 0
siblings	: 8
core id		: 2
cpu cores	: 4
apicid		: 4
initial apicid	: 4
fpu		: yes
fpu_exception	: yes
cpuid level	: 22
wp		: yes
flags		: fpu vme de pse tsc msr pae mce cx8 apic sep mtrr pge mca cmov pat pse36 clflush dts acpi mmx fxsr sse sse2 ss ht tm pbe syscall nx pdpe1gb rdtscp lm constant_tsc art arch_perfmon pebs bts rep_good nopl xtopology nonstop_tsc cpuid aperfmperf tsc_known_freq pni pclmulqdq dtes64 monitor ds_cpl vmx est tm2 ssse3 sdbg fma cx16 xtpr pdcm pcid sse4_1 sse4_2 x2apic movbe popcnt tsc_deadline_timer aes xsave avx f16c rdrand lahf_lm abm 3dnowprefetch cpuid_fault epb invpcid_single pti ssbd ibrs ibpb stibp tpr_shadow vnmi flexpriority ept vpid fsgsbase tsc_adjust bmi1 avx2 smep bmi2 erms invpcid mpx rdseed adx smap clflushopt intel_pt xsaveopt xsavec xgetbv1 xsaves dtherm ida arat pln pts hwp hwp_notify hwp_act_window hwp_epp flush_l1d
bugs		: cpu_meltdown spectre_v1 spectre_v2 spec_store_bypass l1tf
bogomips	: 3984.00
clflush size	: 64
cache_alignment	: 64
address sizes	: 39 bits physical, 48 bits virtual
power management:

processor	: 3
vendor_id	: GenuineIntel
cpu family	: 6
model		: 142
model name	: Intel(R) Core(TM) i7-8550U CPU @ 1.80GHz
stepping	: 10
microcode	: 0x96
cpu MHz		: 3101.398
cache size	: 8192 KB
physical id	: 0
siblings	: 8
core id		: 3
cpu cores	: 4
apicid		: 6
initial apicid	: 6
fpu		: yes
fpu_exception	: yes
cpuid level	: 22
wp		: yes
flags		: fpu vme de pse tsc msr pae mce cx8 apic sep mtrr pge mca cmov pat pse36 clflush dts acpi mmx fxsr sse sse2 ss ht tm pbe syscall nx pdpe1gb rdtscp lm constant_tsc art arch_perfmon pebs bts rep_good nopl xtopology nonstop_tsc cpuid aperfmperf tsc_known_freq pni pclmulqdq dtes64 monitor ds_cpl vmx est tm2 ssse3 sdbg fma cx16 xtpr pdcm pcid sse4_1 sse4_2 x2apic movbe popcnt tsc_deadline_timer aes xsave avx f16c rdrand lahf_lm abm 3dnowprefetch cpuid_fault epb invpcid_single pti ssbd ibrs ibpb stibp tpr_shadow vnmi flexpriority ept vpid fsgsbase tsc_adjust bmi1 avx2 smep bmi2 erms invpcid mpx rdseed adx smap clflushopt intel_pt xsaveopt xsavec xgetbv1 xsaves dtherm ida arat pln pts hwp hwp_notify hwp_act_window hwp_epp flush_l1d
bugs		: cpu_meltdown spectre_v1 spectre_v2 spec_store_bypass l1tf
bogomips	: 3984.00
clflush size	: 64
cache_alignment	: 64
address sizes	: 39 bits physical, 48 bits virtual
power management:

processor	: 4
vendor_id	: GenuineIntel
cpu family	: 6
model		: 142
model name	: Intel(R) Core(TM) i7-8550U CPU @ 1.80GHz
stepping	: 10
microcode	: 0x96
cpu MHz		: 3102.052
cache size	: 8192 KB
physical id	: 0
siblings	: 8
core id		: 0
cpu cores	: 4
apicid		: 1
initial apicid	: 1
fpu		: yes
fpu_exception	: yes
cpuid level	: 22
wp		: yes
flags		: fpu vme de pse tsc msr pae mce cx8 apic sep mtrr pge mca cmov pat pse36 clflush dts acpi mmx fxsr sse sse2 ss ht tm pbe syscall nx pdpe1gb rdtscp lm constant_tsc art arch_perfmon pebs bts rep_good nopl xtopology nonstop_tsc cpuid aperfmperf tsc_known_freq pni pclmulqdq dtes64 monitor ds_cpl vmx est tm2 ssse3 sdbg fma cx16 xtpr pdcm pcid sse4_1 sse4_2 x2apic movbe popcnt tsc_deadline_timer aes xsave avx f16c rdrand lahf_lm abm 3dnowprefetch cpuid_fault epb invpcid_single pti ssbd ibrs ibpb stibp tpr_shadow vnmi flexpriority ept vpid fsgsbase tsc_adjust bmi1 avx2 smep bmi2 erms invpcid mpx rdseed adx smap clflushopt intel_pt xsaveopt xsavec xgetbv1 xsaves dtherm ida arat pln pts hwp hwp_notify hwp_act_window hwp_epp flush_l1d
bugs		: cpu_meltdown spectre_v1 spectre_v2 spec_store_bypass l1tf
bogomips	: 3984.00
clflush size	: 64
cache_alignment	: 64
address sizes	: 39 bits physical, 48 bits virtual
power management:

processor	: 5
vendor_id	: GenuineIntel
cpu family	: 6
model		: 142
model name	: Intel(R) Core(TM) i7-8550U CPU @ 1.80GHz
stepping	: 10
microcode	: 0x96
cpu MHz		: 3148.221
cache size	: 8192 KB
physical id	: 0
siblings	: 8
core id		: 1
cpu cores	: 4
apicid		: 3
initial apicid	: 3
fpu		: yes
fpu_exception	: yes
cpuid level	: 22
wp		: yes
flags		: fpu vme de pse tsc msr pae mce cx8 apic sep mtrr pge mca cmov pat pse36 clflush dts acpi mmx fxsr sse sse2 ss ht tm pbe syscall nx pdpe1gb rdtscp lm constant_tsc art arch_perfmon pebs bts rep_good nopl xtopology nonstop_tsc cpuid aperfmperf tsc_known_freq pni pclmulqdq dtes64 monitor ds_cpl vmx est tm2 ssse3 sdbg fma cx16 xtpr pdcm pcid sse4_1 sse4_2 x2apic movbe popcnt tsc_deadline_timer aes xsave avx f16c rdrand lahf_lm abm 3dnowprefetch cpuid_fault epb invpcid_single pti ssbd ibrs ibpb stibp tpr_shadow vnmi flexpriority ept vpid fsgsbase tsc_adjust bmi1 avx2 smep bmi2 erms invpcid mpx rdseed adx smap clflushopt intel_pt xsaveopt xsavec xgetbv1 xsaves dtherm ida arat pln pts hwp hwp_notify hwp_act_window hwp_epp flush_l1d
bugs		: cpu_meltdown spectre_v1 spectre_v2 spec_store_bypass l1tf
bogomips	: 3984.00
clflush size	: 64
cache_alignment	: 64
address sizes	: 39 bits physical, 48 bits virtual
power management:

processor	: 6
vendor_id	: GenuineIntel
cpu family	: 6
model		: 142
model name	: Intel(R) Core(TM) i7-8550U CPU @ 1.80GHz
stepping	: 10
microcode	: 0x96
cpu MHz		: 3126.556
cache size	: 8192 KB
physical id	: 0
siblings	: 8
core id		: 2
cpu cores	: 4
apicid		: 5
initial apicid	: 5
fpu		: yes
fpu_exception	: yes
cpuid level	: 22
wp		: yes
flags		: fpu vme de pse tsc msr pae mce cx8 apic sep mtrr pge mca cmov pat pse36 clflush dts acpi mmx fxsr sse sse2 ss ht tm pbe syscall nx pdpe1gb rdtscp lm constant_tsc art arch_perfmon pebs bts rep_good nopl xtopology nonstop_tsc cpuid aperfmperf tsc_known_freq pni pclmulqdq dtes64 monitor ds_cpl vmx est tm2 ssse3 sdbg fma cx16 xtpr pdcm pcid sse4_1 sse4_2 x2apic movbe popcnt tsc_deadline_timer aes xsave avx f16c rdrand lahf_lm abm 3dnowprefetch cpuid_fault epb invpcid_single pti ssbd ibrs ibpb stibp tpr_shadow vnmi flexpriority ept vpid fsgsbase tsc_adjust bmi1 avx2 smep bmi2 erms invpcid mpx rdseed adx smap clflushopt intel_pt xsaveopt xsavec xgetbv1 xsaves dtherm ida arat pln pts hwp hwp_notify hwp_act_window hwp_epp flush_l1d
bugs		: cpu_meltdown spectre_v1 spectre_v2 spec_store_bypass l1tf
bogomips	: 3984.00
clflush size	: 64
cache_alignment	: 64
address sizes	: 39 bits physical, 48 bits virtual
power management:

processor	: 7
vendor_id	: GenuineIntel
cpu family	: 6
model		: 142
model name	: Intel(R) Core(TM) i7-8550U CPU @ 1.80GHz
stepping	: 10
microcode	: 0x96
cpu MHz		: 3100.372
cache size	: 8192 KB
physical id	: 0
siblings	: 8
core id		: 3
cpu cores	: 4
apicid		: 7
initial apicid	: 7
fpu		: yes
fpu_exception	: yes
cpuid level	: 22
wp		: yes
flags		: fpu vme de pse tsc msr pae mce cx8 apic sep mtrr pge mca cmov pat pse36 clflush dts acpi mmx fxsr sse sse2 ss ht tm pbe syscall nx pdpe1gb rdtscp lm constant_tsc art arch_perfmon pebs bts rep_good nopl xtopology nonstop_tsc cpuid aperfmperf tsc_known_freq pni pclmulqdq dtes64 monitor ds_cpl vmx est tm2 ssse3 sdbg fma cx16 xtpr pdcm pcid sse4_1 sse4_2 x2apic movbe popcnt tsc_deadline_timer aes xsave avx f16c rdrand lahf_lm abm 3dnowprefetch cpuid_fault epb invpcid_single pti ssbd ibrs ibpb stibp tpr_shadow vnmi flexpriority ept vpid fsgsbase tsc_adjust bmi1 avx2 smep bmi2 erms invpcid mpx rdseed adx smap clflushopt intel_pt xsaveopt xsavec xgetbv1 xsaves dtherm ida arat pln pts hwp hwp_notify hwp_act_window hwp_epp flush_l1d
bugs		: cpu_meltdown spectre_v1 spectre_v2 spec_store_bypass l1tf
bogomips	: 3984.00
clflush size	: 64
cache_alignment	: 64
address sizes	: 39 bits physical, 48 bits virtual
power management:



Memory: 4k page, physical 8021540k(404776k free), swap 2097148k(2097148k free)

vm_info: Java HotSpot(TM) 64-Bit Server VM (25.201-b09) for linux-amd64 JRE (1.8.0_201-b09), built on Dec 15 2018 11:35:59 by "java_re" with gcc 7.3.0

time: Fri Mar 15 21:05:00 2019
timezone: IST
elapsed time: 0 seconds (0d 0h 0m 0s)

