#
# A fatal error has been detected by the Java Runtime Environment:
#
#  SIGSEGV (0xb) at pc=0x00007f81e9803783, pid=9043, tid=0x00007f81eab16b80
#
# JRE version: Java(TM) SE Runtime Environment (8.0_201-b09) (build 1.8.0_201-b09)
# Java VM: Java HotSpot(TM) 64-Bit Server VM (25.201-b09 mixed mode linux-amd64 compressed oops)
# Problematic frame:
# V  [libjvm.so+0x90b783]  SR_handler(int, siginfo*, ucontext*)+0x33
#
# Failed to write core dump. Core dumps have been disabled. To enable core dumping, try "ulimit -c unlimited" before starting Java again
#
# If you would like to submit a bug report, please visit:
#   http://bugreport.java.com/bugreport/crash.jsp
#

---------------  T H R E A D  ---------------

Current thread is native thread

siginfo: si_signo: 11 (SIGSEGV), si_code: 1 (SEGV_MAPERR), si_addr: 0x0000000000000128

Registers:
RAX=0x0000000000000000, RBX=0x00007f81eab15700, RCX=0x00007f81ea6f6d2d, RDX=0x00007f81eab16ea0
RSP=0x00007ffe744095c0, RBP=0x00007ffe74409670, RSI=0x00007ffe744097b0, RDI=0x0000000000000001
R8 =0x00000000000000ca, R9 =0x00007f81eab159d0, R10=0x0000000000000000, R11=0x0000000000000246
R12=0x00007f81eab16b00, R13=0x0000000000000002, R14=0x00007ffe744097b0, R15=0x00007ffe74409680
RIP=0x00007f81e9803783, EFLAGS=0x0000000000010246, CSGSFS=0x002b000000000033, ERR=0x0000000000000004
  TRAPNO=0x000000000000000e

Top of Stack: (sp=0x00007ffe744095c0)
0x00007ffe744095c0:   0000000000000000 00007f81ea0482df
0x00007ffe744095d0:   3334303974409b00 0000ffff00001fa0
0x00007ffe744095e0:   00007ffe74409620 00007ffe74409620
0x00007ffe744095f0:   000000000000003f 00007f81e9a52ca7
0x00007ffe74409600:   00007ffe744097b8 000000000130f5c0
0x00007ffe74409610:   00007ffe74409890 00007f81e9f69910
0x00007ffe74409620:   00000000fbad8001 00007ffe74409890
0x00007ffe74409630:   00007ffe74409890 00007ffe74409890
0x00007ffe74409640:   00007ffe74409890 00007f81eab15700
0x00007ffe74409650:   0000000000000000 00007ffe74409d30
0x00007ffe74409660:   0000000000000000 0000000000000001
0x00007ffe74409670:   00007ffe74409d98 00007f81ea700890
0x00007ffe74409680:   0000000000000007 0000000000000000
0x00007ffe74409690:   0000000000000000 00007f8100000002
0x00007ffe744096a0:   0000000000000000 00000000000000ca
0x00007ffe744096b0:   00007f81eab159d0 0000000000000000
0x00007ffe744096c0:   0000000000000246 0000000000000000
0x00007ffe744096d0:   00007ffe74409d30 0000000000000000
0x00007ffe744096e0:   0000000000000001 00007f81eab159d0
0x00007ffe744096f0:   0000000000000000 00007ffe74409d98
0x00007ffe74409700:   00007f81eab15700 000000000000235e
0x00007ffe74409710:   00000000000000ca 00007f81ea6f6d2d
0x00007ffe74409720:   00007ffe74409d20 00007f81ea6f6d2b
0x00007ffe74409730:   0000000000000246 002b000000000033
0x00007ffe74409740:   0000000000000000 0000000000000000
0x00007ffe74409750:   0000000000000000 0000000000000000
0x00007ffe74409760:   00007ffe74409840 00007f81eab36170
0x00007ffe74409770:   0000000000000000 00007f81ea917f5f
0x00007ffe74409780:   00007f81eab18000 00007f81ea9181ef
0x00007ffe74409790:   0000000000000004 00007f81ea6f0f58
0x00007ffe744097a0:   000000000017501c 0000000000000000
0x00007ffe744097b0:   000000000000000c 00007f8100000000 

Instructions: (pc=0x00007f81e9803783)
0x00007f81e9803763:   48 81 ec 88 00 00 00 e8 81 1d 8f ff 44 8b 28 49
0x00007f81e9803773:   89 c4 48 8d 05 2c 61 68 00 8b 38 e8 15 2c 8f ff
0x00007f81e9803783:   48 8b 98 28 01 00 00 8b 83 a8 00 00 00 83 f8 01
0x00007f81e9803793:   74 1b 45 89 2c 24 48 81 c4 88 00 00 00 5b 41 5c 

Register to memory mapping:

RAX=0x0000000000000000 is an unknown value
RBX=0x00007f81eab15700 is pointing into the stack for thread: 0x00007f81e400b000
RCX=0x00007f81ea6f6d2d: <offset 0x8d2d> in /lib/x86_64-linux-gnu/libpthread.so.0 at 0x00007f81ea6ee000
RDX=0x00007f81eab16ea0 is an unknown value
RSP=0x00007ffe744095c0 is an unknown value
RBP=0x00007ffe74409670 is an unknown value
RSI=0x00007ffe744097b0 is an unknown value
RDI=0x0000000000000001 is an unknown value
R8 =0x00000000000000ca is an unknown value
R9 =0x00007f81eab159d0 is pointing into the stack for thread: 0x00007f81e400b000
R10=0x0000000000000000 is an unknown value
R11=0x0000000000000246 is an unknown value
R12=0x00007f81eab16b00 is an unknown value
R13=0x0000000000000002 is an unknown value
R14=0x00007ffe744097b0 is an unknown value
R15=0x00007ffe74409680 is an unknown value


Stack: [0x00007ffe74311000,0x00007ffe74411000],  sp=0x00007ffe744095c0,  free space=993k
Native frames: (J=compiled Java code, j=interpreted, Vv=VM code, C=native code)
V  [libjvm.so+0x90b783]  SR_handler(int, siginfo*, ucontext*)+0x33
C  [libpthread.so.0+0x12890]


---------------  P R O C E S S  ---------------

VM state:not at safepoint (normal execution)

VM Mutex/Monitor currently owned by a thread: None

heap address: 0x0000000085800000, size: 1960 MB, Compressed Oops mode: 32-bit
Narrow klass base: 0x0000000000000000, Narrow klass shift: 3
Compressed class space size: 1073741824 Address: 0x0000000100000000

Heap:
 PSYoungGen      total 36864K, used 5718K [0x00000000d7300000, 0x00000000d9c00000, 0x0000000100000000)
  eden space 31744K, 18% used [0x00000000d7300000,0x00000000d7895b00,0x00000000d9200000)
  from space 5120K, 0% used [0x00000000d9700000,0x00000000d9700000,0x00000000d9c00000)
  to   space 5120K, 0% used [0x00000000d9200000,0x00000000d9200000,0x00000000d9700000)
 ParOldGen       total 84992K, used 0K [0x0000000085800000, 0x000000008ab00000, 0x00000000d7300000)
  object space 84992K, 0% used [0x0000000085800000,0x0000000085800000,0x000000008ab00000)
 Metaspace       used 4100K, capacity 4920K, committed 5248K, reserved 1056768K
  class space    used 471K, capacity 536K, committed 640K, reserved 1048576K

Card table byte_map: [0x00007f81d4223000,0x00007f81d45f8000] byte_map_base: 0x00007f81d3df7000

Marking Bits: (ParMarkBitMap*) 0x00007f81e9ec3d80
 Begin Bits: [0x00007f81c82c0000, 0x00007f81ca160000)
 End Bits:   [0x00007f81ca160000, 0x00007f81cc000000)

Polling page: 0x00007f81eab33000

CodeCache: size=245760Kb used=1495Kb max_used=1507Kb free=244264Kb
 bounds [0x00007f81d49b8000, 0x00007f81d4c28000, 0x00007f81e39b8000]
 total_blobs=453 nmethods=188 adapters=179
 compilation: enabled

Compilation events (10 events):
Event: 0.138 Thread 0x00007f81e40c9000 nmethod 165 0x00007f81d4b222d0 code [0x00007f81d4b224a0, 0x00007f81d4b22b18]
Event: 0.139 Thread 0x00007f81e40c9000  168       3       java.util.zip.ZipFile::ensureOpen (37 bytes)
Event: 0.139 Thread 0x00007f81e40c9000 nmethod 168 0x00007f81d4b23210 code [0x00007f81d4b233a0, 0x00007f81d4b23718]
Event: 0.139 Thread 0x00007f81e40c9000  171       3       java.lang.String::equalsIgnoreCase (48 bytes)
Event: 0.140 Thread 0x00007f81e40c9000 nmethod 171 0x00007f81d4b23890 code [0x00007f81d4b23a00, 0x00007f81d4b23d48]
Event: 0.140 Thread 0x00007f81e40c9000  169       3       java.util.zip.ZipCoder::getBytes (192 bytes)
Event: 0.141 Thread 0x00007f81e40c9000 nmethod 169 0x00007f81d4b241d0 code [0x00007f81d4b24580, 0x00007f81d4b26838]
Event: 0.141 Thread 0x00007f81e40c9000  173       1       java.lang.ThreadLocal::getMap (5 bytes)
Event: 0.142 Thread 0x00007f81e40c9000 nmethod 173 0x00007f81d4b27a10 code [0x00007f81d4b27b60, 0x00007f81d4b27c70]
Event: 0.142 Thread 0x00007f81e40c9000  176       3       java.lang.String::getBytes (27 bytes)

GC Heap History (0 events):
No events

Deoptimization events (0 events):
No events

Classes redefined (0 events):
No events

Internal exceptions (6 events):
Event: 0.025 Thread 0x00007f81e400b000 Exception <a 'java/lang/NoSuchMethodError': Method sun.misc.Unsafe.defineClass(Ljava/lang/String;[BII)Ljava/lang/Class; name or signature does not match> (0x00000000d7307cb0) thrown at [/HUDSON/workspace/8-2-build-linux-amd64/jdk8u201/12317/hotspot/src/sh
Event: 0.025 Thread 0x00007f81e400b000 Exception <a 'java/lang/NoSuchMethodError': Method sun.misc.Unsafe.prefetchRead(Ljava/lang/Object;J)V name or signature does not match> (0x00000000d7307f98) thrown at [/HUDSON/workspace/8-2-build-linux-amd64/jdk8u201/12317/hotspot/src/share/vm/prims/jni.c
Event: 0.089 Thread 0x00007f81e400b000 Exception <a 'java/security/PrivilegedActionException'> (0x00000000d74a4d80) thrown at [/HUDSON/workspace/8-2-build-linux-amd64/jdk8u201/12317/hotspot/src/share/vm/prims/jvm.cpp, line 1502]
Event: 0.089 Thread 0x00007f81e400b000 Exception <a 'java/security/PrivilegedActionException'> (0x00000000d74a4f90) thrown at [/HUDSON/workspace/8-2-build-linux-amd64/jdk8u201/12317/hotspot/src/share/vm/prims/jvm.cpp, line 1502]
Event: 0.089 Thread 0x00007f81e400b000 Exception <a 'java/security/PrivilegedActionException'> (0x00000000d74a7390) thrown at [/HUDSON/workspace/8-2-build-linux-amd64/jdk8u201/12317/hotspot/src/share/vm/prims/jvm.cpp, line 1502]
Event: 0.089 Thread 0x00007f81e400b000 Exception <a 'java/security/PrivilegedActionException'> (0x00000000d74a75a0) thrown at [/HUDSON/workspace/8-2-build-linux-amd64/jdk8u201/12317/hotspot/src/share/vm/prims/jvm.cpp, line 1502]

Events (10 events):
Event: 0.139 loading class org/gradle/internal/io/LineBufferingOutputStream
Event: 0.139 loading class org/gradle/internal/io/LineBufferingOutputStream done
Event: 0.139 loading class org/gradle/api/Transformer
Event: 0.139 loading class org/gradle/api/Transformer done
Event: 0.139 loading class org/gradle/api/specs/Spec
Event: 0.139 loading class org/gradle/api/specs/Spec done
Event: 0.140 loading class java/util/regex/Pattern$CharProperty$1
Event: 0.140 loading class java/util/regex/Pattern$CharProperty$1 done
Event: 0.140 loading class java/util/regex/Pattern$1
Event: 0.140 loading class java/util/regex/Pattern$1 done


Dynamic libraries:
00400000-00401000 r-xp 00000000 08:06 8013769                            /usr/lib/jvm/jdk1.8.0_201/bin/java
00600000-00601000 r--p 00000000 08:06 8013769                            /usr/lib/jvm/jdk1.8.0_201/bin/java
00601000-00602000 rw-p 00001000 08:06 8013769                            /usr/lib/jvm/jdk1.8.0_201/bin/java
0130f000-015dd000 rw-p 00000000 00:00 0                                  [heap]
85800000-8ab00000 rw-p 00000000 00:00 0 
8ab00000-d7300000 ---p 00000000 00:00 0 
d7300000-d9c00000 rw-p 00000000 00:00 0 
d9c00000-100000000 ---p 00000000 00:00 0 
100000000-1000a0000 rw-p 00000000 00:00 0 
1000a0000-140000000 ---p 00000000 00:00 0 
7f8174000000-7f8174021000 rw-p 00000000 00:00 0 
7f8174021000-7f8178000000 ---p 00000000 00:00 0 
7f8178000000-7f8178021000 rw-p 00000000 00:00 0 
7f8178021000-7f817c000000 ---p 00000000 00:00 0 
7f817c000000-7f817c021000 rw-p 00000000 00:00 0 
7f817c021000-7f8180000000 ---p 00000000 00:00 0 
7f8180000000-7f818013a000 rw-p 00000000 00:00 0 
7f818013a000-7f8184000000 ---p 00000000 00:00 0 
7f8184000000-7f818406e000 rw-p 00000000 00:00 0 
7f818406e000-7f8188000000 ---p 00000000 00:00 0 
7f8188000000-7f8188021000 rw-p 00000000 00:00 0 
7f8188021000-7f818c000000 ---p 00000000 00:00 0 
7f818c000000-7f818c021000 rw-p 00000000 00:00 0 
7f818c021000-7f8190000000 ---p 00000000 00:00 0 
7f8190000000-7f8190021000 rw-p 00000000 00:00 0 
7f8190021000-7f8194000000 ---p 00000000 00:00 0 
7f8194000000-7f8194021000 rw-p 00000000 00:00 0 
7f8194021000-7f8198000000 ---p 00000000 00:00 0 
7f8198000000-7f8198021000 rw-p 00000000 00:00 0 
7f8198021000-7f819c000000 ---p 00000000 00:00 0 
7f819c000000-7f819c021000 rw-p 00000000 00:00 0 
7f819c021000-7f81a0000000 ---p 00000000 00:00 0 
7f81a0000000-7f81a0021000 rw-p 00000000 00:00 0 
7f81a0021000-7f81a4000000 ---p 00000000 00:00 0 
7f81a4000000-7f81a4021000 rw-p 00000000 00:00 0 
7f81a4021000-7f81a8000000 ---p 00000000 00:00 0 
7f81ac000000-7f81ac021000 rw-p 00000000 00:00 0 
7f81ac021000-7f81b0000000 ---p 00000000 00:00 0 
7f81b4000000-7f81b4021000 rw-p 00000000 00:00 0 
7f81b4021000-7f81b8000000 ---p 00000000 00:00 0 
7f81bc000000-7f81bc021000 rw-p 00000000 00:00 0 
7f81bc021000-7f81c0000000 ---p 00000000 00:00 0 
7f81c37d2000-7f81c37e3000 r-xp 00000000 08:06 10888331                   /usr/lib/jvm/jdk1.8.0_201/jre/lib/amd64/libnio.so
7f81c37e3000-7f81c39e2000 ---p 00011000 08:06 10888331                   /usr/lib/jvm/jdk1.8.0_201/jre/lib/amd64/libnio.so
7f81c39e2000-7f81c39e3000 r--p 00010000 08:06 10888331                   /usr/lib/jvm/jdk1.8.0_201/jre/lib/amd64/libnio.so
7f81c39e3000-7f81c39e4000 rw-p 00011000 08:06 10888331                   /usr/lib/jvm/jdk1.8.0_201/jre/lib/amd64/libnio.so
7f81c39e4000-7f81c39fa000 r-xp 00000000 08:06 10888328                   /usr/lib/jvm/jdk1.8.0_201/jre/lib/amd64/libnet.so
7f81c39fa000-7f81c3bfa000 ---p 00016000 08:06 10888328                   /usr/lib/jvm/jdk1.8.0_201/jre/lib/amd64/libnet.so
7f81c3bfa000-7f81c3bfb000 r--p 00016000 08:06 10888328                   /usr/lib/jvm/jdk1.8.0_201/jre/lib/amd64/libnet.so
7f81c3bfb000-7f81c3bfc000 rw-p 00017000 08:06 10888328                   /usr/lib/jvm/jdk1.8.0_201/jre/lib/amd64/libnet.so
7f81c3bfc000-7f81c3bfd000 ---p 00000000 00:00 0 
7f81c3bfd000-7f81c3cfd000 rw-p 00000000 00:00 0 
7f81c3cfd000-7f81c3d00000 ---p 00000000 00:00 0 
7f81c3d00000-7f81c3dfe000 rw-p 00000000 00:00 0 
7f81c3dfe000-7f81c3dff000 ---p 00000000 00:00 0 
7f81c3dff000-7f81c3e02000 ---p 00000000 00:00 0 
7f81c3e02000-7f81c3eff000 rw-p 00000000 00:00 0 
7f81c3eff000-7f81c3f00000 ---p 00000000 00:00 0 
7f81c3f00000-7f81c3f03000 ---p 00000000 00:00 0 
7f81c3f03000-7f81c4000000 rw-p 00000000 00:00 0 
7f81c4000000-7f81c4021000 rw-p 00000000 00:00 0 
7f81c4021000-7f81c8000000 ---p 00000000 00:00 0 
7f81c806b000-7f81c80b1000 r--s 00265000 08:06 131433                     /home/ermicho/.gradle/wrapper/dists/gradle-4.10.2-all/9fahxiiecdb76a5g3aw9oi8rv/gradle-4.10.2/lib/gradle-core-4.10.2.jar
7f81c80b1000-7f81c80be000 r--s 00037000 08:06 131435                     /home/ermicho/.gradle/wrapper/dists/gradle-4.10.2-all/9fahxiiecdb76a5g3aw9oi8rv/gradle-4.10.2/lib/gradle-core-api-4.10.2.jar
7f81c80be000-7f81c80bf000 ---p 00000000 00:00 0 
7f81c80bf000-7f81c80c2000 ---p 00000000 00:00 0 
7f81c80c2000-7f81c81bf000 rw-p 00000000 00:00 0 
7f81c81bf000-7f81c81c0000 ---p 00000000 00:00 0 
7f81c81c0000-7f81c81c3000 ---p 00000000 00:00 0 
7f81c81c3000-7f81cc000000 rw-p 00000000 00:00 0 
7f81cc000000-7f81cc021000 rw-p 00000000 00:00 0 
7f81cc021000-7f81d0000000 ---p 00000000 00:00 0 
7f81d000a000-7f81d000d000 ---p 00000000 00:00 0 
7f81d000d000-7f81d010b000 rw-p 00000000 00:00 0 
7f81d010b000-7f81d0ada000 r--p 00000000 08:06 662140                     /usr/lib/locale/locale-archive
7f81d0ada000-7f81d0add000 ---p 00000000 00:00 0 
7f81d0add000-7f81d0bdb000 rw-p 00000000 00:00 0 
7f81d0bdb000-7f81d0bde000 ---p 00000000 00:00 0 
7f81d0bde000-7f81d0cdc000 rw-p 00000000 00:00 0 
7f81d0cdc000-7f81d0cdd000 ---p 00000000 00:00 0 
7f81d0cdd000-7f81d29df000 rw-p 00000000 00:00 0 
7f81d29df000-7f81d2bb9000 r--s 03d6f000 08:06 10888034                   /usr/lib/jvm/jdk1.8.0_201/jre/lib/rt.jar
7f81d2bb9000-7f81d3039000 rw-p 00000000 00:00 0 
7f81d3039000-7f81d33b9000 ---p 00000000 00:00 0 
7f81d33b9000-7f81d378d000 rw-p 00000000 00:00 0 
7f81d378d000-7f81d378e000 ---p 00000000 00:00 0 
7f81d378e000-7f81d388e000 rw-p 00000000 00:00 0 
7f81d388e000-7f81d388f000 ---p 00000000 00:00 0 
7f81d388f000-7f81d398f000 rw-p 00000000 00:00 0 
7f81d398f000-7f81d3990000 ---p 00000000 00:00 0 
7f81d3990000-7f81d3a90000 rw-p 00000000 00:00 0 
7f81d3a90000-7f81d3a91000 ---p 00000000 00:00 0 
7f81d3a91000-7f81d3b91000 rw-p 00000000 00:00 0 
7f81d3b91000-7f81d3b92000 ---p 00000000 00:00 0 
7f81d3b92000-7f81d3c92000 rw-p 00000000 00:00 0 
7f81d3c92000-7f81d3c93000 ---p 00000000 00:00 0 
7f81d3c93000-7f81d3d93000 rw-p 00000000 00:00 0 
7f81d3d93000-7f81d3d94000 ---p 00000000 00:00 0 
7f81d3d94000-7f81d3e94000 rw-p 00000000 00:00 0 
7f81d3e94000-7f81d3e95000 ---p 00000000 00:00 0 
7f81d3e95000-7f81d3fbf000 rw-p 00000000 00:00 0 
7f81d3fbf000-7f81d4223000 ---p 00000000 00:00 0 
7f81d4223000-7f81d424d000 rw-p 00000000 00:00 0 
7f81d424d000-7f81d44b0000 ---p 00000000 00:00 0 
7f81d44b0000-7f81d44c5000 rw-p 00000000 00:00 0 
7f81d44c5000-7f81d45f7000 ---p 00000000 00:00 0 
7f81d45f7000-7f81d4602000 rw-p 00000000 00:00 0 
7f81d4602000-7f81d49b8000 ---p 00000000 00:00 0 
7f81d49b8000-7f81d4c28000 rwxp 00000000 00:00 0 
7f81d4c28000-7f81e39b8000 ---p 00000000 00:00 0 
7f81e39b8000-7f81e39d3000 r-xp 00000000 08:06 10888324                   /usr/lib/jvm/jdk1.8.0_201/jre/lib/amd64/libzip.so
7f81e39d3000-7f81e3bd2000 ---p 0001b000 08:06 10888324                   /usr/lib/jvm/jdk1.8.0_201/jre/lib/amd64/libzip.so
7f81e3bd2000-7f81e3bd3000 r--p 0001a000 08:06 10888324                   /usr/lib/jvm/jdk1.8.0_201/jre/lib/amd64/libzip.so
7f81e3bd3000-7f81e3bd4000 rw-p 0001b000 08:06 10888324                   /usr/lib/jvm/jdk1.8.0_201/jre/lib/amd64/libzip.so
7f81e3bd4000-7f81e3bdf000 r-xp 00000000 08:06 3937066                    /lib/x86_64-linux-gnu/libnss_files-2.27.so
7f81e3bdf000-7f81e3dde000 ---p 0000b000 08:06 3937066                    /lib/x86_64-linux-gnu/libnss_files-2.27.so
7f81e3dde000-7f81e3ddf000 r--p 0000a000 08:06 3937066                    /lib/x86_64-linux-gnu/libnss_files-2.27.so
7f81e3ddf000-7f81e3de0000 rw-p 0000b000 08:06 3937066                    /lib/x86_64-linux-gnu/libnss_files-2.27.so
7f81e3de0000-7f81e3de6000 rw-p 00000000 00:00 0 
7f81e3de6000-7f81e3dfd000 r-xp 00000000 08:06 3937060                    /lib/x86_64-linux-gnu/libnsl-2.27.so
7f81e3dfd000-7f81e3ffc000 ---p 00017000 08:06 3937060                    /lib/x86_64-linux-gnu/libnsl-2.27.so
7f81e3ffc000-7f81e3ffd000 r--p 00016000 08:06 3937060                    /lib/x86_64-linux-gnu/libnsl-2.27.so
7f81e3ffd000-7f81e3ffe000 rw-p 00017000 08:06 3937060                    /lib/x86_64-linux-gnu/libnsl-2.27.so
7f81e3ffe000-7f81e4000000 rw-p 00000000 00:00 0 
7f81e4000000-7f81e440f000 rw-p 00000000 00:00 0 
7f81e440f000-7f81e8000000 ---p 00000000 00:00 0 
7f81e800c000-7f81e8018000 r--s 00064000 08:06 131446                     /home/ermicho/.gradle/wrapper/dists/gradle-4.10.2-all/9fahxiiecdb76a5g3aw9oi8rv/gradle-4.10.2/lib/gradle-base-services-4.10.2.jar
7f81e8018000-7f81e80fe000 rw-p 00000000 00:00 0 
7f81e80fe000-7f81e8109000 r-xp 00000000 08:06 3937077                    /lib/x86_64-linux-gnu/libnss_nis-2.27.so
7f81e8109000-7f81e8308000 ---p 0000b000 08:06 3937077                    /lib/x86_64-linux-gnu/libnss_nis-2.27.so
7f81e8308000-7f81e8309000 r--p 0000a000 08:06 3937077                    /lib/x86_64-linux-gnu/libnss_nis-2.27.so
7f81e8309000-7f81e830a000 rw-p 0000b000 08:06 3937077                    /lib/x86_64-linux-gnu/libnss_nis-2.27.so
7f81e830a000-7f81e8312000 r-xp 00000000 08:06 3937062                    /lib/x86_64-linux-gnu/libnss_compat-2.27.so
7f81e8312000-7f81e8512000 ---p 00008000 08:06 3937062                    /lib/x86_64-linux-gnu/libnss_compat-2.27.so
7f81e8512000-7f81e8513000 r--p 00008000 08:06 3937062                    /lib/x86_64-linux-gnu/libnss_compat-2.27.so
7f81e8513000-7f81e8514000 rw-p 00009000 08:06 3937062                    /lib/x86_64-linux-gnu/libnss_compat-2.27.so
7f81e8514000-7f81e8540000 r-xp 00000000 08:06 10888318                   /usr/lib/jvm/jdk1.8.0_201/jre/lib/amd64/libjava.so
7f81e8540000-7f81e8740000 ---p 0002c000 08:06 10888318                   /usr/lib/jvm/jdk1.8.0_201/jre/lib/amd64/libjava.so
7f81e8740000-7f81e8741000 r--p 0002c000 08:06 10888318                   /usr/lib/jvm/jdk1.8.0_201/jre/lib/amd64/libjava.so
7f81e8741000-7f81e8743000 rw-p 0002d000 08:06 10888318                   /usr/lib/jvm/jdk1.8.0_201/jre/lib/amd64/libjava.so
7f81e8743000-7f81e8750000 r-xp 00000000 08:06 10888323                   /usr/lib/jvm/jdk1.8.0_201/jre/lib/amd64/libverify.so
7f81e8750000-7f81e894f000 ---p 0000d000 08:06 10888323                   /usr/lib/jvm/jdk1.8.0_201/jre/lib/amd64/libverify.so
7f81e894f000-7f81e8951000 r--p 0000c000 08:06 10888323                   /usr/lib/jvm/jdk1.8.0_201/jre/lib/amd64/libverify.so
7f81e8951000-7f81e8952000 rw-p 0000e000 08:06 10888323                   /usr/lib/jvm/jdk1.8.0_201/jre/lib/amd64/libverify.so
7f81e8952000-7f81e8959000 r-xp 00000000 08:06 3937117                    /lib/x86_64-linux-gnu/librt-2.27.so
7f81e8959000-7f81e8b58000 ---p 00007000 08:06 3937117                    /lib/x86_64-linux-gnu/librt-2.27.so
7f81e8b58000-7f81e8b59000 r--p 00006000 08:06 3937117                    /lib/x86_64-linux-gnu/librt-2.27.so
7f81e8b59000-7f81e8b5a000 rw-p 00007000 08:06 3937117                    /lib/x86_64-linux-gnu/librt-2.27.so
7f81e8b5a000-7f81e8cf7000 r-xp 00000000 08:06 3937039                    /lib/x86_64-linux-gnu/libm-2.27.so
7f81e8cf7000-7f81e8ef6000 ---p 0019d000 08:06 3937039                    /lib/x86_64-linux-gnu/libm-2.27.so
7f81e8ef6000-7f81e8ef7000 r--p 0019c000 08:06 3937039                    /lib/x86_64-linux-gnu/libm-2.27.so
7f81e8ef7000-7f81e8ef8000 rw-p 0019d000 08:06 3937039                    /lib/x86_64-linux-gnu/libm-2.27.so
7f81e8ef8000-7f81e9be0000 r-xp 00000000 08:06 10888346                   /usr/lib/jvm/jdk1.8.0_201/jre/lib/amd64/server/libjvm.so
7f81e9be0000-7f81e9ddf000 ---p 00ce8000 08:06 10888346                   /usr/lib/jvm/jdk1.8.0_201/jre/lib/amd64/server/libjvm.so
7f81e9ddf000-7f81e9e75000 r--p 00ce7000 08:06 10888346                   /usr/lib/jvm/jdk1.8.0_201/jre/lib/amd64/server/libjvm.so
7f81e9e75000-7f81e9ea6000 rw-p 00d7d000 08:06 10888346                   /usr/lib/jvm/jdk1.8.0_201/jre/lib/amd64/server/libjvm.so
7f81e9ea6000-7f81e9ee1000 rw-p 00000000 00:00 0 
7f81e9ee1000-7f81ea0c8000 r-xp 00000000 08:06 3936976                    /lib/x86_64-linux-gnu/libc-2.27.so
7f81ea0c8000-7f81ea2c8000 ---p 001e7000 08:06 3936976                    /lib/x86_64-linux-gnu/libc-2.27.so
7f81ea2c8000-7f81ea2cc000 r--p 001e7000 08:06 3936976                    /lib/x86_64-linux-gnu/libc-2.27.so
7f81ea2cc000-7f81ea2ce000 rw-p 001eb000 08:06 3936976                    /lib/x86_64-linux-gnu/libc-2.27.so
7f81ea2ce000-7f81ea2d2000 rw-p 00000000 00:00 0 
7f81ea2d2000-7f81ea2d5000 r-xp 00000000 08:06 3936999                    /lib/x86_64-linux-gnu/libdl-2.27.so
7f81ea2d5000-7f81ea4d4000 ---p 00003000 08:06 3936999                    /lib/x86_64-linux-gnu/libdl-2.27.so
7f81ea4d4000-7f81ea4d5000 r--p 00002000 08:06 3936999                    /lib/x86_64-linux-gnu/libdl-2.27.so
7f81ea4d5000-7f81ea4d6000 rw-p 00003000 08:06 3936999                    /lib/x86_64-linux-gnu/libdl-2.27.so
7f81ea4d6000-7f81ea4ed000 r-xp 00000000 08:06 9054391                    /usr/lib/jvm/jdk1.8.0_201/lib/amd64/jli/libjli.so
7f81ea4ed000-7f81ea6ec000 ---p 00017000 08:06 9054391                    /usr/lib/jvm/jdk1.8.0_201/lib/amd64/jli/libjli.so
7f81ea6ec000-7f81ea6ed000 r--p 00016000 08:06 9054391                    /usr/lib/jvm/jdk1.8.0_201/lib/amd64/jli/libjli.so
7f81ea6ed000-7f81ea6ee000 rw-p 00017000 08:06 9054391                    /usr/lib/jvm/jdk1.8.0_201/lib/amd64/jli/libjli.so
7f81ea6ee000-7f81ea708000 r-xp 00000000 08:06 3937109                    /lib/x86_64-linux-gnu/libpthread-2.27.so
7f81ea708000-7f81ea907000 ---p 0001a000 08:06 3937109                    /lib/x86_64-linux-gnu/libpthread-2.27.so
7f81ea907000-7f81ea908000 r--p 00019000 08:06 3937109                    /lib/x86_64-linux-gnu/libpthread-2.27.so
7f81ea908000-7f81ea909000 rw-p 0001a000 08:06 3937109                    /lib/x86_64-linux-gnu/libpthread-2.27.so
7f81ea909000-7f81ea90d000 rw-p 00000000 00:00 0 
7f81ea90d000-7f81ea934000 r-xp 00000000 08:06 3936948                    /lib/x86_64-linux-gnu/ld-2.27.so
7f81ea93d000-7f81ea94a000 r--s 00068000 08:06 131428                     /home/ermicho/.gradle/wrapper/dists/gradle-4.10.2-all/9fahxiiecdb76a5g3aw9oi8rv/gradle-4.10.2/lib/gradle-launcher-4.10.2.jar
7f81ea94a000-7f81eaa15000 rw-p 00000000 00:00 0 
7f81eaa15000-7f81eaa16000 ---p 00000000 00:00 0 
7f81eaa16000-7f81eaa19000 ---p 00000000 00:00 0 
7f81eaa19000-7f81eab1a000 rw-p 00000000 00:00 0 
7f81eab24000-7f81eab28000 r--s 000a1000 08:06 10888039                   /usr/lib/jvm/jdk1.8.0_201/jre/lib/jsse.jar
7f81eab28000-7f81eab2a000 r--s 0000c000 08:06 4105167                    /home/ermicho/projects/react-native/PropertyFinder/android/gradle/wrapper/gradle-wrapper.jar
7f81eab2a000-7f81eab32000 rw-s 00000000 08:06 13139442                   /tmp/hsperfdata_ermicho/9043
7f81eab32000-7f81eab33000 rw-p 00000000 00:00 0 
7f81eab33000-7f81eab34000 r--p 00000000 00:00 0 
7f81eab34000-7f81eab35000 r--p 00027000 08:06 3936948                    /lib/x86_64-linux-gnu/ld-2.27.so
7f81eab35000-7f81eab36000 rw-p 00028000 08:06 3936948                    /lib/x86_64-linux-gnu/ld-2.27.so
7f81eab36000-7f81eab37000 rw-p 00000000 00:00 0 
7ffe743ee000-7ffe74411000 rw-p 00000000 00:00 0                          [stack]
7ffe74509000-7ffe7450c000 r--p 00000000 00:00 0                          [vvar]
7ffe7450c000-7ffe7450e000 r-xp 00000000 00:00 0                          [vdso]
ffffffffff600000-ffffffffff601000 r-xp 00000000 00:00 0                  [vsyscall]

VM Arguments:
jvm_args: -Dorg.gradle.appname=gradlew 
java_command: org.gradle.wrapper.GradleWrapperMain app:installDebug
java_class_path (initial): /home/ermicho/projects/react-native/PropertyFinder/android/gradle/wrapper/gradle-wrapper.jar
Launcher Type: SUN_STANDARD

Environment Variables:
JAVA_HOME=/usr/lib/jvm/jdk1.8.0_201
PATH=/home/ermicho/projects/react-native/PropertyFinder/node_modules/.bin:/usr/local/lib/node_modules/npm/node_modules/npm-lifecycle/node-gyp-bin:/home/ermicho/projects/react-native/PropertyFinder/node_modules/.bin:/usr/local/sbin:/usr/local/bin:/usr/sbin:/usr/bin:/sbin:/bin:/usr/games:/usr/local/games:/snap/bin:/home/ermicho/Android/Sdk/tools:/home/ermicho/Android/Sdk/tools/bin:/home/ermicho/Android/Sdk/platform-tools:/home/ermicho/Android/Sdk/emulator:/home/ermicho/Android/Sdk/tools/bin:/home/ermicho/Android/Sdk/platform-tools
USERNAME=ermicho
SHELL=/bin/bash
DISPLAY=:0

Signal Handlers:
SIGSEGV: [libjvm.so+0xad3e60], sa_mask[0]=11111111011111111101111111111110, sa_flags=SA_RESTART|SA_SIGINFO
SIGBUS: [libjvm.so+0xad3e60], sa_mask[0]=11111111011111111101111111111110, sa_flags=SA_RESTART|SA_SIGINFO
SIGFPE: [libjvm.so+0x90b880], sa_mask[0]=11111111011111111101111111111110, sa_flags=SA_RESTART|SA_SIGINFO
SIGPIPE: [libjvm.so+0x90b880], sa_mask[0]=11111111011111111101111111111110, sa_flags=SA_RESTART|SA_SIGINFO
SIGXFSZ: [libjvm.so+0x90b880], sa_mask[0]=11111111011111111101111111111110, sa_flags=SA_RESTART|SA_SIGINFO
SIGILL: [libjvm.so+0x90b880], sa_mask[0]=11111111011111111101111111111110, sa_flags=SA_RESTART|SA_SIGINFO
SIGUSR1: SIG_DFL, sa_mask[0]=00000000000000000000000000000000, sa_flags=none
SIGUSR2: [libjvm.so+0x90b750], sa_mask[0]=00000000000000000000000000000000, sa_flags=SA_RESTART|SA_SIGINFO
SIGHUP: [libjvm.so+0x90bd70], sa_mask[0]=11111111011111111101111111111110, sa_flags=SA_RESTART|SA_SIGINFO
SIGINT: [libjvm.so+0x90bd70], sa_mask[0]=11111111011111111101111111111110, sa_flags=SA_RESTART|SA_SIGINFO
SIGTERM: [libjvm.so+0x90bd70], sa_mask[0]=11111111011111111101111111111110, sa_flags=SA_RESTART|SA_SIGINFO
SIGQUIT: [libjvm.so+0x90bd70], sa_mask[0]=11111111011111111101111111111110, sa_flags=SA_RESTART|SA_SIGINFO


---------------  S Y S T E M  ---------------

OS:DISTRIB_ID=Ubuntu
DISTRIB_RELEASE=18.04
DISTRIB_CODENAME=bionic
DISTRIB_DESCRIPTION="Ubuntu 18.04.2 LTS"

uname:Linux 4.15.0-46-generic #49-Ubuntu SMP Wed Feb 6 09:33:07 UTC 2019 x86_64
libc:glibc 2.27 NPTL 2.27 
rlimit: STACK 8192k, CORE 0k, NPROC 30710, NOFILE 4096, AS infinity
load average:1.81 1.52 1.47

/proc/meminfo:
MemTotal:        8021540 kB
MemFree:          276736 kB
MemAvailable:    1702116 kB
Buffers:           79960 kB
Cached:          2501648 kB
SwapCached:            0 kB
Active:          5694920 kB
Inactive:        1593888 kB
Active(anon):    4660000 kB
Inactive(anon):  1048880 kB
Active(file):    1034920 kB
Inactive(file):   545008 kB
Unevictable:         344 kB
Mlocked:             344 kB
SwapTotal:       2097148 kB
SwapFree:        2097148 kB
Dirty:             70088 kB
Writeback:             4 kB
AnonPages:       4707312 kB
Mapped:          1184316 kB
Shmem:           1077536 kB
Slab:             222988 kB
SReclaimable:     137624 kB
SUnreclaim:        85364 kB
KernelStack:       23776 kB
PageTables:        96148 kB
NFS_Unstable:          0 kB
Bounce:                0 kB
WritebackTmp:          0 kB
CommitLimit:     6107916 kB
Committed_AS:   16912460 kB
VmallocTotal:   34359738367 kB
VmallocUsed:           0 kB
VmallocChunk:          0 kB
HardwareCorrupted:     0 kB
AnonHugePages:         0 kB
ShmemHugePages:        0 kB
ShmemPmdMapped:        0 kB
CmaTotal:              0 kB
CmaFree:               0 kB
HugePages_Total:       0
HugePages_Free:        0
HugePages_Rsvd:        0
HugePages_Surp:        0
Hugepagesize:       2048 kB
DirectMap4k:      314820 kB
DirectMap2M:     7927808 kB
DirectMap1G:     1048576 kB

container (cgroup) information:
container_type: cgroupv1
cpu_cpuset_cpus: 0-7
cpu_memory_nodes: 0
active_processor_count: 8
cpu_quota: -1
cpu_period: 100000
cpu_shares: -1
memory_limit_in_bytes: -1
memory_and_swap_limit_in_bytes: -2
memory_soft_limit_in_bytes: -1
memory_usage_in_bytes: 7464087552
memory_max_usage_in_bytes: 2170880


CPU:total 8 (initial active 8) (4 cores per cpu, 2 threads per core) family 6 model 142 stepping 10, cmov, cx8, fxsr, mmx, sse, sse2, sse3, ssse3, sse4.1, sse4.2, popcnt, avx, avx2, aes, clmul, erms, 3dnowpref, lzcnt, ht, tsc, tscinvbit, bmi1, bmi2, adx

/proc/cpuinfo:
processor	: 0
vendor_id	: GenuineIntel
cpu family	: 6
model		: 142
model name	: Intel(R) Core(TM) i7-8550U CPU @ 1.80GHz
stepping	: 10
microcode	: 0x96
cpu MHz		: 2025.595
cache size	: 8192 KB
physical id	: 0
siblings	: 8
core id		: 0
cpu cores	: 4
apicid		: 0
initial apicid	: 0
fpu		: yes
fpu_exception	: yes
cpuid level	: 22
wp		: yes
flags		: fpu vme de pse tsc msr pae mce cx8 apic sep mtrr pge mca cmov pat pse36 clflush dts acpi mmx fxsr sse sse2 ss ht tm pbe syscall nx pdpe1gb rdtscp lm constant_tsc art arch_perfmon pebs bts rep_good nopl xtopology nonstop_tsc cpuid aperfmperf tsc_known_freq pni pclmulqdq dtes64 monitor ds_cpl vmx est tm2 ssse3 sdbg fma cx16 xtpr pdcm pcid sse4_1 sse4_2 x2apic movbe popcnt tsc_deadline_timer aes xsave avx f16c rdrand lahf_lm abm 3dnowprefetch cpuid_fault epb invpcid_single pti ssbd ibrs ibpb stibp tpr_shadow vnmi flexpriority ept vpid fsgsbase tsc_adjust bmi1 avx2 smep bmi2 erms invpcid mpx rdseed adx smap clflushopt intel_pt xsaveopt xsavec xgetbv1 xsaves dtherm ida arat pln pts hwp hwp_notify hwp_act_window hwp_epp flush_l1d
bugs		: cpu_meltdown spectre_v1 spectre_v2 spec_store_bypass l1tf
bogomips	: 3984.00
clflush size	: 64
cache_alignment	: 64
address sizes	: 39 bits physical, 48 bits virtual
power management:

processor	: 1
vendor_id	: GenuineIntel
cpu family	: 6
model		: 142
model name	: Intel(R) Core(TM) i7-8550U CPU @ 1.80GHz
stepping	: 10
microcode	: 0x96
cpu MHz		: 2032.414
cache size	: 8192 KB
physical id	: 0
siblings	: 8
core id		: 1
cpu cores	: 4
apicid		: 2
initial apicid	: 2
fpu		: yes
fpu_exception	: yes
cpuid level	: 22
wp		: yes
flags		: fpu vme de pse tsc msr pae mce cx8 apic sep mtrr pge mca cmov pat pse36 clflush dts acpi mmx fxsr sse sse2 ss ht tm pbe syscall nx pdpe1gb rdtscp lm constant_tsc art arch_perfmon pebs bts rep_good nopl xtopology nonstop_tsc cpuid aperfmperf tsc_known_freq pni pclmulqdq dtes64 monitor ds_cpl vmx est tm2 ssse3 sdbg fma cx16 xtpr pdcm pcid sse4_1 sse4_2 x2apic movbe popcnt tsc_deadline_timer aes xsave avx f16c rdrand lahf_lm abm 3dnowprefetch cpuid_fault epb invpcid_single pti ssbd ibrs ibpb stibp tpr_shadow vnmi flexpriority ept vpid fsgsbase tsc_adjust bmi1 avx2 smep bmi2 erms invpcid mpx rdseed adx smap clflushopt intel_pt xsaveopt xsavec xgetbv1 xsaves dtherm ida arat pln pts hwp hwp_notify hwp_act_window hwp_epp flush_l1d
bugs		: cpu_meltdown spectre_v1 spectre_v2 spec_store_bypass l1tf
bogomips	: 3984.00
clflush size	: 64
cache_alignment	: 64
address sizes	: 39 bits physical, 48 bits virtual
power management:

processor	: 2
vendor_id	: GenuineIntel
cpu family	: 6
model		: 142
model name	: Intel(R) Core(TM) i7-8550U CPU @ 1.80GHz
stepping	: 10
microcode	: 0x96
cpu MHz		: 2045.079
cache size	: 8192 KB
physical id	: 0
siblings	: 8
core id		: 2
cpu cores	: 4
apicid		: 4
initial apicid	: 4
fpu		: yes
fpu_exception	: yes
cpuid level	: 22
wp		: yes
flags		: fpu vme de pse tsc msr pae mce cx8 apic sep mtrr pge mca cmov pat pse36 clflush dts acpi mmx fxsr sse sse2 ss ht tm pbe syscall nx pdpe1gb rdtscp lm constant_tsc art arch_perfmon pebs bts rep_good nopl xtopology nonstop_tsc cpuid aperfmperf tsc_known_freq pni pclmulqdq dtes64 monitor ds_cpl vmx est tm2 ssse3 sdbg fma cx16 xtpr pdcm pcid sse4_1 sse4_2 x2apic movbe popcnt tsc_deadline_timer aes xsave avx f16c rdrand lahf_lm abm 3dnowprefetch cpuid_fault epb invpcid_single pti ssbd ibrs ibpb stibp tpr_shadow vnmi flexpriority ept vpid fsgsbase tsc_adjust bmi1 avx2 smep bmi2 erms invpcid mpx rdseed adx smap clflushopt intel_pt xsaveopt xsavec xgetbv1 xsaves dtherm ida arat pln pts hwp hwp_notify hwp_act_window hwp_epp flush_l1d
bugs		: cpu_meltdown spectre_v1 spectre_v2 spec_store_bypass l1tf
bogomips	: 3984.00
clflush size	: 64
cache_alignment	: 64
address sizes	: 39 bits physical, 48 bits virtual
power management:

processor	: 3
vendor_id	: GenuineIntel
cpu family	: 6
model		: 142
model name	: Intel(R) Core(TM) i7-8550U CPU @ 1.80GHz
stepping	: 10
microcode	: 0x96
cpu MHz		: 2016.676
cache size	: 8192 KB
physical id	: 0
siblings	: 8
core id		: 3
cpu cores	: 4
apicid		: 6
initial apicid	: 6
fpu		: yes
fpu_exception	: yes
cpuid level	: 22
wp		: yes
flags		: fpu vme de pse tsc msr pae mce cx8 apic sep mtrr pge mca cmov pat pse36 clflush dts acpi mmx fxsr sse sse2 ss ht tm pbe syscall nx pdpe1gb rdtscp lm constant_tsc art arch_perfmon pebs bts rep_good nopl xtopology nonstop_tsc cpuid aperfmperf tsc_known_freq pni pclmulqdq dtes64 monitor ds_cpl vmx est tm2 ssse3 sdbg fma cx16 xtpr pdcm pcid sse4_1 sse4_2 x2apic movbe popcnt tsc_deadline_timer aes xsave avx f16c rdrand lahf_lm abm 3dnowprefetch cpuid_fault epb invpcid_single pti ssbd ibrs ibpb stibp tpr_shadow vnmi flexpriority ept vpid fsgsbase tsc_adjust bmi1 avx2 smep bmi2 erms invpcid mpx rdseed adx smap clflushopt intel_pt xsaveopt xsavec xgetbv1 xsaves dtherm ida arat pln pts hwp hwp_notify hwp_act_window hwp_epp flush_l1d
bugs		: cpu_meltdown spectre_v1 spectre_v2 spec_store_bypass l1tf
bogomips	: 3984.00
clflush size	: 64
cache_alignment	: 64
address sizes	: 39 bits physical, 48 bits virtual
power management:

processor	: 4
vendor_id	: GenuineIntel
cpu family	: 6
model		: 142
model name	: Intel(R) Core(TM) i7-8550U CPU @ 1.80GHz
stepping	: 10
microcode	: 0x96
cpu MHz		: 2059.960
cache size	: 8192 KB
physical id	: 0
siblings	: 8
core id		: 0
cpu cores	: 4
apicid		: 1
initial apicid	: 1
fpu		: yes
fpu_exception	: yes
cpuid level	: 22
wp		: yes
flags		: fpu vme de pse tsc msr pae mce cx8 apic sep mtrr pge mca cmov pat pse36 clflush dts acpi mmx fxsr sse sse2 ss ht tm pbe syscall nx pdpe1gb rdtscp lm constant_tsc art arch_perfmon pebs bts rep_good nopl xtopology nonstop_tsc cpuid aperfmperf tsc_known_freq pni pclmulqdq dtes64 monitor ds_cpl vmx est tm2 ssse3 sdbg fma cx16 xtpr pdcm pcid sse4_1 sse4_2 x2apic movbe popcnt tsc_deadline_timer aes xsave avx f16c rdrand lahf_lm abm 3dnowprefetch cpuid_fault epb invpcid_single pti ssbd ibrs ibpb stibp tpr_shadow vnmi flexpriority ept vpid fsgsbase tsc_adjust bmi1 avx2 smep bmi2 erms invpcid mpx rdseed adx smap clflushopt intel_pt xsaveopt xsavec xgetbv1 xsaves dtherm ida arat pln pts hwp hwp_notify hwp_act_window hwp_epp flush_l1d
bugs		: cpu_meltdown spectre_v1 spectre_v2 spec_store_bypass l1tf
bogomips	: 3984.00
clflush size	: 64
cache_alignment	: 64
address sizes	: 39 bits physical, 48 bits virtual
power management:

processor	: 5
vendor_id	: GenuineIntel
cpu family	: 6
model		: 142
model name	: Intel(R) Core(TM) i7-8550U CPU @ 1.80GHz
stepping	: 10
microcode	: 0x96
cpu MHz		: 2102.411
cache size	: 8192 KB
physical id	: 0
siblings	: 8
core id		: 1
cpu cores	: 4
apicid		: 3
initial apicid	: 3
fpu		: yes
fpu_exception	: yes
cpuid level	: 22
wp		: yes
flags		: fpu vme de pse tsc msr pae mce cx8 apic sep mtrr pge mca cmov pat pse36 clflush dts acpi mmx fxsr sse sse2 ss ht tm pbe syscall nx pdpe1gb rdtscp lm constant_tsc art arch_perfmon pebs bts rep_good nopl xtopology nonstop_tsc cpuid aperfmperf tsc_known_freq pni pclmulqdq dtes64 monitor ds_cpl vmx est tm2 ssse3 sdbg fma cx16 xtpr pdcm pcid sse4_1 sse4_2 x2apic movbe popcnt tsc_deadline_timer aes xsave avx f16c rdrand lahf_lm abm 3dnowprefetch cpuid_fault epb invpcid_single pti ssbd ibrs ibpb stibp tpr_shadow vnmi flexpriority ept vpid fsgsbase tsc_adjust bmi1 avx2 smep bmi2 erms invpcid mpx rdseed adx smap clflushopt intel_pt xsaveopt xsavec xgetbv1 xsaves dtherm ida arat pln pts hwp hwp_notify hwp_act_window hwp_epp flush_l1d
bugs		: cpu_meltdown spectre_v1 spectre_v2 spec_store_bypass l1tf
bogomips	: 3984.00
clflush size	: 64
cache_alignment	: 64
address sizes	: 39 bits physical, 48 bits virtual
power management:

processor	: 6
vendor_id	: GenuineIntel
cpu family	: 6
model		: 142
model name	: Intel(R) Core(TM) i7-8550U CPU @ 1.80GHz
stepping	: 10
microcode	: 0x96
cpu MHz		: 2060.258
cache size	: 8192 KB
physical id	: 0
siblings	: 8
core id		: 2
cpu cores	: 4
apicid		: 5
initial apicid	: 5
fpu		: yes
fpu_exception	: yes
cpuid level	: 22
wp		: yes
flags		: fpu vme de pse tsc msr pae mce cx8 apic sep mtrr pge mca cmov pat pse36 clflush dts acpi mmx fxsr sse sse2 ss ht tm pbe syscall nx pdpe1gb rdtscp lm constant_tsc art arch_perfmon pebs bts rep_good nopl xtopology nonstop_tsc cpuid aperfmperf tsc_known_freq pni pclmulqdq dtes64 monitor ds_cpl vmx est tm2 ssse3 sdbg fma cx16 xtpr pdcm pcid sse4_1 sse4_2 x2apic movbe popcnt tsc_deadline_timer aes xsave avx f16c rdrand lahf_lm abm 3dnowprefetch cpuid_fault epb invpcid_single pti ssbd ibrs ibpb stibp tpr_shadow vnmi flexpriority ept vpid fsgsbase tsc_adjust bmi1 avx2 smep bmi2 erms invpcid mpx rdseed adx smap clflushopt intel_pt xsaveopt xsavec xgetbv1 xsaves dtherm ida arat pln pts hwp hwp_notify hwp_act_window hwp_epp flush_l1d
bugs		: cpu_meltdown spectre_v1 spectre_v2 spec_store_bypass l1tf
bogomips	: 3984.00
clflush size	: 64
cache_alignment	: 64
address sizes	: 39 bits physical, 48 bits virtual
power management:

processor	: 7
vendor_id	: GenuineIntel
cpu family	: 6
model		: 142
model name	: Intel(R) Core(TM) i7-8550U CPU @ 1.80GHz
stepping	: 10
microcode	: 0x96
cpu MHz		: 2028.981
cache size	: 8192 KB
physical id	: 0
siblings	: 8
core id		: 3
cpu cores	: 4
apicid		: 7
initial apicid	: 7
fpu		: yes
fpu_exception	: yes
cpuid level	: 22
wp		: yes
flags		: fpu vme de pse tsc msr pae mce cx8 apic sep mtrr pge mca cmov pat pse36 clflush dts acpi mmx fxsr sse sse2 ss ht tm pbe syscall nx pdpe1gb rdtscp lm constant_tsc art arch_perfmon pebs bts rep_good nopl xtopology nonstop_tsc cpuid aperfmperf tsc_known_freq pni pclmulqdq dtes64 monitor ds_cpl vmx est tm2 ssse3 sdbg fma cx16 xtpr pdcm pcid sse4_1 sse4_2 x2apic movbe popcnt tsc_deadline_timer aes xsave avx f16c rdrand lahf_lm abm 3dnowprefetch cpuid_fault epb invpcid_single pti ssbd ibrs ibpb stibp tpr_shadow vnmi flexpriority ept vpid fsgsbase tsc_adjust bmi1 avx2 smep bmi2 erms invpcid mpx rdseed adx smap clflushopt intel_pt xsaveopt xsavec xgetbv1 xsaves dtherm ida arat pln pts hwp hwp_notify hwp_act_window hwp_epp flush_l1d
bugs		: cpu_meltdown spectre_v1 spectre_v2 spec_store_bypass l1tf
bogomips	: 3984.00
clflush size	: 64
cache_alignment	: 64
address sizes	: 39 bits physical, 48 bits virtual
power management:



Memory: 4k page, physical 8021540k(277424k free), swap 2097148k(2097148k free)

vm_info: Java HotSpot(TM) 64-Bit Server VM (25.201-b09) for linux-amd64 JRE (1.8.0_201-b09), built on Dec 15 2018 11:35:59 by "java_re" with gcc 7.3.0

time: Fri Mar 15 10:41:40 2019
timezone: IST
elapsed time: 0 seconds (0d 0h 0m 0s)

