#
# A fatal error has been detected by the Java Runtime Environment:
#
#  SIGSEGV (0xb) at pc=0x00007f8cfa7e7783, pid=10148, tid=0x00007f8cfbafab80
#
# JRE version: Java(TM) SE Runtime Environment (8.0_201-b09) (build 1.8.0_201-b09)
# Java VM: Java HotSpot(TM) 64-Bit Server VM (25.201-b09 mixed mode linux-amd64 compressed oops)
# Problematic frame:
# V  [libjvm.so+0x90b783]  SR_handler(int, siginfo*, ucontext*)+0x33
#
# Failed to write core dump. Core dumps have been disabled. To enable core dumping, try "ulimit -c unlimited" before starting Java again
#
# If you would like to submit a bug report, please visit:
#   http://bugreport.java.com/bugreport/crash.jsp
#

---------------  T H R E A D  ---------------

Current thread is native thread

siginfo: si_signo: 11 (SIGSEGV), si_code: 1 (SEGV_MAPERR), si_addr: 0x0000000000000128

Registers:
RAX=0x0000000000000000, RBX=0x00007f8cfbaf9700, RCX=0x00007f8cfb6dad2d, RDX=0x00007f8cfbafaea0
RSP=0x00007fff0283ed00, RBP=0x00007fff0283edb0, RSI=0x00007fff0283eef0, RDI=0x0000000000000001
R8 =0x00000000000000ca, R9 =0x00007f8cfbaf99d0, R10=0x0000000000000000, R11=0x0000000000000246
R12=0x00007f8cfbafab00, R13=0x0000000000000002, R14=0x00007fff0283eef0, R15=0x00007fff0283edc0
RIP=0x00007f8cfa7e7783, EFLAGS=0x0000000000010246, CSGSFS=0x002b000000000033, ERR=0x0000000000000004
  TRAPNO=0x000000000000000e

Top of Stack: (sp=0x00007fff0283ed00)
0x00007fff0283ed00:   00007f8cfaedc75a 0000000000000000
0x00007fff0283ed10:   00007f8cfaed69d0 0000ffff00001fa0
0x00007fff0283ed20:   0000000000000000 00007f8cfb02c2df
0x00007fff0283ed30:   383431303183f260 e9997fab754c7400
0x00007fff0283ed40:   00007fff0283ed80 00007fff0283ed80
0x00007fff0283ed50:   000000000000003f 00007f8cfaa36ca7
0x00007fff0283ed60:   00007fff0283ef18 00000000024f55c0
0x00007fff0283ed70:   00007fff0283eff0 00007f8cfaf4d910
0x00007fff0283ed80:   00000000fbad8001 00007f8cfbaf9700
0x00007fff0283ed90:   0000000000000000 00007fff0283f490
0x00007fff0283eda0:   0000000000000000 0000000000000001
0x00007fff0283edb0:   00007fff0283f4f8 00007f8cfb6e4890
0x00007fff0283edc0:   0000000000000007 0000000000000000
0x00007fff0283edd0:   0000000000000000 00007f8c00000002
0x00007fff0283ede0:   0000000000000000 00000000000000ca
0x00007fff0283edf0:   00007f8cfbaf99d0 0000000000000000
0x00007fff0283ee00:   0000000000000246 0000000000000000
0x00007fff0283ee10:   00007fff0283f490 0000000000000000
0x00007fff0283ee20:   0000000000000001 00007f8cfbaf99d0
0x00007fff0283ee30:   0000000000000000 00007fff0283f4f8
0x00007fff0283ee40:   00007f8cfbaf9700 00000000000027af
0x00007fff0283ee50:   00000000000000ca 00007f8cfb6dad2d
0x00007fff0283ee60:   00007fff0283f480 00007f8cfb6dad2b
0x00007fff0283ee70:   0000000000000246 002b000000000033
0x00007fff0283ee80:   0000000000000000 0000000000000000
0x00007fff0283ee90:   0000000000000000 0000000000000000
0x00007fff0283eea0:   00007fff0283ef80 00007fff0283efe8
0x00007fff0283eeb0:   00007f8cfbafd748 00007f8cfbafc000
0x00007fff0283eec0:   0000000000000000 00007f8cfb8fc1ef
0x00007fff0283eed0:   0000000000000004 00007f8cfb902754
0x00007fff0283eee0:   0000000000000001 0000000000000000
0x00007fff0283eef0:   000000000000000c 00007f8c00000000 

Instructions: (pc=0x00007f8cfa7e7783)
0x00007f8cfa7e7763:   48 81 ec 88 00 00 00 e8 81 1d 8f ff 44 8b 28 49
0x00007f8cfa7e7773:   89 c4 48 8d 05 2c 61 68 00 8b 38 e8 15 2c 8f ff
0x00007f8cfa7e7783:   48 8b 98 28 01 00 00 8b 83 a8 00 00 00 83 f8 01
0x00007f8cfa7e7793:   74 1b 45 89 2c 24 48 81 c4 88 00 00 00 5b 41 5c 

Register to memory mapping:

RAX=0x0000000000000000 is an unknown value
RBX=0x00007f8cfbaf9700 is pointing into the stack for thread: 0x00007f8cf400b000
RCX=0x00007f8cfb6dad2d: <offset 0x8d2d> in /lib/x86_64-linux-gnu/libpthread.so.0 at 0x00007f8cfb6d2000
RDX=0x00007f8cfbafaea0 is an unknown value
RSP=0x00007fff0283ed00 is an unknown value
RBP=0x00007fff0283edb0 is an unknown value
RSI=0x00007fff0283eef0 is an unknown value
RDI=0x0000000000000001 is an unknown value
R8 =0x00000000000000ca is an unknown value
R9 =0x00007f8cfbaf99d0 is pointing into the stack for thread: 0x00007f8cf400b000
R10=0x0000000000000000 is an unknown value
R11=0x0000000000000246 is an unknown value
R12=0x00007f8cfbafab00 is an unknown value
R13=0x0000000000000002 is an unknown value
R14=0x00007fff0283eef0 is an unknown value
R15=0x00007fff0283edc0 is an unknown value


Stack: [0x00007fff02748000,0x00007fff02848000],  sp=0x00007fff0283ed00,  free space=987k
Native frames: (J=compiled Java code, j=interpreted, Vv=VM code, C=native code)
V  [libjvm.so+0x90b783]  SR_handler(int, siginfo*, ucontext*)+0x33
C  [libpthread.so.0+0x12890]


---------------  P R O C E S S  ---------------

VM state:not at safepoint (normal execution)

VM Mutex/Monitor currently owned by a thread: None

heap address: 0x0000000085800000, size: 1960 MB, Compressed Oops mode: 32-bit
Narrow klass base: 0x0000000000000000, Narrow klass shift: 3
Compressed class space size: 1073741824 Address: 0x0000000100000000

Heap:
 PSYoungGen      total 36864K, used 9543K [0x00000000d7300000, 0x00000000d9c00000, 0x0000000100000000)
  eden space 31744K, 30% used [0x00000000d7300000,0x00000000d7c51fc8,0x00000000d9200000)
  from space 5120K, 0% used [0x00000000d9700000,0x00000000d9700000,0x00000000d9c00000)
  to   space 5120K, 0% used [0x00000000d9200000,0x00000000d9200000,0x00000000d9700000)
 ParOldGen       total 84992K, used 0K [0x0000000085800000, 0x000000008ab00000, 0x00000000d7300000)
  object space 84992K, 0% used [0x0000000085800000,0x0000000085800000,0x000000008ab00000)
 Metaspace       used 4834K, capacity 5232K, committed 5248K, reserved 1056768K
  class space    used 576K, capacity 640K, committed 640K, reserved 1048576K

Card table byte_map: [0x00007f8cf8305000,0x00007f8cf86da000] byte_map_base: 0x00007f8cf7ed9000

Marking Bits: (ParMarkBitMap*) 0x00007f8cfaea7d80
 Begin Bits: [0x00007f8cc02c0000, 0x00007f8cc2160000)
 End Bits:   [0x00007f8cc2160000, 0x00007f8cc4000000)

Polling page: 0x00007f8cfbb17000

CodeCache: size=245760Kb used=1778Kb max_used=1778Kb free=243981Kb
 bounds [0x00007f8ce5000000, 0x00007f8ce5270000, 0x00007f8cf4000000]
 total_blobs=602 nmethods=327 adapters=189
 compilation: enabled

Compilation events (10 events):
Event: 0.206 Thread 0x00007f8cf40c9000 nmethod 321 0x00007f8ce51b7450 code [0x00007f8ce51b75a0, 0x00007f8ce51b76f0]
Event: 0.210 Thread 0x00007f8cf40c9000  322       3       sun.misc.PerfCounter::addElapsedTimeFrom (10 bytes)
Event: 0.211 Thread 0x00007f8cf40c9000 nmethod 322 0x00007f8ce51b7750 code [0x00007f8ce51b7900, 0x00007f8ce51b8038]
Event: 0.211 Thread 0x00007f8cf40c9000  323       3       java.nio.charset.Charset::atBugLevel (44 bytes)
Event: 0.211 Thread 0x00007f8cf40c9000 nmethod 323 0x00007f8ce51b8390 code [0x00007f8ce51b8540, 0x00007f8ce51b8ad8]
Event: 0.211 Thread 0x00007f8cf40c9000  324       3       java.util.WeakHashMap::put (162 bytes)
Event: 0.211 Thread 0x00007f8cf40c9000 nmethod 324 0x00007f8ce51b8c90 code [0x00007f8ce51b8ec0, 0x00007f8ce51b9d38]
Event: 0.211 Thread 0x00007f8cf40c9000  326  s    3       java.util.Hashtable::get (69 bytes)
Event: 0.212 Thread 0x00007f8cf40c9000 nmethod 326 0x00007f8ce51ba3d0 code [0x00007f8ce51ba580, 0x00007f8ce51bab98]
Event: 0.212 Thread 0x00007f8cf40c9000  325       3       java.util.WeakHashMap$Entry::<init> (24 bytes)

GC Heap History (0 events):
No events

Deoptimization events (3 events):
Event: 0.145 Thread 0x00007f8cf400b000 Uncommon trap: reason=unstable_if action=reinterpret pc=0x00007f8ce518e634 method=java.lang.String.startsWith(Ljava/lang/String;I)Z @ 25
Event: 0.185 Thread 0x00007f8cf400b000 Uncommon trap: reason=unstable_if action=reinterpret pc=0x00007f8ce51869bc method=java.util.regex.Matcher.reset()Ljava/util/regex/Matcher; @ 47
Event: 0.185 Thread 0x00007f8cf400b000 Uncommon trap: reason=class_check action=maybe_recompile pc=0x00007f8ce518ad04 method=java.util.regex.Matcher.match(II)Z @ 86

Classes redefined (0 events):
No events

Internal exceptions (6 events):
Event: 0.021 Thread 0x00007f8cf400b000 Exception <a 'java/lang/NoSuchMethodError': Method sun.misc.Unsafe.defineClass(Ljava/lang/String;[BII)Ljava/lang/Class; name or signature does not match> (0x00000000d7307cb0) thrown at [/HUDSON/workspace/8-2-build-linux-amd64/jdk8u201/12317/hotspot/src/sh
Event: 0.021 Thread 0x00007f8cf400b000 Exception <a 'java/lang/NoSuchMethodError': Method sun.misc.Unsafe.prefetchRead(Ljava/lang/Object;J)V name or signature does not match> (0x00000000d7307f98) thrown at [/HUDSON/workspace/8-2-build-linux-amd64/jdk8u201/12317/hotspot/src/share/vm/prims/jni.c
Event: 0.078 Thread 0x00007f8cf400b000 Exception <a 'java/security/PrivilegedActionException'> (0x00000000d74a4ee8) thrown at [/HUDSON/workspace/8-2-build-linux-amd64/jdk8u201/12317/hotspot/src/share/vm/prims/jvm.cpp, line 1502]
Event: 0.078 Thread 0x00007f8cf400b000 Exception <a 'java/security/PrivilegedActionException'> (0x00000000d74a50f8) thrown at [/HUDSON/workspace/8-2-build-linux-amd64/jdk8u201/12317/hotspot/src/share/vm/prims/jvm.cpp, line 1502]
Event: 0.078 Thread 0x00007f8cf400b000 Exception <a 'java/security/PrivilegedActionException'> (0x00000000d74a74f8) thrown at [/HUDSON/workspace/8-2-build-linux-amd64/jdk8u201/12317/hotspot/src/share/vm/prims/jvm.cpp, line 1502]
Event: 0.078 Thread 0x00007f8cf400b000 Exception <a 'java/security/PrivilegedActionException'> (0x00000000d74a7708) thrown at [/HUDSON/workspace/8-2-build-linux-amd64/jdk8u201/12317/hotspot/src/share/vm/prims/jvm.cpp, line 1502]

Events (10 events):
Event: 0.207 loading class org/slf4j/helpers/Util
Event: 0.207 loading class org/slf4j/helpers/Util done
Event: 0.207 loading class java/lang/SecurityException
Event: 0.207 loading class java/lang/SecurityException done
Event: 0.211 loading class org/slf4j/impl/StaticLoggerBinder
Event: 0.211 loading class org/slf4j/impl/StaticLoggerBinder done
Event: 0.211 loading class org/slf4j/spi/LoggerFactoryBinder
Event: 0.211 loading class org/slf4j/spi/LoggerFactoryBinder done
Event: 0.212 loading class org/gradle/internal/logging/slf4j/OutputEventListenerBackedLoggerContext
Event: 0.212 loading class org/gradle/internal/logging/slf4j/OutputEventListenerBackedLoggerContext done


Dynamic libraries:
00400000-00401000 r-xp 00000000 08:06 8013769                            /usr/lib/jvm/jdk1.8.0_201/bin/java
00600000-00601000 r--p 00000000 08:06 8013769                            /usr/lib/jvm/jdk1.8.0_201/bin/java
00601000-00602000 rw-p 00001000 08:06 8013769                            /usr/lib/jvm/jdk1.8.0_201/bin/java
024f5000-027c3000 rw-p 00000000 00:00 0                                  [heap]
85800000-8ab00000 rw-p 00000000 00:00 0 
8ab00000-d7300000 ---p 00000000 00:00 0 
d7300000-d9c00000 rw-p 00000000 00:00 0 
d9c00000-100000000 ---p 00000000 00:00 0 
100000000-1000a0000 rw-p 00000000 00:00 0 
1000a0000-140000000 ---p 00000000 00:00 0 
7f8c90000000-7f8c90021000 rw-p 00000000 00:00 0 
7f8c90021000-7f8c94000000 ---p 00000000 00:00 0 
7f8c98000000-7f8c98167000 rw-p 00000000 00:00 0 
7f8c98167000-7f8c9c000000 ---p 00000000 00:00 0 
7f8c9c000000-7f8c9c021000 rw-p 00000000 00:00 0 
7f8c9c021000-7f8ca0000000 ---p 00000000 00:00 0 
7f8ca0000000-7f8ca0021000 rw-p 00000000 00:00 0 
7f8ca0021000-7f8ca4000000 ---p 00000000 00:00 0 
7f8ca4000000-7f8ca4021000 rw-p 00000000 00:00 0 
7f8ca4021000-7f8ca8000000 ---p 00000000 00:00 0 
7f8ca8000000-7f8ca8021000 rw-p 00000000 00:00 0 
7f8ca8021000-7f8cac000000 ---p 00000000 00:00 0 
7f8cac000000-7f8cac073000 rw-p 00000000 00:00 0 
7f8cac073000-7f8cb0000000 ---p 00000000 00:00 0 
7f8cb0000000-7f8cb0021000 rw-p 00000000 00:00 0 
7f8cb0021000-7f8cb4000000 ---p 00000000 00:00 0 
7f8cb4000000-7f8cb4021000 rw-p 00000000 00:00 0 
7f8cb4021000-7f8cb8000000 ---p 00000000 00:00 0 
7f8cb8000000-7f8cb8021000 rw-p 00000000 00:00 0 
7f8cb8021000-7f8cbc000000 ---p 00000000 00:00 0 
7f8cbc4b1000-7f8cbc4b3000 r--s 00006000 08:06 131431                     /home/ermicho/.gradle/wrapper/dists/gradle-4.10.2-all/9fahxiiecdb76a5g3aw9oi8rv/gradle-4.10.2/lib/gradle-wrapper-4.10.2.jar
7f8cbc4b3000-7f8cbc4c2000 r--s 0004b000 08:06 131430                     /home/ermicho/.gradle/wrapper/dists/gradle-4.10.2-all/9fahxiiecdb76a5g3aw9oi8rv/gradle-4.10.2/lib/gradle-tooling-api-4.10.2.jar
7f8cbc4c2000-7f8cbc4c4000 r--s 00002000 08:06 131427                     /home/ermicho/.gradle/wrapper/dists/gradle-4.10.2-all/9fahxiiecdb76a5g3aw9oi8rv/gradle-4.10.2/lib/kotlin-stdlib-jdk8-1.2.61.jar
7f8cbc4c4000-7f8cbc4c5000 r--s 00000000 08:06 131426                     /home/ermicho/.gradle/wrapper/dists/gradle-4.10.2-all/9fahxiiecdb76a5g3aw9oi8rv/gradle-4.10.2/lib/kotlin-stdlib-jdk7-1.2.61.jar
7f8cbc4c5000-7f8cbc4cb000 r--s 00015000 08:06 131425                     /home/ermicho/.gradle/wrapper/dists/gradle-4.10.2-all/9fahxiiecdb76a5g3aw9oi8rv/gradle-4.10.2/lib/kotlin-stdlib-common-1.2.61.jar
7f8cbc4cb000-7f8cbc4db000 r--s 000db000 08:06 131424                     /home/ermicho/.gradle/wrapper/dists/gradle-4.10.2-all/9fahxiiecdb76a5g3aw9oi8rv/gradle-4.10.2/lib/kotlin-stdlib-1.2.61.jar
7f8cbc4db000-7f8cbc4dd000 r--s 00009000 08:06 131423                     /home/ermicho/.gradle/wrapper/dists/gradle-4.10.2-all/9fahxiiecdb76a5g3aw9oi8rv/gradle-4.10.2/lib/kotlin-script-runtime-1.2.61.jar
7f8cbc4dd000-7f8cbc4de000 r--s 00002000 08:06 131422                     /home/ermicho/.gradle/wrapper/dists/gradle-4.10.2-all/9fahxiiecdb76a5g3aw9oi8rv/gradle-4.10.2/lib/kotlin-sam-with-receiver-compiler-plugin-1.2.61.jar
7f8cbc4de000-7f8cbc513000 r--s 00241000 08:06 131421                     /home/ermicho/.gradle/wrapper/dists/gradle-4.10.2-all/9fahxiiecdb76a5g3aw9oi8rv/gradle-4.10.2/lib/kotlin-reflect-1.2.61.jar
7f8cbc513000-7f8cbc6de000 r--s 019b7000 08:06 131420                     /home/ermicho/.gradle/wrapper/dists/gradle-4.10.2-all/9fahxiiecdb76a5g3aw9oi8rv/gradle-4.10.2/lib/kotlin-compiler-embeddable-1.2.61.jar
7f8cbc6de000-7f8cbc6e0000 r--s 00000000 08:06 131419                     /home/ermicho/.gradle/wrapper/dists/gradle-4.10.2-all/9fahxiiecdb76a5g3aw9oi8rv/gradle-4.10.2/lib/gradle-kotlin-dsl-tooling-models-1.0-rc-6.jar
7f8cbc6e0000-7f8cbc6e2000 r--s 00003000 08:06 131415                     /home/ermicho/.gradle/wrapper/dists/gradle-4.10.2-all/9fahxiiecdb76a5g3aw9oi8rv/gradle-4.10.2/lib/annotations-13.0.jar
7f8cbc6e2000-7f8cbc6f6000 r--s 00109000 08:06 131416                     /home/ermicho/.gradle/wrapper/dists/gradle-4.10.2-all/9fahxiiecdb76a5g3aw9oi8rv/gradle-4.10.2/lib/gradle-kotlin-dsl-1.0-rc-6.jar
7f8cbc6f6000-7f8cbc6fa000 r--s 00013000 08:06 131436                     /home/ermicho/.gradle/wrapper/dists/gradle-4.10.2-all/9fahxiiecdb76a5g3aw9oi8rv/gradle-4.10.2/lib/gradle-build-cache-4.10.2.jar
7f8cbc6fa000-7f8cbc700000 r--s 00034000 08:06 131437                     /home/ermicho/.gradle/wrapper/dists/gradle-4.10.2-all/9fahxiiecdb76a5g3aw9oi8rv/gradle-4.10.2/lib/gradle-persistent-cache-4.10.2.jar
7f8cbc700000-7f8cbc705000 r--s 00015000 08:06 131440                     /home/ermicho/.gradle/wrapper/dists/gradle-4.10.2-all/9fahxiiecdb76a5g3aw9oi8rv/gradle-4.10.2/lib/gradle-resources-4.10.2.jar
7f8cbc705000-7f8cbc706000 r--s 00003000 08:06 131447                     /home/ermicho/.gradle/wrapper/dists/gradle-4.10.2-all/9fahxiiecdb76a5g3aw9oi8rv/gradle-4.10.2/lib/gradle-build-option-4.10.2.jar
7f8cbc706000-7f8cbc707000 r--s 00006000 08:06 131448                     /home/ermicho/.gradle/wrapper/dists/gradle-4.10.2-all/9fahxiiecdb76a5g3aw9oi8rv/gradle-4.10.2/lib/gradle-cli-4.10.2.jar
7f8cbc707000-7f8cbc709000 r--s 00004000 08:06 131460                     /home/ermicho/.gradle/wrapper/dists/gradle-4.10.2-all/9fahxiiecdb76a5g3aw9oi8rv/gradle-4.10.2/lib/log4j-over-slf4j-1.7.16.jar
7f8cbc709000-7f8cbc70b000 r--s 00000000 08:06 131459                     /home/ermicho/.gradle/wrapper/dists/gradle-4.10.2-all/9fahxiiecdb76a5g3aw9oi8rv/gradle-4.10.2/lib/jul-to-slf4j-1.7.16.jar
7f8cbc70b000-7f8cbc70d000 r--s 00003000 08:06 131458                     /home/ermicho/.gradle/wrapper/dists/gradle-4.10.2-all/9fahxiiecdb76a5g3aw9oi8rv/gradle-4.10.2/lib/jcl-over-slf4j-1.7.16.jar
7f8cbc70d000-7f8cbc715000 r--s 00035000 08:06 131438                     /home/ermicho/.gradle/wrapper/dists/gradle-4.10.2-all/9fahxiiecdb76a5g3aw9oi8rv/gradle-4.10.2/lib/gradle-logging-4.10.2.jar
7f8cbc715000-7f8cbc724000 r--s 00085000 08:06 131443                     /home/ermicho/.gradle/wrapper/dists/gradle-4.10.2-all/9fahxiiecdb76a5g3aw9oi8rv/gradle-4.10.2/lib/gradle-model-core-4.10.2.jar
7f8cbc724000-7f8cbc726000 r--s 00006000 08:06 131444                     /home/ermicho/.gradle/wrapper/dists/gradle-4.10.2-all/9fahxiiecdb76a5g3aw9oi8rv/gradle-4.10.2/lib/gradle-base-services-groovy-4.10.2.jar
7f8cbc726000-7f8cbc728000 r--s 00007000 08:06 131442                     /home/ermicho/.gradle/wrapper/dists/gradle-4.10.2-all/9fahxiiecdb76a5g3aw9oi8rv/gradle-4.10.2/lib/gradle-model-groovy-4.10.2.jar
7f8cbc728000-7f8cbc729000 r--s 00006000 08:06 131449                     /home/ermicho/.gradle/wrapper/dists/gradle-4.10.2-all/9fahxiiecdb76a5g3aw9oi8rv/gradle-4.10.2/lib/gradle-docs-4.10.2.jar
7f8cbc729000-7f8cbc732000 r--s 0002d000 08:06 131472                     /home/ermicho/.gradle/wrapper/dists/gradle-4.10.2-all/9fahxiiecdb76a5g3aw9oi8rv/gradle-4.10.2/lib/xml-apis-1.4.01.jar
7f8cbc732000-7f8cbc733000 r--s 00000000 08:06 131468                     /home/ermicho/.gradle/wrapper/dists/gradle-4.10.2-all/9fahxiiecdb76a5g3aw9oi8rv/gradle-4.10.2/lib/javax.inject-1.jar
7f8cbc733000-7f8cbc7a4000 r--s 00665000 08:06 131466                     /home/ermicho/.gradle/wrapper/dists/gradle-4.10.2-all/9fahxiiecdb76a5g3aw9oi8rv/gradle-4.10.2/lib/groovy-all-2.4.15.jar
7f8cbc7a4000-7f8cbc7ae000 r--s 00078000 08:06 131471                     /home/ermicho/.gradle/wrapper/dists/gradle-4.10.2-all/9fahxiiecdb76a5g3aw9oi8rv/gradle-4.10.2/lib/commons-compress-1.14.jar
7f8cbc7ae000-7f8cbc7bb000 r--s 00083000 08:06 131469                     /home/ermicho/.gradle/wrapper/dists/gradle-4.10.2-all/9fahxiiecdb76a5g3aw9oi8rv/gradle-4.10.2/lib/commons-collections-3.2.2.jar
7f8cbc7bb000-7f8cbc7bc000 r--s 00007000 08:06 131451                     /home/ermicho/.gradle/wrapper/dists/gradle-4.10.2-all/9fahxiiecdb76a5g3aw9oi8rv/gradle-4.10.2/lib/asm-analysis-6.2.jar
7f8cbc7bc000-7f8cbc7be000 r--s 0000b000 08:06 131452                     /home/ermicho/.gradle/wrapper/dists/gradle-4.10.2-all/9fahxiiecdb76a5g3aw9oi8rv/gradle-4.10.2/lib/asm-tree-6.2.jar
7f8cbc7be000-7f8cbc7c0000 r--s 00012000 08:06 131450                     /home/ermicho/.gradle/wrapper/dists/gradle-4.10.2-all/9fahxiiecdb76a5g3aw9oi8rv/gradle-4.10.2/lib/asm-commons-6.2.jar
7f8cbc7c0000-7f8cbc7c1000 r--s 00004000 08:06 131475                     /home/ermicho/.gradle/wrapper/dists/gradle-4.10.2-all/9fahxiiecdb76a5g3aw9oi8rv/gradle-4.10.2/lib/native-platform-freebsd-amd64-libcpp-0.14.jar
7f8cbc7c1000-7f8cbc7c2000 r--s 00004000 08:06 131476                     /home/ermicho/.gradle/wrapper/dists/gradle-4.10.2-all/9fahxiiecdb76a5g3aw9oi8rv/gradle-4.10.2/lib/native-platform-freebsd-amd64-libstdcpp-0.14.jar
7f8cbc7c2000-7f8cbc7c3000 r--s 00004000 08:06 131477                     /home/ermicho/.gradle/wrapper/dists/gradle-4.10.2-all/9fahxiiecdb76a5g3aw9oi8rv/gradle-4.10.2/lib/native-platform-freebsd-i386-libcpp-0.14.jar
7f8cbc7c3000-7f8cbc7c4000 r--s 00003000 08:06 131478                     /home/ermicho/.gradle/wrapper/dists/gradle-4.10.2-all/9fahxiiecdb76a5g3aw9oi8rv/gradle-4.10.2/lib/native-platform-freebsd-i386-libstdcpp-0.14.jar
7f8cbc7c4000-7f8cbc7c5000 r--s 00002000 08:06 131479                     /home/ermicho/.gradle/wrapper/dists/gradle-4.10.2-all/9fahxiiecdb76a5g3aw9oi8rv/gradle-4.10.2/lib/native-platform-linux-amd64-0.14.jar
7f8cbc7c5000-7f8cbc7c6000 r--s 00002000 08:06 131480                     /home/ermicho/.gradle/wrapper/dists/gradle-4.10.2-all/9fahxiiecdb76a5g3aw9oi8rv/gradle-4.10.2/lib/native-platform-linux-i386-0.14.jar
7f8cbc7c6000-7f8cbc7c8000 r--s 00002000 08:06 131481                     /home/ermicho/.gradle/wrapper/dists/gradle-4.10.2-all/9fahxiiecdb76a5g3aw9oi8rv/gradle-4.10.2/lib/native-platform-osx-amd64-0.14.jar
7f8cbc7c8000-7f8cbc7c9000 r--s 00003000 08:06 131482                     /home/ermicho/.gradle/wrapper/dists/gradle-4.10.2-all/9fahxiiecdb76a5g3aw9oi8rv/gradle-4.10.2/lib/native-platform-osx-i386-0.14.jar
7f8cbc7c9000-7f8cbc7cb000 r--s 0000b000 08:06 131483                     /home/ermicho/.gradle/wrapper/dists/gradle-4.10.2-all/9fahxiiecdb76a5g3aw9oi8rv/gradle-4.10.2/lib/native-platform-windows-amd64-0.14.jar
7f8cbc7cb000-7f8cbc7cc000 r--s 0000b000 08:06 131484                     /home/ermicho/.gradle/wrapper/dists/gradle-4.10.2-all/9fahxiiecdb76a5g3aw9oi8rv/gradle-4.10.2/lib/native-platform-windows-i386-0.14.jar
7f8cbc7cc000-7f8cbc7cd000 r--s 00001000 08:06 131485                     /home/ermicho/.gradle/wrapper/dists/gradle-4.10.2-all/9fahxiiecdb76a5g3aw9oi8rv/gradle-4.10.2/lib/native-platform-linux-amd64-ncurses5-0.14.jar
7f8cbc7cd000-7f8cbc7ce000 r--s 00001000 08:06 131486                     /home/ermicho/.gradle/wrapper/dists/gradle-4.10.2-all/9fahxiiecdb76a5g3aw9oi8rv/gradle-4.10.2/lib/native-platform-linux-amd64-ncurses6-0.14.jar
7f8cbc7ce000-7f8cbc7d2000 r--s 00012000 08:06 131470                     /home/ermicho/.gradle/wrapper/dists/gradle-4.10.2-all/9fahxiiecdb76a5g3aw9oi8rv/gradle-4.10.2/lib/native-platform-0.14.jar
7f8cbc7d2000-7f8cbc7d5000 r--s 00023000 08:06 131473                     /home/ermicho/.gradle/wrapper/dists/gradle-4.10.2-all/9fahxiiecdb76a5g3aw9oi8rv/gradle-4.10.2/lib/jansi-1.14.jar
7f8cbc7d5000-7f8cbc7d9000 r--s 0000c000 08:06 131441                     /home/ermicho/.gradle/wrapper/dists/gradle-4.10.2-all/9fahxiiecdb76a5g3aw9oi8rv/gradle-4.10.2/lib/gradle-native-4.10.2.jar
7f8cbc7d9000-7f8cbc7db000 r--s 0000f000 08:06 131454                     /home/ermicho/.gradle/wrapper/dists/gradle-4.10.2-all/9fahxiiecdb76a5g3aw9oi8rv/gradle-4.10.2/lib/reflectasm-1.07-shaded.jar
7f8cbc7db000-7f8cbc7dd000 r--s 00000000 08:06 131489                     /home/ermicho/.gradle/wrapper/dists/gradle-4.10.2-all/9fahxiiecdb76a5g3aw9oi8rv/gradle-4.10.2/lib/minlog-1.2.jar
7f8cbc7dd000-7f8cbc7e1000 r--s 00026000 08:06 131453                     /home/ermicho/.gradle/wrapper/dists/gradle-4.10.2-all/9fahxiiecdb76a5g3aw9oi8rv/gradle-4.10.2/lib/kryo-2.20.jar
7f8cbc7e1000-7f8cbc7e8000 r--s 0002d000 08:06 131445                     /home/ermicho/.gradle/wrapper/dists/gradle-4.10.2-all/9fahxiiecdb76a5g3aw9oi8rv/gradle-4.10.2/lib/gradle-messaging-4.10.2.jar
7f8cbc7e8000-7f8cbc810000 r--s 001cf000 08:06 131462                     /home/ermicho/.gradle/wrapper/dists/gradle-4.10.2-all/9fahxiiecdb76a5g3aw9oi8rv/gradle-4.10.2/lib/guava-jdk5-17.0.jar
7f8cbc810000-7f8cbc82f000 r--s 001d9000 08:06 131467                     /home/ermicho/.gradle/wrapper/dists/gradle-4.10.2-all/9fahxiiecdb76a5g3aw9oi8rv/gradle-4.10.2/lib/ant-1.9.11.jar
7f8cbc82f000-7f8cbc875000 r--s 00265000 08:06 131433                     /home/ermicho/.gradle/wrapper/dists/gradle-4.10.2-all/9fahxiiecdb76a5g3aw9oi8rv/gradle-4.10.2/lib/gradle-core-4.10.2.jar
7f8cbc875000-7f8cbc882000 r--s 00037000 08:06 131435                     /home/ermicho/.gradle/wrapper/dists/gradle-4.10.2-all/9fahxiiecdb76a5g3aw9oi8rv/gradle-4.10.2/lib/gradle-core-api-4.10.2.jar
7f8cbc882000-7f8cbc893000 r-xp 00000000 08:06 10888331                   /usr/lib/jvm/jdk1.8.0_201/jre/lib/amd64/libnio.so
7f8cbc893000-7f8cbca92000 ---p 00011000 08:06 10888331                   /usr/lib/jvm/jdk1.8.0_201/jre/lib/amd64/libnio.so
7f8cbca92000-7f8cbca93000 r--p 00010000 08:06 10888331                   /usr/lib/jvm/jdk1.8.0_201/jre/lib/amd64/libnio.so
7f8cbca93000-7f8cbca94000 rw-p 00011000 08:06 10888331                   /usr/lib/jvm/jdk1.8.0_201/jre/lib/amd64/libnio.so
7f8cbca94000-7f8cbcaaa000 r-xp 00000000 08:06 10888328                   /usr/lib/jvm/jdk1.8.0_201/jre/lib/amd64/libnet.so
7f8cbcaaa000-7f8cbccaa000 ---p 00016000 08:06 10888328                   /usr/lib/jvm/jdk1.8.0_201/jre/lib/amd64/libnet.so
7f8cbccaa000-7f8cbccab000 r--p 00016000 08:06 10888328                   /usr/lib/jvm/jdk1.8.0_201/jre/lib/amd64/libnet.so
7f8cbccab000-7f8cbccac000 rw-p 00017000 08:06 10888328                   /usr/lib/jvm/jdk1.8.0_201/jre/lib/amd64/libnet.so
7f8cbccac000-7f8cbccad000 ---p 00000000 00:00 0 
7f8cbccad000-7f8cbcdad000 rw-p 00000000 00:00 0 
7f8cbcdad000-7f8cbcdb0000 ---p 00000000 00:00 0 
7f8cbcdb0000-7f8cbceae000 rw-p 00000000 00:00 0 
7f8cbceae000-7f8cbceaf000 ---p 00000000 00:00 0 
7f8cbceaf000-7f8cbceb2000 ---p 00000000 00:00 0 
7f8cbceb2000-7f8cbcfaf000 rw-p 00000000 00:00 0 
7f8cbcfaf000-7f8cbcfb0000 ---p 00000000 00:00 0 
7f8cbcfb0000-7f8cbcfb3000 ---p 00000000 00:00 0 
7f8cbcfb3000-7f8cbd0b0000 rw-p 00000000 00:00 0 
7f8cbd0b0000-7f8cbd0b1000 ---p 00000000 00:00 0 
7f8cbd0b1000-7f8cbd0b4000 ---p 00000000 00:00 0 
7f8cbd0b4000-7f8cbd1b1000 rw-p 00000000 00:00 0 
7f8cbd1b1000-7f8cbd1b2000 ---p 00000000 00:00 0 
7f8cbd1b2000-7f8cbd1b5000 ---p 00000000 00:00 0 
7f8cbd1b5000-7f8cbd2b2000 rw-p 00000000 00:00 0 
7f8cbd2b2000-7f8cbd2b5000 ---p 00000000 00:00 0 
7f8cbd2b5000-7f8cbd3b3000 rw-p 00000000 00:00 0 
7f8cbd3b3000-7f8cbdd82000 r--p 00000000 08:06 662140                     /usr/lib/locale/locale-archive
7f8cbdd82000-7f8cbdd85000 ---p 00000000 00:00 0 
7f8cbdd85000-7f8cbde83000 rw-p 00000000 00:00 0 
7f8cbde83000-7f8cbde86000 ---p 00000000 00:00 0 
7f8cbde86000-7f8cbdf84000 rw-p 00000000 00:00 0 
7f8cbdf84000-7f8cbdf85000 ---p 00000000 00:00 0 
7f8cbdf85000-7f8cbff40000 rw-p 00000000 00:00 0 
7f8cbff40000-7f8cc02c0000 ---p 00000000 00:00 0 
7f8cc02c0000-7f8cc4000000 rw-p 00000000 00:00 0 
7f8cc4000000-7f8cc4021000 rw-p 00000000 00:00 0 
7f8cc4021000-7f8cc8000000 ---p 00000000 00:00 0 
7f8cc8000000-7f8cc8021000 rw-p 00000000 00:00 0 
7f8cc8021000-7f8ccc000000 ---p 00000000 00:00 0 
7f8ccc000000-7f8ccc021000 rw-p 00000000 00:00 0 
7f8ccc021000-7f8cd0000000 ---p 00000000 00:00 0 
7f8cd0000000-7f8cd0021000 rw-p 00000000 00:00 0 
7f8cd0021000-7f8cd4000000 ---p 00000000 00:00 0 
7f8cd4000000-7f8cd4021000 rw-p 00000000 00:00 0 
7f8cd4021000-7f8cd8000000 ---p 00000000 00:00 0 
7f8cd8000000-7f8cd8021000 rw-p 00000000 00:00 0 
7f8cd8021000-7f8cdc000000 ---p 00000000 00:00 0 
7f8cdc000000-7f8cdc021000 rw-p 00000000 00:00 0 
7f8cdc021000-7f8ce0000000 ---p 00000000 00:00 0 
7f8ce0000000-7f8ce0021000 rw-p 00000000 00:00 0 
7f8ce0021000-7f8ce4000000 ---p 00000000 00:00 0 
7f8ce4000000-7f8ce4001000 r--s 00001000 08:06 131487                     /home/ermicho/.gradle/wrapper/dists/gradle-4.10.2-all/9fahxiiecdb76a5g3aw9oi8rv/gradle-4.10.2/lib/native-platform-linux-i386-ncurses5-0.14.jar
7f8ce4001000-7f8ce4003000 r--s 00007000 08:06 131490                     /home/ermicho/.gradle/wrapper/dists/gradle-4.10.2-all/9fahxiiecdb76a5g3aw9oi8rv/gradle-4.10.2/lib/objenesis-1.2.jar
7f8ce4003000-7f8ce4005000 r--s 00006000 08:06 131439                     /home/ermicho/.gradle/wrapper/dists/gradle-4.10.2-all/9fahxiiecdb76a5g3aw9oi8rv/gradle-4.10.2/lib/gradle-process-services-4.10.2.jar
7f8ce4005000-7f8ce4007000 r--s 00000000 08:06 131434                     /home/ermicho/.gradle/wrapper/dists/gradle-4.10.2-all/9fahxiiecdb76a5g3aw9oi8rv/gradle-4.10.2/lib/gradle-jvm-services-4.10.2.jar
7f8ce4007000-7f8ce4013000 r--s 00064000 08:06 131446                     /home/ermicho/.gradle/wrapper/dists/gradle-4.10.2-all/9fahxiiecdb76a5g3aw9oi8rv/gradle-4.10.2/lib/gradle-base-services-4.10.2.jar
7f8ce4013000-7f8ce424a000 rw-p 00000000 00:00 0 
7f8ce424a000-7f8ce4424000 r--s 03d6f000 08:06 10888034                   /usr/lib/jvm/jdk1.8.0_201/jre/lib/rt.jar
7f8ce4424000-7f8ce47f8000 rw-p 00000000 00:00 0 
7f8ce47f8000-7f8ce47f9000 ---p 00000000 00:00 0 
7f8ce47f9000-7f8ce48f9000 rw-p 00000000 00:00 0 
7f8ce48f9000-7f8ce48fa000 ---p 00000000 00:00 0 
7f8ce48fa000-7f8ce49fa000 rw-p 00000000 00:00 0 
7f8ce49fa000-7f8ce49fb000 ---p 00000000 00:00 0 
7f8ce49fb000-7f8ce4afb000 rw-p 00000000 00:00 0 
7f8ce4afb000-7f8ce4afc000 ---p 00000000 00:00 0 
7f8ce4afc000-7f8ce4bfc000 rw-p 00000000 00:00 0 
7f8ce4bfc000-7f8ce4bfd000 ---p 00000000 00:00 0 
7f8ce4bfd000-7f8ce4cfd000 rw-p 00000000 00:00 0 
7f8ce4cfd000-7f8ce4cfe000 ---p 00000000 00:00 0 
7f8ce4cfe000-7f8ce4dfe000 rw-p 00000000 00:00 0 
7f8ce4dfe000-7f8ce4dff000 ---p 00000000 00:00 0 
7f8ce4dff000-7f8ce4eff000 rw-p 00000000 00:00 0 
7f8ce4eff000-7f8ce4f00000 ---p 00000000 00:00 0 
7f8ce4f00000-7f8ce5000000 rw-p 00000000 00:00 0 
7f8ce5000000-7f8ce5270000 rwxp 00000000 00:00 0 
7f8ce5270000-7f8cf4000000 ---p 00000000 00:00 0 
7f8cf4000000-7f8cf4614000 rw-p 00000000 00:00 0 
7f8cf4614000-7f8cf8000000 ---p 00000000 00:00 0 
7f8cf8000000-7f8cf8001000 r--s 00001000 08:06 131488                     /home/ermicho/.gradle/wrapper/dists/gradle-4.10.2-all/9fahxiiecdb76a5g3aw9oi8rv/gradle-4.10.2/lib/native-platform-linux-i386-ncurses6-0.14.jar
7f8cf8001000-7f8cf80a1000 rw-p 00000000 00:00 0 
7f8cf80a1000-7f8cf8305000 ---p 00000000 00:00 0 
7f8cf8305000-7f8cf832f000 rw-p 00000000 00:00 0 
7f8cf832f000-7f8cf8592000 ---p 00000000 00:00 0 
7f8cf8592000-7f8cf85a7000 rw-p 00000000 00:00 0 
7f8cf85a7000-7f8cf86d9000 ---p 00000000 00:00 0 
7f8cf86d9000-7f8cf86e4000 rw-p 00000000 00:00 0 
7f8cf86e4000-7f8cf8a9a000 ---p 00000000 00:00 0 
7f8cf8a9a000-7f8cf8ab5000 r-xp 00000000 08:06 10888324                   /usr/lib/jvm/jdk1.8.0_201/jre/lib/amd64/libzip.so
7f8cf8ab5000-7f8cf8cb4000 ---p 0001b000 08:06 10888324                   /usr/lib/jvm/jdk1.8.0_201/jre/lib/amd64/libzip.so
7f8cf8cb4000-7f8cf8cb5000 r--p 0001a000 08:06 10888324                   /usr/lib/jvm/jdk1.8.0_201/jre/lib/amd64/libzip.so
7f8cf8cb5000-7f8cf8cb6000 rw-p 0001b000 08:06 10888324                   /usr/lib/jvm/jdk1.8.0_201/jre/lib/amd64/libzip.so
7f8cf8cb6000-7f8cf8cc1000 r-xp 00000000 08:06 3937066                    /lib/x86_64-linux-gnu/libnss_files-2.27.so
7f8cf8cc1000-7f8cf8ec0000 ---p 0000b000 08:06 3937066                    /lib/x86_64-linux-gnu/libnss_files-2.27.so
7f8cf8ec0000-7f8cf8ec1000 r--p 0000a000 08:06 3937066                    /lib/x86_64-linux-gnu/libnss_files-2.27.so
7f8cf8ec1000-7f8cf8ec2000 rw-p 0000b000 08:06 3937066                    /lib/x86_64-linux-gnu/libnss_files-2.27.so
7f8cf8ec2000-7f8cf8ec8000 rw-p 00000000 00:00 0 
7f8cf8ec8000-7f8cf8edf000 r-xp 00000000 08:06 3937060                    /lib/x86_64-linux-gnu/libnsl-2.27.so
7f8cf8edf000-7f8cf90de000 ---p 00017000 08:06 3937060                    /lib/x86_64-linux-gnu/libnsl-2.27.so
7f8cf90de000-7f8cf90df000 r--p 00016000 08:06 3937060                    /lib/x86_64-linux-gnu/libnsl-2.27.so
7f8cf90df000-7f8cf90e0000 rw-p 00017000 08:06 3937060                    /lib/x86_64-linux-gnu/libnsl-2.27.so
7f8cf90e0000-7f8cf90e2000 rw-p 00000000 00:00 0 
7f8cf90e2000-7f8cf90ed000 r-xp 00000000 08:06 3937077                    /lib/x86_64-linux-gnu/libnss_nis-2.27.so
7f8cf90ed000-7f8cf92ec000 ---p 0000b000 08:06 3937077                    /lib/x86_64-linux-gnu/libnss_nis-2.27.so
7f8cf92ec000-7f8cf92ed000 r--p 0000a000 08:06 3937077                    /lib/x86_64-linux-gnu/libnss_nis-2.27.so
7f8cf92ed000-7f8cf92ee000 rw-p 0000b000 08:06 3937077                    /lib/x86_64-linux-gnu/libnss_nis-2.27.so
7f8cf92ee000-7f8cf92f6000 r-xp 00000000 08:06 3937062                    /lib/x86_64-linux-gnu/libnss_compat-2.27.so
7f8cf92f6000-7f8cf94f6000 ---p 00008000 08:06 3937062                    /lib/x86_64-linux-gnu/libnss_compat-2.27.so
7f8cf94f6000-7f8cf94f7000 r--p 00008000 08:06 3937062                    /lib/x86_64-linux-gnu/libnss_compat-2.27.so
7f8cf94f7000-7f8cf94f8000 rw-p 00009000 08:06 3937062                    /lib/x86_64-linux-gnu/libnss_compat-2.27.so
7f8cf94f8000-7f8cf9524000 r-xp 00000000 08:06 10888318                   /usr/lib/jvm/jdk1.8.0_201/jre/lib/amd64/libjava.so
7f8cf9524000-7f8cf9724000 ---p 0002c000 08:06 10888318                   /usr/lib/jvm/jdk1.8.0_201/jre/lib/amd64/libjava.so
7f8cf9724000-7f8cf9725000 r--p 0002c000 08:06 10888318                   /usr/lib/jvm/jdk1.8.0_201/jre/lib/amd64/libjava.so
7f8cf9725000-7f8cf9727000 rw-p 0002d000 08:06 10888318                   /usr/lib/jvm/jdk1.8.0_201/jre/lib/amd64/libjava.so
7f8cf9727000-7f8cf9734000 r-xp 00000000 08:06 10888323                   /usr/lib/jvm/jdk1.8.0_201/jre/lib/amd64/libverify.so
7f8cf9734000-7f8cf9933000 ---p 0000d000 08:06 10888323                   /usr/lib/jvm/jdk1.8.0_201/jre/lib/amd64/libverify.so
7f8cf9933000-7f8cf9935000 r--p 0000c000 08:06 10888323                   /usr/lib/jvm/jdk1.8.0_201/jre/lib/amd64/libverify.so
7f8cf9935000-7f8cf9936000 rw-p 0000e000 08:06 10888323                   /usr/lib/jvm/jdk1.8.0_201/jre/lib/amd64/libverify.so
7f8cf9936000-7f8cf993d000 r-xp 00000000 08:06 3937117                    /lib/x86_64-linux-gnu/librt-2.27.so
7f8cf993d000-7f8cf9b3c000 ---p 00007000 08:06 3937117                    /lib/x86_64-linux-gnu/librt-2.27.so
7f8cf9b3c000-7f8cf9b3d000 r--p 00006000 08:06 3937117                    /lib/x86_64-linux-gnu/librt-2.27.so
7f8cf9b3d000-7f8cf9b3e000 rw-p 00007000 08:06 3937117                    /lib/x86_64-linux-gnu/librt-2.27.so
7f8cf9b3e000-7f8cf9cdb000 r-xp 00000000 08:06 3937039                    /lib/x86_64-linux-gnu/libm-2.27.so
7f8cf9cdb000-7f8cf9eda000 ---p 0019d000 08:06 3937039                    /lib/x86_64-linux-gnu/libm-2.27.so
7f8cf9eda000-7f8cf9edb000 r--p 0019c000 08:06 3937039                    /lib/x86_64-linux-gnu/libm-2.27.so
7f8cf9edb000-7f8cf9edc000 rw-p 0019d000 08:06 3937039                    /lib/x86_64-linux-gnu/libm-2.27.so
7f8cf9edc000-7f8cfabc4000 r-xp 00000000 08:06 10888346                   /usr/lib/jvm/jdk1.8.0_201/jre/lib/amd64/server/libjvm.so
7f8cfabc4000-7f8cfadc3000 ---p 00ce8000 08:06 10888346                   /usr/lib/jvm/jdk1.8.0_201/jre/lib/amd64/server/libjvm.so
7f8cfadc3000-7f8cfae59000 r--p 00ce7000 08:06 10888346                   /usr/lib/jvm/jdk1.8.0_201/jre/lib/amd64/server/libjvm.so
7f8cfae59000-7f8cfae8a000 rw-p 00d7d000 08:06 10888346                   /usr/lib/jvm/jdk1.8.0_201/jre/lib/amd64/server/libjvm.so
7f8cfae8a000-7f8cfaec5000 rw-p 00000000 00:00 0 
7f8cfaec5000-7f8cfb0ac000 r-xp 00000000 08:06 3936976                    /lib/x86_64-linux-gnu/libc-2.27.so
7f8cfb0ac000-7f8cfb2ac000 ---p 001e7000 08:06 3936976                    /lib/x86_64-linux-gnu/libc-2.27.so
7f8cfb2ac000-7f8cfb2b0000 r--p 001e7000 08:06 3936976                    /lib/x86_64-linux-gnu/libc-2.27.so
7f8cfb2b0000-7f8cfb2b2000 rw-p 001eb000 08:06 3936976                    /lib/x86_64-linux-gnu/libc-2.27.so
7f8cfb2b2000-7f8cfb2b6000 rw-p 00000000 00:00 0 
7f8cfb2b6000-7f8cfb2b9000 r-xp 00000000 08:06 3936999                    /lib/x86_64-linux-gnu/libdl-2.27.so
7f8cfb2b9000-7f8cfb4b8000 ---p 00003000 08:06 3936999                    /lib/x86_64-linux-gnu/libdl-2.27.so
7f8cfb4b8000-7f8cfb4b9000 r--p 00002000 08:06 3936999                    /lib/x86_64-linux-gnu/libdl-2.27.so
7f8cfb4b9000-7f8cfb4ba000 rw-p 00003000 08:06 3936999                    /lib/x86_64-linux-gnu/libdl-2.27.so
7f8cfb4ba000-7f8cfb4d1000 r-xp 00000000 08:06 9054391                    /usr/lib/jvm/jdk1.8.0_201/lib/amd64/jli/libjli.so
7f8cfb4d1000-7f8cfb6d0000 ---p 00017000 08:06 9054391                    /usr/lib/jvm/jdk1.8.0_201/lib/amd64/jli/libjli.so
7f8cfb6d0000-7f8cfb6d1000 r--p 00016000 08:06 9054391                    /usr/lib/jvm/jdk1.8.0_201/lib/amd64/jli/libjli.so
7f8cfb6d1000-7f8cfb6d2000 rw-p 00017000 08:06 9054391                    /usr/lib/jvm/jdk1.8.0_201/lib/amd64/jli/libjli.so
7f8cfb6d2000-7f8cfb6ec000 r-xp 00000000 08:06 3937109                    /lib/x86_64-linux-gnu/libpthread-2.27.so
7f8cfb6ec000-7f8cfb8eb000 ---p 0001a000 08:06 3937109                    /lib/x86_64-linux-gnu/libpthread-2.27.so
7f8cfb8eb000-7f8cfb8ec000 r--p 00019000 08:06 3937109                    /lib/x86_64-linux-gnu/libpthread-2.27.so
7f8cfb8ec000-7f8cfb8ed000 rw-p 0001a000 08:06 3937109                    /lib/x86_64-linux-gnu/libpthread-2.27.so
7f8cfb8ed000-7f8cfb8f1000 rw-p 00000000 00:00 0 
7f8cfb8f1000-7f8cfb918000 r-xp 00000000 08:06 3936948                    /lib/x86_64-linux-gnu/ld-2.27.so
7f8cfb918000-7f8cfb91a000 r--s 00006000 08:06 131463                     /home/ermicho/.gradle/wrapper/dists/gradle-4.10.2-all/9fahxiiecdb76a5g3aw9oi8rv/gradle-4.10.2/lib/jsr305-2.0.1.jar
7f8cfb91a000-7f8cfb91d000 r--s 0001a000 08:06 131464                     /home/ermicho/.gradle/wrapper/dists/gradle-4.10.2-all/9fahxiiecdb76a5g3aw9oi8rv/gradle-4.10.2/lib/fastutil-7.2.1-min.jar
7f8cfb91d000-7f8cfb921000 r--s 0002a000 08:06 131456                     /home/ermicho/.gradle/wrapper/dists/gradle-4.10.2-all/9fahxiiecdb76a5g3aw9oi8rv/gradle-4.10.2/lib/commons-io-2.4.jar
7f8cfb921000-7f8cfb92e000 r--s 00068000 08:06 131428                     /home/ermicho/.gradle/wrapper/dists/gradle-4.10.2-all/9fahxiiecdb76a5g3aw9oi8rv/gradle-4.10.2/lib/gradle-launcher-4.10.2.jar
7f8cfb92e000-7f8cfb9f9000 rw-p 00000000 00:00 0 
7f8cfb9f9000-7f8cfb9fa000 ---p 00000000 00:00 0 
7f8cfb9fa000-7f8cfb9fd000 ---p 00000000 00:00 0 
7f8cfb9fd000-7f8cfbafe000 rw-p 00000000 00:00 0 
7f8cfbafe000-7f8cfbaff000 r--s 00000000 08:06 131465                     /home/ermicho/.gradle/wrapper/dists/gradle-4.10.2-all/9fahxiiecdb76a5g3aw9oi8rv/gradle-4.10.2/lib/jcip-annotations-1.0.jar
7f8cfbaff000-7f8cfbb01000 r--s 0001a000 08:06 131455                     /home/ermicho/.gradle/wrapper/dists/gradle-4.10.2-all/9fahxiiecdb76a5g3aw9oi8rv/gradle-4.10.2/lib/asm-6.2.jar
7f8cfbb01000-7f8cfbb02000 r--s 00009000 08:06 131461                     /home/ermicho/.gradle/wrapper/dists/gradle-4.10.2-all/9fahxiiecdb76a5g3aw9oi8rv/gradle-4.10.2/lib/slf4j-api-1.7.16.jar
7f8cfbb02000-7f8cfbb07000 r--s 00041000 08:06 131457                     /home/ermicho/.gradle/wrapper/dists/gradle-4.10.2-all/9fahxiiecdb76a5g3aw9oi8rv/gradle-4.10.2/lib/commons-lang-2.6.jar
7f8cfbb07000-7f8cfbb08000 r--s 00004000 08:06 131474                     /home/ermicho/.gradle/wrapper/dists/gradle-4.10.2-all/9fahxiiecdb76a5g3aw9oi8rv/gradle-4.10.2/lib/ant-launcher-1.9.11.jar
7f8cfbb08000-7f8cfbb0c000 r--s 000a1000 08:06 10888039                   /usr/lib/jvm/jdk1.8.0_201/jre/lib/jsse.jar
7f8cfbb0c000-7f8cfbb0e000 r--s 0000c000 08:06 4105167                    /home/ermicho/projects/react-native/PropertyFinder/android/gradle/wrapper/gradle-wrapper.jar
7f8cfbb0e000-7f8cfbb16000 rw-s 00000000 08:06 13139495                   /tmp/hsperfdata_ermicho/10148
7f8cfbb16000-7f8cfbb17000 rw-p 00000000 00:00 0 
7f8cfbb17000-7f8cfbb18000 r--p 00000000 00:00 0 
7f8cfbb18000-7f8cfbb19000 r--p 00027000 08:06 3936948                    /lib/x86_64-linux-gnu/ld-2.27.so
7f8cfbb19000-7f8cfbb1a000 rw-p 00028000 08:06 3936948                    /lib/x86_64-linux-gnu/ld-2.27.so
7f8cfbb1a000-7f8cfbb1b000 rw-p 00000000 00:00 0 
7fff02825000-7fff02848000 rw-p 00000000 00:00 0                          [stack]
7fff02924000-7fff02927000 r--p 00000000 00:00 0                          [vvar]
7fff02927000-7fff02929000 r-xp 00000000 00:00 0                          [vdso]
ffffffffff600000-ffffffffff601000 r-xp 00000000 00:00 0                  [vsyscall]

VM Arguments:
jvm_args: -Dorg.gradle.appname=gradlew 
java_command: org.gradle.wrapper.GradleWrapperMain app:installDebug
java_class_path (initial): /home/ermicho/projects/react-native/PropertyFinder/android/gradle/wrapper/gradle-wrapper.jar
Launcher Type: SUN_STANDARD

Environment Variables:
JAVA_HOME=/usr/lib/jvm/jdk1.8.0_201
PATH=/home/ermicho/projects/react-native/PropertyFinder/node_modules/.bin:/usr/local/lib/node_modules/npm/node_modules/npm-lifecycle/node-gyp-bin:/home/ermicho/projects/react-native/PropertyFinder/node_modules/.bin:/usr/local/sbin:/usr/local/bin:/usr/sbin:/usr/bin:/sbin:/bin:/usr/games:/usr/local/games:/snap/bin:/home/ermicho/Android/Sdk/tools:/home/ermicho/Android/Sdk/tools/bin:/home/ermicho/Android/Sdk/platform-tools:/home/ermicho/Android/Sdk/emulator:/home/ermicho/Android/Sdk/tools/bin:/home/ermicho/Android/Sdk/platform-tools
USERNAME=ermicho
SHELL=/bin/bash
DISPLAY=:0

Signal Handlers:
SIGSEGV: [libjvm.so+0xad3e60], sa_mask[0]=11111111011111111101111111111110, sa_flags=SA_RESTART|SA_SIGINFO
SIGBUS: [libjvm.so+0xad3e60], sa_mask[0]=11111111011111111101111111111110, sa_flags=SA_RESTART|SA_SIGINFO
SIGFPE: [libjvm.so+0x90b880], sa_mask[0]=11111111011111111101111111111110, sa_flags=SA_RESTART|SA_SIGINFO
SIGPIPE: [libjvm.so+0x90b880], sa_mask[0]=11111111011111111101111111111110, sa_flags=SA_RESTART|SA_SIGINFO
SIGXFSZ: [libjvm.so+0x90b880], sa_mask[0]=11111111011111111101111111111110, sa_flags=SA_RESTART|SA_SIGINFO
SIGILL: [libjvm.so+0x90b880], sa_mask[0]=11111111011111111101111111111110, sa_flags=SA_RESTART|SA_SIGINFO
SIGUSR1: SIG_DFL, sa_mask[0]=00000000000000000000000000000000, sa_flags=none
SIGUSR2: [libjvm.so+0x90b750], sa_mask[0]=00000000000000000000000000000000, sa_flags=SA_RESTART|SA_SIGINFO
SIGHUP: [libjvm.so+0x90bd70], sa_mask[0]=11111111011111111101111111111110, sa_flags=SA_RESTART|SA_SIGINFO
SIGINT: [libjvm.so+0x90bd70], sa_mask[0]=11111111011111111101111111111110, sa_flags=SA_RESTART|SA_SIGINFO
SIGTERM: [libjvm.so+0x90bd70], sa_mask[0]=11111111011111111101111111111110, sa_flags=SA_RESTART|SA_SIGINFO
SIGQUIT: [libjvm.so+0x90bd70], sa_mask[0]=11111111011111111101111111111110, sa_flags=SA_RESTART|SA_SIGINFO


---------------  S Y S T E M  ---------------

OS:DISTRIB_ID=Ubuntu
DISTRIB_RELEASE=18.04
DISTRIB_CODENAME=bionic
DISTRIB_DESCRIPTION="Ubuntu 18.04.2 LTS"

uname:Linux 4.15.0-46-generic #49-Ubuntu SMP Wed Feb 6 09:33:07 UTC 2019 x86_64
libc:glibc 2.27 NPTL 2.27 
rlimit: STACK 8192k, CORE 0k, NPROC 30710, NOFILE 4096, AS infinity
load average:1.71 1.86 1.67

/proc/meminfo:
MemTotal:        8021540 kB
MemFree:          566792 kB
MemAvailable:    1933120 kB
Buffers:           39036 kB
Cached:          2606108 kB
SwapCached:           60 kB
Active:          5367032 kB
Inactive:        1642060 kB
Active(anon):    4390484 kB
Inactive(anon):  1094548 kB
Active(file):     976548 kB
Inactive(file):   547512 kB
Unevictable:         344 kB
Mlocked:             344 kB
SwapTotal:       2097148 kB
SwapFree:        2096124 kB
Dirty:             77428 kB
Writeback:             0 kB
AnonPages:       4364352 kB
Mapped:          1111316 kB
Shmem:           1167460 kB
Slab:             217884 kB
SReclaimable:     131252 kB
SUnreclaim:        86632 kB
KernelStack:       22804 kB
PageTables:        94008 kB
NFS_Unstable:          0 kB
Bounce:                0 kB
WritebackTmp:          0 kB
CommitLimit:     6107916 kB
Committed_AS:   16635152 kB
VmallocTotal:   34359738367 kB
VmallocUsed:           0 kB
VmallocChunk:          0 kB
HardwareCorrupted:     0 kB
AnonHugePages:         0 kB
ShmemHugePages:        0 kB
ShmemPmdMapped:        0 kB
CmaTotal:              0 kB
CmaFree:               0 kB
HugePages_Total:       0
HugePages_Free:        0
HugePages_Rsvd:        0
HugePages_Surp:        0
Hugepagesize:       2048 kB
DirectMap4k:      323012 kB
DirectMap2M:     7919616 kB
DirectMap1G:     1048576 kB

container (cgroup) information:
container_type: cgroupv1
cpu_cpuset_cpus: 0-7
cpu_memory_nodes: 0
active_processor_count: 8
cpu_quota: -1
cpu_period: 100000
cpu_shares: -1
memory_limit_in_bytes: -1
memory_and_swap_limit_in_bytes: -2
memory_soft_limit_in_bytes: -1
memory_usage_in_bytes: 7178887168
memory_max_usage_in_bytes: 3432448


CPU:total 8 (initial active 8) (4 cores per cpu, 2 threads per core) family 6 model 142 stepping 10, cmov, cx8, fxsr, mmx, sse, sse2, sse3, ssse3, sse4.1, sse4.2, popcnt, avx, avx2, aes, clmul, erms, 3dnowpref, lzcnt, ht, tsc, tscinvbit, bmi1, bmi2, adx

/proc/cpuinfo:
processor	: 0
vendor_id	: GenuineIntel
cpu family	: 6
model		: 142
model name	: Intel(R) Core(TM) i7-8550U CPU @ 1.80GHz
stepping	: 10
microcode	: 0x96
cpu MHz		: 2449.356
cache size	: 8192 KB
physical id	: 0
siblings	: 8
core id		: 0
cpu cores	: 4
apicid		: 0
initial apicid	: 0
fpu		: yes
fpu_exception	: yes
cpuid level	: 22
wp		: yes
flags		: fpu vme de pse tsc msr pae mce cx8 apic sep mtrr pge mca cmov pat pse36 clflush dts acpi mmx fxsr sse sse2 ss ht tm pbe syscall nx pdpe1gb rdtscp lm constant_tsc art arch_perfmon pebs bts rep_good nopl xtopology nonstop_tsc cpuid aperfmperf tsc_known_freq pni pclmulqdq dtes64 monitor ds_cpl vmx est tm2 ssse3 sdbg fma cx16 xtpr pdcm pcid sse4_1 sse4_2 x2apic movbe popcnt tsc_deadline_timer aes xsave avx f16c rdrand lahf_lm abm 3dnowprefetch cpuid_fault epb invpcid_single pti ssbd ibrs ibpb stibp tpr_shadow vnmi flexpriority ept vpid fsgsbase tsc_adjust bmi1 avx2 smep bmi2 erms invpcid mpx rdseed adx smap clflushopt intel_pt xsaveopt xsavec xgetbv1 xsaves dtherm ida arat pln pts hwp hwp_notify hwp_act_window hwp_epp flush_l1d
bugs		: cpu_meltdown spectre_v1 spectre_v2 spec_store_bypass l1tf
bogomips	: 3984.00
clflush size	: 64
cache_alignment	: 64
address sizes	: 39 bits physical, 48 bits virtual
power management:

processor	: 1
vendor_id	: GenuineIntel
cpu family	: 6
model		: 142
model name	: Intel(R) Core(TM) i7-8550U CPU @ 1.80GHz
stepping	: 10
microcode	: 0x96
cpu MHz		: 2493.386
cache size	: 8192 KB
physical id	: 0
siblings	: 8
core id		: 1
cpu cores	: 4
apicid		: 2
initial apicid	: 2
fpu		: yes
fpu_exception	: yes
cpuid level	: 22
wp		: yes
flags		: fpu vme de pse tsc msr pae mce cx8 apic sep mtrr pge mca cmov pat pse36 clflush dts acpi mmx fxsr sse sse2 ss ht tm pbe syscall nx pdpe1gb rdtscp lm constant_tsc art arch_perfmon pebs bts rep_good nopl xtopology nonstop_tsc cpuid aperfmperf tsc_known_freq pni pclmulqdq dtes64 monitor ds_cpl vmx est tm2 ssse3 sdbg fma cx16 xtpr pdcm pcid sse4_1 sse4_2 x2apic movbe popcnt tsc_deadline_timer aes xsave avx f16c rdrand lahf_lm abm 3dnowprefetch cpuid_fault epb invpcid_single pti ssbd ibrs ibpb stibp tpr_shadow vnmi flexpriority ept vpid fsgsbase tsc_adjust bmi1 avx2 smep bmi2 erms invpcid mpx rdseed adx smap clflushopt intel_pt xsaveopt xsavec xgetbv1 xsaves dtherm ida arat pln pts hwp hwp_notify hwp_act_window hwp_epp flush_l1d
bugs		: cpu_meltdown spectre_v1 spectre_v2 spec_store_bypass l1tf
bogomips	: 3984.00
clflush size	: 64
cache_alignment	: 64
address sizes	: 39 bits physical, 48 bits virtual
power management:

processor	: 2
vendor_id	: GenuineIntel
cpu family	: 6
model		: 142
model name	: Intel(R) Core(TM) i7-8550U CPU @ 1.80GHz
stepping	: 10
microcode	: 0x96
cpu MHz		: 2236.362
cache size	: 8192 KB
physical id	: 0
siblings	: 8
core id		: 2
cpu cores	: 4
apicid		: 4
initial apicid	: 4
fpu		: yes
fpu_exception	: yes
cpuid level	: 22
wp		: yes
flags		: fpu vme de pse tsc msr pae mce cx8 apic sep mtrr pge mca cmov pat pse36 clflush dts acpi mmx fxsr sse sse2 ss ht tm pbe syscall nx pdpe1gb rdtscp lm constant_tsc art arch_perfmon pebs bts rep_good nopl xtopology nonstop_tsc cpuid aperfmperf tsc_known_freq pni pclmulqdq dtes64 monitor ds_cpl vmx est tm2 ssse3 sdbg fma cx16 xtpr pdcm pcid sse4_1 sse4_2 x2apic movbe popcnt tsc_deadline_timer aes xsave avx f16c rdrand lahf_lm abm 3dnowprefetch cpuid_fault epb invpcid_single pti ssbd ibrs ibpb stibp tpr_shadow vnmi flexpriority ept vpid fsgsbase tsc_adjust bmi1 avx2 smep bmi2 erms invpcid mpx rdseed adx smap clflushopt intel_pt xsaveopt xsavec xgetbv1 xsaves dtherm ida arat pln pts hwp hwp_notify hwp_act_window hwp_epp flush_l1d
bugs		: cpu_meltdown spectre_v1 spectre_v2 spec_store_bypass l1tf
bogomips	: 3984.00
clflush size	: 64
cache_alignment	: 64
address sizes	: 39 bits physical, 48 bits virtual
power management:

processor	: 3
vendor_id	: GenuineIntel
cpu family	: 6
model		: 142
model name	: Intel(R) Core(TM) i7-8550U CPU @ 1.80GHz
stepping	: 10
microcode	: 0x96
cpu MHz		: 2321.545
cache size	: 8192 KB
physical id	: 0
siblings	: 8
core id		: 3
cpu cores	: 4
apicid		: 6
initial apicid	: 6
fpu		: yes
fpu_exception	: yes
cpuid level	: 22
wp		: yes
flags		: fpu vme de pse tsc msr pae mce cx8 apic sep mtrr pge mca cmov pat pse36 clflush dts acpi mmx fxsr sse sse2 ss ht tm pbe syscall nx pdpe1gb rdtscp lm constant_tsc art arch_perfmon pebs bts rep_good nopl xtopology nonstop_tsc cpuid aperfmperf tsc_known_freq pni pclmulqdq dtes64 monitor ds_cpl vmx est tm2 ssse3 sdbg fma cx16 xtpr pdcm pcid sse4_1 sse4_2 x2apic movbe popcnt tsc_deadline_timer aes xsave avx f16c rdrand lahf_lm abm 3dnowprefetch cpuid_fault epb invpcid_single pti ssbd ibrs ibpb stibp tpr_shadow vnmi flexpriority ept vpid fsgsbase tsc_adjust bmi1 avx2 smep bmi2 erms invpcid mpx rdseed adx smap clflushopt intel_pt xsaveopt xsavec xgetbv1 xsaves dtherm ida arat pln pts hwp hwp_notify hwp_act_window hwp_epp flush_l1d
bugs		: cpu_meltdown spectre_v1 spectre_v2 spec_store_bypass l1tf
bogomips	: 3984.00
clflush size	: 64
cache_alignment	: 64
address sizes	: 39 bits physical, 48 bits virtual
power management:

processor	: 4
vendor_id	: GenuineIntel
cpu family	: 6
model		: 142
model name	: Intel(R) Core(TM) i7-8550U CPU @ 1.80GHz
stepping	: 10
microcode	: 0x96
cpu MHz		: 2366.030
cache size	: 8192 KB
physical id	: 0
siblings	: 8
core id		: 0
cpu cores	: 4
apicid		: 1
initial apicid	: 1
fpu		: yes
fpu_exception	: yes
cpuid level	: 22
wp		: yes
flags		: fpu vme de pse tsc msr pae mce cx8 apic sep mtrr pge mca cmov pat pse36 clflush dts acpi mmx fxsr sse sse2 ss ht tm pbe syscall nx pdpe1gb rdtscp lm constant_tsc art arch_perfmon pebs bts rep_good nopl xtopology nonstop_tsc cpuid aperfmperf tsc_known_freq pni pclmulqdq dtes64 monitor ds_cpl vmx est tm2 ssse3 sdbg fma cx16 xtpr pdcm pcid sse4_1 sse4_2 x2apic movbe popcnt tsc_deadline_timer aes xsave avx f16c rdrand lahf_lm abm 3dnowprefetch cpuid_fault epb invpcid_single pti ssbd ibrs ibpb stibp tpr_shadow vnmi flexpriority ept vpid fsgsbase tsc_adjust bmi1 avx2 smep bmi2 erms invpcid mpx rdseed adx smap clflushopt intel_pt xsaveopt xsavec xgetbv1 xsaves dtherm ida arat pln pts hwp hwp_notify hwp_act_window hwp_epp flush_l1d
bugs		: cpu_meltdown spectre_v1 spectre_v2 spec_store_bypass l1tf
bogomips	: 3984.00
clflush size	: 64
cache_alignment	: 64
address sizes	: 39 bits physical, 48 bits virtual
power management:

processor	: 5
vendor_id	: GenuineIntel
cpu family	: 6
model		: 142
model name	: Intel(R) Core(TM) i7-8550U CPU @ 1.80GHz
stepping	: 10
microcode	: 0x96
cpu MHz		: 2322.925
cache size	: 8192 KB
physical id	: 0
siblings	: 8
core id		: 1
cpu cores	: 4
apicid		: 3
initial apicid	: 3
fpu		: yes
fpu_exception	: yes
cpuid level	: 22
wp		: yes
flags		: fpu vme de pse tsc msr pae mce cx8 apic sep mtrr pge mca cmov pat pse36 clflush dts acpi mmx fxsr sse sse2 ss ht tm pbe syscall nx pdpe1gb rdtscp lm constant_tsc art arch_perfmon pebs bts rep_good nopl xtopology nonstop_tsc cpuid aperfmperf tsc_known_freq pni pclmulqdq dtes64 monitor ds_cpl vmx est tm2 ssse3 sdbg fma cx16 xtpr pdcm pcid sse4_1 sse4_2 x2apic movbe popcnt tsc_deadline_timer aes xsave avx f16c rdrand lahf_lm abm 3dnowprefetch cpuid_fault epb invpcid_single pti ssbd ibrs ibpb stibp tpr_shadow vnmi flexpriority ept vpid fsgsbase tsc_adjust bmi1 avx2 smep bmi2 erms invpcid mpx rdseed adx smap clflushopt intel_pt xsaveopt xsavec xgetbv1 xsaves dtherm ida arat pln pts hwp hwp_notify hwp_act_window hwp_epp flush_l1d
bugs		: cpu_meltdown spectre_v1 spectre_v2 spec_store_bypass l1tf
bogomips	: 3984.00
clflush size	: 64
cache_alignment	: 64
address sizes	: 39 bits physical, 48 bits virtual
power management:

processor	: 6
vendor_id	: GenuineIntel
cpu family	: 6
model		: 142
model name	: Intel(R) Core(TM) i7-8550U CPU @ 1.80GHz
stepping	: 10
microcode	: 0x96
cpu MHz		: 2369.940
cache size	: 8192 KB
physical id	: 0
siblings	: 8
core id		: 2
cpu cores	: 4
apicid		: 5
initial apicid	: 5
fpu		: yes
fpu_exception	: yes
cpuid level	: 22
wp		: yes
flags		: fpu vme de pse tsc msr pae mce cx8 apic sep mtrr pge mca cmov pat pse36 clflush dts acpi mmx fxsr sse sse2 ss ht tm pbe syscall nx pdpe1gb rdtscp lm constant_tsc art arch_perfmon pebs bts rep_good nopl xtopology nonstop_tsc cpuid aperfmperf tsc_known_freq pni pclmulqdq dtes64 monitor ds_cpl vmx est tm2 ssse3 sdbg fma cx16 xtpr pdcm pcid sse4_1 sse4_2 x2apic movbe popcnt tsc_deadline_timer aes xsave avx f16c rdrand lahf_lm abm 3dnowprefetch cpuid_fault epb invpcid_single pti ssbd ibrs ibpb stibp tpr_shadow vnmi flexpriority ept vpid fsgsbase tsc_adjust bmi1 avx2 smep bmi2 erms invpcid mpx rdseed adx smap clflushopt intel_pt xsaveopt xsavec xgetbv1 xsaves dtherm ida arat pln pts hwp hwp_notify hwp_act_window hwp_epp flush_l1d
bugs		: cpu_meltdown spectre_v1 spectre_v2 spec_store_bypass l1tf
bogomips	: 3984.00
clflush size	: 64
cache_alignment	: 64
address sizes	: 39 bits physical, 48 bits virtual
power management:

processor	: 7
vendor_id	: GenuineIntel
cpu family	: 6
model		: 142
model name	: Intel(R) Core(TM) i7-8550U CPU @ 1.80GHz
stepping	: 10
microcode	: 0x96
cpu MHz		: 2377.975
cache size	: 8192 KB
physical id	: 0
siblings	: 8
core id		: 3
cpu cores	: 4
apicid		: 7
initial apicid	: 7
fpu		: yes
fpu_exception	: yes
cpuid level	: 22
wp		: yes
flags		: fpu vme de pse tsc msr pae mce cx8 apic sep mtrr pge mca cmov pat pse36 clflush dts acpi mmx fxsr sse sse2 ss ht tm pbe syscall nx pdpe1gb rdtscp lm constant_tsc art arch_perfmon pebs bts rep_good nopl xtopology nonstop_tsc cpuid aperfmperf tsc_known_freq pni pclmulqdq dtes64 monitor ds_cpl vmx est tm2 ssse3 sdbg fma cx16 xtpr pdcm pcid sse4_1 sse4_2 x2apic movbe popcnt tsc_deadline_timer aes xsave avx f16c rdrand lahf_lm abm 3dnowprefetch cpuid_fault epb invpcid_single pti ssbd ibrs ibpb stibp tpr_shadow vnmi flexpriority ept vpid fsgsbase tsc_adjust bmi1 avx2 smep bmi2 erms invpcid mpx rdseed adx smap clflushopt intel_pt xsaveopt xsavec xgetbv1 xsaves dtherm ida arat pln pts hwp hwp_notify hwp_act_window hwp_epp flush_l1d
bugs		: cpu_meltdown spectre_v1 spectre_v2 spec_store_bypass l1tf
bogomips	: 3984.00
clflush size	: 64
cache_alignment	: 64
address sizes	: 39 bits physical, 48 bits virtual
power management:



Memory: 4k page, physical 8021540k(528396k free), swap 2097148k(2096124k free)

vm_info: Java HotSpot(TM) 64-Bit Server VM (25.201-b09) for linux-amd64 JRE (1.8.0_201-b09), built on Dec 15 2018 11:35:59 by "java_re" with gcc 7.3.0

time: Fri Mar 15 10:47:24 2019
timezone: IST
elapsed time: 0 seconds (0d 0h 0m 0s)

