#
# A fatal error has been detected by the Java Runtime Environment:
#
#  SIGSEGV (0xb) at pc=0x00007fa7347e6783, pid=8501, tid=0x00007fa735af9b80
#
# JRE version: Java(TM) SE Runtime Environment (8.0_201-b09) (build 1.8.0_201-b09)
# Java VM: Java HotSpot(TM) 64-Bit Server VM (25.201-b09 mixed mode linux-amd64 compressed oops)
# Problematic frame:
# V  [libjvm.so+0x90b783]  SR_handler(int, siginfo*, ucontext*)+0x33
#
# Failed to write core dump. Core dumps have been disabled. To enable core dumping, try "ulimit -c unlimited" before starting Java again
#
# If you would like to submit a bug report, please visit:
#   http://bugreport.java.com/bugreport/crash.jsp
#

---------------  T H R E A D  ---------------

Current thread is native thread

siginfo: si_signo: 11 (SIGSEGV), si_code: 1 (SEGV_MAPERR), si_addr: 0x0000000000000128

Registers:
RAX=0x0000000000000000, RBX=0x00007fa735af8700, RCX=0x00007fa7356d9d2d, RDX=0x00007fa735af9ea0
RSP=0x00007ffc7fb77640, RBP=0x00007ffc7fb776f0, RSI=0x00007ffc7fb77830, RDI=0x0000000000000001
R8 =0x00000000000000ca, R9 =0x00007fa735af89d0, R10=0x0000000000000000, R11=0x0000000000000246
R12=0x00007fa735af9b00, R13=0x0000000000000002, R14=0x00007ffc7fb77830, R15=0x00007ffc7fb77700
RIP=0x00007fa7347e6783, EFLAGS=0x0000000000010246, CSGSFS=0x002b000000000033, ERR=0x0000000000000004
  TRAPNO=0x000000000000000e

Top of Stack: (sp=0x00007ffc7fb77640)
0x00007ffc7fb77640:   313035387fb77b70 2c21b70836a99d00
0x00007ffc7fb77650:   00007ffc7fb77690 0000ffff00001fa0
0x00007ffc7fb77660:   000000000000003f 00007fa734a35ca7
0x00007ffc7fb77670:   00007ffc7fb77828 0000000001baa5c0
0x00007ffc7fb77680:   00007ffc7fb77900 00007fa734f4c910
0x00007ffc7fb77690:   00000000fbad8001 00007ffc7fb77900
0x00007ffc7fb776a0:   00007ffc7fb77900 00007ffc7fb77900
0x00007ffc7fb776b0:   00007ffc7fb77900 00007ffc7fb7790e
0x00007ffc7fb776c0:   00007ffc7fb7793f 00007fa735af8700
0x00007ffc7fb776d0:   0000000000000000 00007ffc7fb77da0
0x00007ffc7fb776e0:   0000000000000000 0000000000000001
0x00007ffc7fb776f0:   00007ffc7fb77e08 00007fa7356e3890
0x00007ffc7fb77700:   0000000000000007 0000000000000000
0x00007ffc7fb77710:   0000000000000000 00007fa700000002
0x00007ffc7fb77720:   0000000000000000 00000000000000ca
0x00007ffc7fb77730:   00007fa735af89d0 0000000000000000
0x00007ffc7fb77740:   0000000000000246 0000000000000000
0x00007ffc7fb77750:   00007ffc7fb77da0 0000000000000000
0x00007ffc7fb77760:   0000000000000001 00007fa735af89d0
0x00007ffc7fb77770:   0000000000000000 00007ffc7fb77e08
0x00007ffc7fb77780:   00007fa735af8700 0000000000002140
0x00007ffc7fb77790:   00000000000000ca 00007fa7356d9d2d
0x00007ffc7fb777a0:   00007ffc7fb77d90 00007fa7356d9d2b
0x00007ffc7fb777b0:   0000000000000246 002b000000000033
0x00007ffc7fb777c0:   0000000000000000 0000000000000000
0x00007ffc7fb777d0:   0000000000000000 0000000000000000
0x00007ffc7fb777e0:   00007ffc7fb778c0 00007fa735b19170
0x00007ffc7fb777f0:   0000000000000000 00007fa7358faf5f
0x00007ffc7fb77800:   00007fa735afb000 00007fa7358fb1ef
0x00007ffc7fb77810:   0000000000000004 00007fa7356d3f58
0x00007ffc7fb77820:   000000000017501c 0000000000000000
0x00007ffc7fb77830:   000000000000000c 00007fa700000000 

Instructions: (pc=0x00007fa7347e6783)
0x00007fa7347e6763:   48 81 ec 88 00 00 00 e8 81 1d 8f ff 44 8b 28 49
0x00007fa7347e6773:   89 c4 48 8d 05 2c 61 68 00 8b 38 e8 15 2c 8f ff
0x00007fa7347e6783:   48 8b 98 28 01 00 00 8b 83 a8 00 00 00 83 f8 01
0x00007fa7347e6793:   74 1b 45 89 2c 24 48 81 c4 88 00 00 00 5b 41 5c 

Register to memory mapping:

RAX=0x0000000000000000 is an unknown value
RBX=0x00007fa735af8700 is pointing into the stack for thread: 0x00007fa72c00b000
RCX=0x00007fa7356d9d2d: <offset 0x8d2d> in /lib/x86_64-linux-gnu/libpthread.so.0 at 0x00007fa7356d1000
RDX=0x00007fa735af9ea0 is an unknown value
RSP=0x00007ffc7fb77640 is an unknown value
RBP=0x00007ffc7fb776f0 is an unknown value
RSI=0x00007ffc7fb77830 is an unknown value
RDI=0x0000000000000001 is an unknown value
R8 =0x00000000000000ca is an unknown value
R9 =0x00007fa735af89d0 is pointing into the stack for thread: 0x00007fa72c00b000
R10=0x0000000000000000 is an unknown value
R11=0x0000000000000246 is an unknown value
R12=0x00007fa735af9b00 is an unknown value
R13=0x0000000000000002 is an unknown value
R14=0x00007ffc7fb77830 is an unknown value
R15=0x00007ffc7fb77700 is an unknown value


Stack: [0x00007ffc7fa80000,0x00007ffc7fb80000],  sp=0x00007ffc7fb77640,  free space=989k
Native frames: (J=compiled Java code, j=interpreted, Vv=VM code, C=native code)
V  [libjvm.so+0x90b783]  SR_handler(int, siginfo*, ucontext*)+0x33
C  [libpthread.so.0+0x12890]


---------------  P R O C E S S  ---------------

VM state:not at safepoint (normal execution)

VM Mutex/Monitor currently owned by a thread: None

heap address: 0x0000000085800000, size: 1960 MB, Compressed Oops mode: 32-bit
Narrow klass base: 0x0000000000000000, Narrow klass shift: 3
Compressed class space size: 1073741824 Address: 0x0000000100000000

Heap:
 PSYoungGen      total 36864K, used 1269K [0x00000000d7300000, 0x00000000d9c00000, 0x0000000100000000)
  eden space 31744K, 4% used [0x00000000d7300000,0x00000000d743d728,0x00000000d9200000)
  from space 5120K, 0% used [0x00000000d9700000,0x00000000d9700000,0x00000000d9c00000)
  to   space 5120K, 0% used [0x00000000d9200000,0x00000000d9200000,0x00000000d9700000)
 ParOldGen       total 84992K, used 0K [0x0000000085800000, 0x000000008ab00000, 0x00000000d7300000)
  object space 84992K, 0% used [0x0000000085800000,0x0000000085800000,0x000000008ab00000)
 Metaspace       used 2783K, capacity 4490K, committed 4864K, reserved 1056768K
  class space    used 293K, capacity 386K, committed 512K, reserved 1048576K

Card table byte_map: [0x00007fa732304000,0x00007fa7326d9000] byte_map_base: 0x00007fa731ed8000

Marking Bits: (ParMarkBitMap*) 0x00007fa734ea6d80
 Begin Bits: [0x00007fa7142c0000, 0x00007fa716160000)
 End Bits:   [0x00007fa716160000, 0x00007fa718000000)

Polling page: 0x00007fa735b16000

CodeCache: size=245760Kb used=1092Kb max_used=1092Kb free=244667Kb
 bounds [0x00007fa71d000000, 0x00007fa71d270000, 0x00007fa72c000000]
 total_blobs=254 nmethods=17 adapters=152
 compilation: enabled

Compilation events (10 events):
Event: 0.059 Thread 0x00007fa72c0c9000 nmethod 11 0x00007fa71d10c590 code [0x00007fa71d10c760, 0x00007fa71d10cc38]
Event: 0.064 Thread 0x00007fa72c0c9000   12       3       java.lang.String::getChars (62 bytes)
Event: 0.065 Thread 0x00007fa72c0c9000 nmethod 12 0x00007fa71d10df10 code [0x00007fa71d10e0c0, 0x00007fa71d10e4f8]
Event: 0.068 Thread 0x00007fa72c0c9000   13       3       java.util.jar.Attributes$Name::isValid (32 bytes)
Event: 0.068 Thread 0x00007fa72c0c9000 nmethod 13 0x00007fa71d10eb10 code [0x00007fa71d10eca0, 0x00007fa71d10f130]
Event: 0.068 Thread 0x00007fa72c0c9000   14       3       java.util.jar.Attributes$Name::isAlpha (30 bytes)
Event: 0.068 Thread 0x00007fa72c0c9000 nmethod 14 0x00007fa71d10f210 code [0x00007fa71d10f380, 0x00007fa71d10f5b0]
Event: 0.068 Thread 0x00007fa72c0c9000   15       1       java.lang.ThreadLocal::access$400 (5 bytes)
Event: 0.068 Thread 0x00007fa72c0c9000 nmethod 15 0x00007fa71d10f610 code [0x00007fa71d10f760, 0x00007fa71d10f850]
Event: 0.076 Thread 0x00007fa72c0c9000   16       3       java.lang.String::indexOf (7 bytes)

GC Heap History (0 events):
No events

Deoptimization events (0 events):
No events

Classes redefined (0 events):
No events

Internal exceptions (2 events):
Event: 0.024 Thread 0x00007fa72c00b000 Exception <a 'java/lang/NoSuchMethodError': Method sun.misc.Unsafe.defineClass(Ljava/lang/String;[BII)Ljava/lang/Class; name or signature does not match> (0x00000000d7307cb0) thrown at [/HUDSON/workspace/8-2-build-linux-amd64/jdk8u201/12317/hotspot/src/sh
Event: 0.024 Thread 0x00007fa72c00b000 Exception <a 'java/lang/NoSuchMethodError': Method sun.misc.Unsafe.prefetchRead(Ljava/lang/Object;J)V name or signature does not match> (0x00000000d7307f98) thrown at [/HUDSON/workspace/8-2-build-linux-amd64/jdk8u201/12317/hotspot/src/share/vm/prims/jni.c

Events (10 events):
Event: 0.072 loading class java/net/URISyntaxException
Event: 0.072 loading class java/net/URISyntaxException done
Event: 0.073 loading class java/lang/Void
Event: 0.073 loading class java/lang/Void done
Event: 0.074 loading class java/util/concurrent/ConcurrentHashMap$ForwardingNode
Event: 0.074 loading class java/util/concurrent/ConcurrentHashMap$ForwardingNode done
Event: 0.074 loading class java/net/URI
Event: 0.074 loading class java/net/URI done
Event: 0.075 loading class java/net/URI$Parser
Event: 0.075 loading class java/net/URI$Parser done


Dynamic libraries:
00400000-00401000 r-xp 00000000 08:06 8013769                            /usr/lib/jvm/jdk1.8.0_201/bin/java
00600000-00601000 r--p 00000000 08:06 8013769                            /usr/lib/jvm/jdk1.8.0_201/bin/java
00601000-00602000 rw-p 00001000 08:06 8013769                            /usr/lib/jvm/jdk1.8.0_201/bin/java
01baa000-01bee000 rw-p 00000000 00:00 0                                  [heap]
85800000-8ab00000 rw-p 00000000 00:00 0 
8ab00000-d7300000 ---p 00000000 00:00 0 
d7300000-d9c00000 rw-p 00000000 00:00 0 
d9c00000-100000000 ---p 00000000 00:00 0 
100000000-100080000 rw-p 00000000 00:00 0 
100080000-140000000 ---p 00000000 00:00 0 
7fa6c0000000-7fa6c0021000 rw-p 00000000 00:00 0 
7fa6c0021000-7fa6c4000000 ---p 00000000 00:00 0 
7fa6c4000000-7fa6c4021000 rw-p 00000000 00:00 0 
7fa6c4021000-7fa6c8000000 ---p 00000000 00:00 0 
7fa6c8000000-7fa6c8021000 rw-p 00000000 00:00 0 
7fa6c8021000-7fa6cc000000 ---p 00000000 00:00 0 
7fa6cc000000-7fa6cc02d000 rw-p 00000000 00:00 0 
7fa6cc02d000-7fa6d0000000 ---p 00000000 00:00 0 
7fa6d0000000-7fa6d003e000 rw-p 00000000 00:00 0 
7fa6d003e000-7fa6d4000000 ---p 00000000 00:00 0 
7fa6d4000000-7fa6d4021000 rw-p 00000000 00:00 0 
7fa6d4021000-7fa6d8000000 ---p 00000000 00:00 0 
7fa6d8000000-7fa6d8021000 rw-p 00000000 00:00 0 
7fa6d8021000-7fa6dc000000 ---p 00000000 00:00 0 
7fa6dc000000-7fa6dc021000 rw-p 00000000 00:00 0 
7fa6dc021000-7fa6e0000000 ---p 00000000 00:00 0 
7fa6e0000000-7fa6e0021000 rw-p 00000000 00:00 0 
7fa6e0021000-7fa6e4000000 ---p 00000000 00:00 0 
7fa6e4000000-7fa6e4021000 rw-p 00000000 00:00 0 
7fa6e4021000-7fa6e8000000 ---p 00000000 00:00 0 
7fa6e8000000-7fa6e8021000 rw-p 00000000 00:00 0 
7fa6e8021000-7fa6ec000000 ---p 00000000 00:00 0 
7fa6ec000000-7fa6ec021000 rw-p 00000000 00:00 0 
7fa6ec021000-7fa6f0000000 ---p 00000000 00:00 0 
7fa6f0000000-7fa6f0021000 rw-p 00000000 00:00 0 
7fa6f0021000-7fa6f4000000 ---p 00000000 00:00 0 
7fa6f8000000-7fa6f8021000 rw-p 00000000 00:00 0 
7fa6f8021000-7fa6fc000000 ---p 00000000 00:00 0 
7fa700000000-7fa700021000 rw-p 00000000 00:00 0 
7fa700021000-7fa704000000 ---p 00000000 00:00 0 
7fa708000000-7fa708021000 rw-p 00000000 00:00 0 
7fa708021000-7fa70c000000 ---p 00000000 00:00 0 
7fa70e891000-7fa70eb26000 rw-p 00000000 00:00 0 
7fa70eb26000-7fa70eb27000 ---p 00000000 00:00 0 
7fa70eb27000-7fa70ec27000 rw-p 00000000 00:00 0 
7fa70ec27000-7fa70ec2a000 ---p 00000000 00:00 0 
7fa70ec2a000-7fa70ed28000 rw-p 00000000 00:00 0 
7fa70ed28000-7fa70ed29000 ---p 00000000 00:00 0 
7fa70ed29000-7fa70ed2c000 ---p 00000000 00:00 0 
7fa70ed2c000-7fa70ee29000 rw-p 00000000 00:00 0 
7fa70ee29000-7fa70ee2a000 ---p 00000000 00:00 0 
7fa70ee2a000-7fa70ee2d000 ---p 00000000 00:00 0 
7fa70ee2d000-7fa70ef2a000 rw-p 00000000 00:00 0 
7fa70ef2a000-7fa70ef2b000 ---p 00000000 00:00 0 
7fa70ef2b000-7fa70ef2e000 ---p 00000000 00:00 0 
7fa70ef2e000-7fa70f02b000 rw-p 00000000 00:00 0 
7fa70f02b000-7fa70f02c000 ---p 00000000 00:00 0 
7fa70f02c000-7fa70f02f000 ---p 00000000 00:00 0 
7fa70f02f000-7fa70f12c000 rw-p 00000000 00:00 0 
7fa70f12c000-7fa70f12f000 ---p 00000000 00:00 0 
7fa70f12f000-7fa70f22d000 rw-p 00000000 00:00 0 
7fa70f22d000-7fa70fbfc000 r--p 00000000 08:06 662140                     /usr/lib/locale/locale-archive
7fa70fbfc000-7fa70fbff000 ---p 00000000 00:00 0 
7fa70fbff000-7fa70fcfd000 rw-p 00000000 00:00 0 
7fa70fcfd000-7fa70fd00000 ---p 00000000 00:00 0 
7fa70fd00000-7fa70fdfe000 rw-p 00000000 00:00 0 
7fa70fdfe000-7fa70fdff000 ---p 00000000 00:00 0 
7fa70fdff000-7fa710000000 rw-p 00000000 00:00 0 
7fa710000000-7fa710021000 rw-p 00000000 00:00 0 
7fa710021000-7fa714000000 ---p 00000000 00:00 0 
7fa7140be000-7fa718000000 rw-p 00000000 00:00 0 
7fa718000000-7fa718021000 rw-p 00000000 00:00 0 
7fa718021000-7fa71c000000 ---p 00000000 00:00 0 
7fa71c0d0000-7fa71d000000 rw-p 00000000 00:00 0 
7fa71d000000-7fa71d270000 rwxp 00000000 00:00 0 
7fa71d270000-7fa72c000000 ---p 00000000 00:00 0 
7fa72c000000-7fa72c11f000 rw-p 00000000 00:00 0 
7fa72c11f000-7fa730000000 ---p 00000000 00:00 0 
7fa73000b000-7fa730a4a000 rw-p 00000000 00:00 0 
7fa730a4a000-7fa730c24000 r--s 03d6f000 08:06 10888034                   /usr/lib/jvm/jdk1.8.0_201/jre/lib/rt.jar
7fa730c24000-7fa7310da000 rw-p 00000000 00:00 0 
7fa7310da000-7fa73149a000 ---p 00000000 00:00 0 
7fa73149a000-7fa73186e000 rw-p 00000000 00:00 0 
7fa73186e000-7fa73186f000 ---p 00000000 00:00 0 
7fa73186f000-7fa73196f000 rw-p 00000000 00:00 0 
7fa73196f000-7fa731970000 ---p 00000000 00:00 0 
7fa731970000-7fa731a70000 rw-p 00000000 00:00 0 
7fa731a70000-7fa731a71000 ---p 00000000 00:00 0 
7fa731a71000-7fa731b71000 rw-p 00000000 00:00 0 
7fa731b71000-7fa731b72000 ---p 00000000 00:00 0 
7fa731b72000-7fa731c72000 rw-p 00000000 00:00 0 
7fa731c72000-7fa731c73000 ---p 00000000 00:00 0 
7fa731c73000-7fa731d73000 rw-p 00000000 00:00 0 
7fa731d73000-7fa731d74000 ---p 00000000 00:00 0 
7fa731d74000-7fa731e74000 rw-p 00000000 00:00 0 
7fa731e74000-7fa731e75000 ---p 00000000 00:00 0 
7fa731e75000-7fa731f75000 rw-p 00000000 00:00 0 
7fa731f75000-7fa731f76000 ---p 00000000 00:00 0 
7fa731f76000-7fa7320a0000 rw-p 00000000 00:00 0 
7fa7320a0000-7fa732304000 ---p 00000000 00:00 0 
7fa732304000-7fa73232e000 rw-p 00000000 00:00 0 
7fa73232e000-7fa732591000 ---p 00000000 00:00 0 
7fa732591000-7fa7325a6000 rw-p 00000000 00:00 0 
7fa7325a6000-7fa7326d8000 ---p 00000000 00:00 0 
7fa7326d8000-7fa7326e3000 rw-p 00000000 00:00 0 
7fa7326e3000-7fa732a99000 ---p 00000000 00:00 0 
7fa732a99000-7fa732ab4000 r-xp 00000000 08:06 10888324                   /usr/lib/jvm/jdk1.8.0_201/jre/lib/amd64/libzip.so
7fa732ab4000-7fa732cb3000 ---p 0001b000 08:06 10888324                   /usr/lib/jvm/jdk1.8.0_201/jre/lib/amd64/libzip.so
7fa732cb3000-7fa732cb4000 r--p 0001a000 08:06 10888324                   /usr/lib/jvm/jdk1.8.0_201/jre/lib/amd64/libzip.so
7fa732cb4000-7fa732cb5000 rw-p 0001b000 08:06 10888324                   /usr/lib/jvm/jdk1.8.0_201/jre/lib/amd64/libzip.so
7fa732cb5000-7fa732cc0000 r-xp 00000000 08:06 3937066                    /lib/x86_64-linux-gnu/libnss_files-2.27.so
7fa732cc0000-7fa732ebf000 ---p 0000b000 08:06 3937066                    /lib/x86_64-linux-gnu/libnss_files-2.27.so
7fa732ebf000-7fa732ec0000 r--p 0000a000 08:06 3937066                    /lib/x86_64-linux-gnu/libnss_files-2.27.so
7fa732ec0000-7fa732ec1000 rw-p 0000b000 08:06 3937066                    /lib/x86_64-linux-gnu/libnss_files-2.27.so
7fa732ec1000-7fa732ec7000 rw-p 00000000 00:00 0 
7fa732ec7000-7fa732ede000 r-xp 00000000 08:06 3937060                    /lib/x86_64-linux-gnu/libnsl-2.27.so
7fa732ede000-7fa7330dd000 ---p 00017000 08:06 3937060                    /lib/x86_64-linux-gnu/libnsl-2.27.so
7fa7330dd000-7fa7330de000 r--p 00016000 08:06 3937060                    /lib/x86_64-linux-gnu/libnsl-2.27.so
7fa7330de000-7fa7330df000 rw-p 00017000 08:06 3937060                    /lib/x86_64-linux-gnu/libnsl-2.27.so
7fa7330df000-7fa7330e1000 rw-p 00000000 00:00 0 
7fa7330e1000-7fa7330ec000 r-xp 00000000 08:06 3937077                    /lib/x86_64-linux-gnu/libnss_nis-2.27.so
7fa7330ec000-7fa7332eb000 ---p 0000b000 08:06 3937077                    /lib/x86_64-linux-gnu/libnss_nis-2.27.so
7fa7332eb000-7fa7332ec000 r--p 0000a000 08:06 3937077                    /lib/x86_64-linux-gnu/libnss_nis-2.27.so
7fa7332ec000-7fa7332ed000 rw-p 0000b000 08:06 3937077                    /lib/x86_64-linux-gnu/libnss_nis-2.27.so
7fa7332ed000-7fa7332f5000 r-xp 00000000 08:06 3937062                    /lib/x86_64-linux-gnu/libnss_compat-2.27.so
7fa7332f5000-7fa7334f5000 ---p 00008000 08:06 3937062                    /lib/x86_64-linux-gnu/libnss_compat-2.27.so
7fa7334f5000-7fa7334f6000 r--p 00008000 08:06 3937062                    /lib/x86_64-linux-gnu/libnss_compat-2.27.so
7fa7334f6000-7fa7334f7000 rw-p 00009000 08:06 3937062                    /lib/x86_64-linux-gnu/libnss_compat-2.27.so
7fa7334f7000-7fa733523000 r-xp 00000000 08:06 10888318                   /usr/lib/jvm/jdk1.8.0_201/jre/lib/amd64/libjava.so
7fa733523000-7fa733723000 ---p 0002c000 08:06 10888318                   /usr/lib/jvm/jdk1.8.0_201/jre/lib/amd64/libjava.so
7fa733723000-7fa733724000 r--p 0002c000 08:06 10888318                   /usr/lib/jvm/jdk1.8.0_201/jre/lib/amd64/libjava.so
7fa733724000-7fa733726000 rw-p 0002d000 08:06 10888318                   /usr/lib/jvm/jdk1.8.0_201/jre/lib/amd64/libjava.so
7fa733726000-7fa733733000 r-xp 00000000 08:06 10888323                   /usr/lib/jvm/jdk1.8.0_201/jre/lib/amd64/libverify.so
7fa733733000-7fa733932000 ---p 0000d000 08:06 10888323                   /usr/lib/jvm/jdk1.8.0_201/jre/lib/amd64/libverify.so
7fa733932000-7fa733934000 r--p 0000c000 08:06 10888323                   /usr/lib/jvm/jdk1.8.0_201/jre/lib/amd64/libverify.so
7fa733934000-7fa733935000 rw-p 0000e000 08:06 10888323                   /usr/lib/jvm/jdk1.8.0_201/jre/lib/amd64/libverify.so
7fa733935000-7fa73393c000 r-xp 00000000 08:06 3937117                    /lib/x86_64-linux-gnu/librt-2.27.so
7fa73393c000-7fa733b3b000 ---p 00007000 08:06 3937117                    /lib/x86_64-linux-gnu/librt-2.27.so
7fa733b3b000-7fa733b3c000 r--p 00006000 08:06 3937117                    /lib/x86_64-linux-gnu/librt-2.27.so
7fa733b3c000-7fa733b3d000 rw-p 00007000 08:06 3937117                    /lib/x86_64-linux-gnu/librt-2.27.so
7fa733b3d000-7fa733cda000 r-xp 00000000 08:06 3937039                    /lib/x86_64-linux-gnu/libm-2.27.so
7fa733cda000-7fa733ed9000 ---p 0019d000 08:06 3937039                    /lib/x86_64-linux-gnu/libm-2.27.so
7fa733ed9000-7fa733eda000 r--p 0019c000 08:06 3937039                    /lib/x86_64-linux-gnu/libm-2.27.so
7fa733eda000-7fa733edb000 rw-p 0019d000 08:06 3937039                    /lib/x86_64-linux-gnu/libm-2.27.so
7fa733edb000-7fa734bc3000 r-xp 00000000 08:06 10888346                   /usr/lib/jvm/jdk1.8.0_201/jre/lib/amd64/server/libjvm.so
7fa734bc3000-7fa734dc2000 ---p 00ce8000 08:06 10888346                   /usr/lib/jvm/jdk1.8.0_201/jre/lib/amd64/server/libjvm.so
7fa734dc2000-7fa734e58000 r--p 00ce7000 08:06 10888346                   /usr/lib/jvm/jdk1.8.0_201/jre/lib/amd64/server/libjvm.so
7fa734e58000-7fa734e89000 rw-p 00d7d000 08:06 10888346                   /usr/lib/jvm/jdk1.8.0_201/jre/lib/amd64/server/libjvm.so
7fa734e89000-7fa734ec4000 rw-p 00000000 00:00 0 
7fa734ec4000-7fa7350ab000 r-xp 00000000 08:06 3936976                    /lib/x86_64-linux-gnu/libc-2.27.so
7fa7350ab000-7fa7352ab000 ---p 001e7000 08:06 3936976                    /lib/x86_64-linux-gnu/libc-2.27.so
7fa7352ab000-7fa7352af000 r--p 001e7000 08:06 3936976                    /lib/x86_64-linux-gnu/libc-2.27.so
7fa7352af000-7fa7352b1000 rw-p 001eb000 08:06 3936976                    /lib/x86_64-linux-gnu/libc-2.27.so
7fa7352b1000-7fa7352b5000 rw-p 00000000 00:00 0 
7fa7352b5000-7fa7352b8000 r-xp 00000000 08:06 3936999                    /lib/x86_64-linux-gnu/libdl-2.27.so
7fa7352b8000-7fa7354b7000 ---p 00003000 08:06 3936999                    /lib/x86_64-linux-gnu/libdl-2.27.so
7fa7354b7000-7fa7354b8000 r--p 00002000 08:06 3936999                    /lib/x86_64-linux-gnu/libdl-2.27.so
7fa7354b8000-7fa7354b9000 rw-p 00003000 08:06 3936999                    /lib/x86_64-linux-gnu/libdl-2.27.so
7fa7354b9000-7fa7354d0000 r-xp 00000000 08:06 9054391                    /usr/lib/jvm/jdk1.8.0_201/lib/amd64/jli/libjli.so
7fa7354d0000-7fa7356cf000 ---p 00017000 08:06 9054391                    /usr/lib/jvm/jdk1.8.0_201/lib/amd64/jli/libjli.so
7fa7356cf000-7fa7356d0000 r--p 00016000 08:06 9054391                    /usr/lib/jvm/jdk1.8.0_201/lib/amd64/jli/libjli.so
7fa7356d0000-7fa7356d1000 rw-p 00017000 08:06 9054391                    /usr/lib/jvm/jdk1.8.0_201/lib/amd64/jli/libjli.so
7fa7356d1000-7fa7356eb000 r-xp 00000000 08:06 3937109                    /lib/x86_64-linux-gnu/libpthread-2.27.so
7fa7356eb000-7fa7358ea000 ---p 0001a000 08:06 3937109                    /lib/x86_64-linux-gnu/libpthread-2.27.so
7fa7358ea000-7fa7358eb000 r--p 00019000 08:06 3937109                    /lib/x86_64-linux-gnu/libpthread-2.27.so
7fa7358eb000-7fa7358ec000 rw-p 0001a000 08:06 3937109                    /lib/x86_64-linux-gnu/libpthread-2.27.so
7fa7358ec000-7fa7358f0000 rw-p 00000000 00:00 0 
7fa7358f0000-7fa735917000 r-xp 00000000 08:06 3936948                    /lib/x86_64-linux-gnu/ld-2.27.so
7fa73592d000-7fa7359f8000 rw-p 00000000 00:00 0 
7fa7359f8000-7fa7359f9000 ---p 00000000 00:00 0 
7fa7359f9000-7fa7359fc000 ---p 00000000 00:00 0 
7fa7359fc000-7fa735afd000 rw-p 00000000 00:00 0 
7fa735b0b000-7fa735b0d000 r--s 0000c000 08:06 4105167                    /home/ermicho/projects/react-native/PropertyFinder/android/gradle/wrapper/gradle-wrapper.jar
7fa735b0d000-7fa735b15000 rw-s 00000000 08:06 13139417                   /tmp/hsperfdata_ermicho/8501
7fa735b15000-7fa735b16000 rw-p 00000000 00:00 0 
7fa735b16000-7fa735b17000 r--p 00000000 00:00 0 
7fa735b17000-7fa735b18000 r--p 00027000 08:06 3936948                    /lib/x86_64-linux-gnu/ld-2.27.so
7fa735b18000-7fa735b19000 rw-p 00028000 08:06 3936948                    /lib/x86_64-linux-gnu/ld-2.27.so
7fa735b19000-7fa735b1a000 rw-p 00000000 00:00 0 
7ffc7fb5d000-7ffc7fb80000 rw-p 00000000 00:00 0                          [stack]
7ffc7fbc5000-7ffc7fbc8000 r--p 00000000 00:00 0                          [vvar]
7ffc7fbc8000-7ffc7fbca000 r-xp 00000000 00:00 0                          [vdso]
ffffffffff600000-ffffffffff601000 r-xp 00000000 00:00 0                  [vsyscall]

VM Arguments:
jvm_args: -Dorg.gradle.appname=gradlew 
java_command: org.gradle.wrapper.GradleWrapperMain app:installDebug
java_class_path (initial): /home/ermicho/projects/react-native/PropertyFinder/android/gradle/wrapper/gradle-wrapper.jar
Launcher Type: SUN_STANDARD

Environment Variables:
JAVA_HOME=/usr/lib/jvm/jdk1.8.0_201
PATH=/home/ermicho/projects/react-native/PropertyFinder/node_modules/.bin:/usr/local/lib/node_modules/npm/node_modules/npm-lifecycle/node-gyp-bin:/home/ermicho/projects/react-native/PropertyFinder/node_modules/.bin:/usr/local/sbin:/usr/local/bin:/usr/sbin:/usr/bin:/sbin:/bin:/usr/games:/usr/local/games:/snap/bin:/home/ermicho/Android/Sdk/tools:/home/ermicho/Android/Sdk/tools/bin:/home/ermicho/Android/Sdk/platform-tools:/home/ermicho/Android/Sdk/emulator:/home/ermicho/Android/Sdk/tools/bin:/home/ermicho/Android/Sdk/platform-tools
USERNAME=ermicho
SHELL=/bin/bash
DISPLAY=:0

Signal Handlers:
SIGSEGV: [libjvm.so+0xad3e60], sa_mask[0]=11111111011111111101111111111110, sa_flags=SA_RESTART|SA_SIGINFO
SIGBUS: [libjvm.so+0xad3e60], sa_mask[0]=11111111011111111101111111111110, sa_flags=SA_RESTART|SA_SIGINFO
SIGFPE: [libjvm.so+0x90b880], sa_mask[0]=11111111011111111101111111111110, sa_flags=SA_RESTART|SA_SIGINFO
SIGPIPE: [libjvm.so+0x90b880], sa_mask[0]=11111111011111111101111111111110, sa_flags=SA_RESTART|SA_SIGINFO
SIGXFSZ: [libjvm.so+0x90b880], sa_mask[0]=11111111011111111101111111111110, sa_flags=SA_RESTART|SA_SIGINFO
SIGILL: [libjvm.so+0x90b880], sa_mask[0]=11111111011111111101111111111110, sa_flags=SA_RESTART|SA_SIGINFO
SIGUSR1: SIG_DFL, sa_mask[0]=00000000000000000000000000000000, sa_flags=none
SIGUSR2: [libjvm.so+0x90b750], sa_mask[0]=00000000000000000000000000000000, sa_flags=SA_RESTART|SA_SIGINFO
SIGHUP: [libjvm.so+0x90bd70], sa_mask[0]=11111111011111111101111111111110, sa_flags=SA_RESTART|SA_SIGINFO
SIGINT: [libjvm.so+0x90bd70], sa_mask[0]=11111111011111111101111111111110, sa_flags=SA_RESTART|SA_SIGINFO
SIGTERM: [libjvm.so+0x90bd70], sa_mask[0]=11111111011111111101111111111110, sa_flags=SA_RESTART|SA_SIGINFO
SIGQUIT: [libjvm.so+0x90bd70], sa_mask[0]=11111111011111111101111111111110, sa_flags=SA_RESTART|SA_SIGINFO


---------------  S Y S T E M  ---------------

OS:DISTRIB_ID=Ubuntu
DISTRIB_RELEASE=18.04
DISTRIB_CODENAME=bionic
DISTRIB_DESCRIPTION="Ubuntu 18.04.2 LTS"

uname:Linux 4.15.0-46-generic #49-Ubuntu SMP Wed Feb 6 09:33:07 UTC 2019 x86_64
libc:glibc 2.27 NPTL 2.27 
rlimit: STACK 8192k, CORE 0k, NPROC 30710, NOFILE 4096, AS infinity
load average:0.94 1.22 1.38

/proc/meminfo:
MemTotal:        8021540 kB
MemFree:          148720 kB
MemAvailable:    2013436 kB
Buffers:           83772 kB
Cached:          2954680 kB
SwapCached:            0 kB
Active:          5389580 kB
Inactive:        2028264 kB
Active(anon):    4297792 kB
Inactive(anon):  1102236 kB
Active(file):    1091788 kB
Inactive(file):   926028 kB
Unevictable:         344 kB
Mlocked:             344 kB
SwapTotal:       2097148 kB
SwapFree:        2097148 kB
Dirty:             20632 kB
Writeback:             0 kB
AnonPages:       4380008 kB
Mapped:          1267168 kB
Shmem:           1130812 kB
Slab:             225624 kB
SReclaimable:     140520 kB
SUnreclaim:        85104 kB
KernelStack:       22832 kB
PageTables:        94064 kB
NFS_Unstable:          0 kB
Bounce:                0 kB
WritebackTmp:          0 kB
CommitLimit:     6107916 kB
Committed_AS:   16673128 kB
VmallocTotal:   34359738367 kB
VmallocUsed:           0 kB
VmallocChunk:          0 kB
HardwareCorrupted:     0 kB
AnonHugePages:         0 kB
ShmemHugePages:        0 kB
ShmemPmdMapped:        0 kB
CmaTotal:              0 kB
CmaFree:               0 kB
HugePages_Total:       0
HugePages_Free:        0
HugePages_Rsvd:        0
HugePages_Surp:        0
Hugepagesize:       2048 kB
DirectMap4k:      312772 kB
DirectMap2M:     7929856 kB
DirectMap1G:     1048576 kB

container (cgroup) information:
container_type: cgroupv1
cpu_cpuset_cpus: 0-7
cpu_memory_nodes: 0
active_processor_count: 8
cpu_quota: -1
cpu_period: 100000
cpu_shares: -1
memory_limit_in_bytes: -1
memory_and_swap_limit_in_bytes: -2
memory_soft_limit_in_bytes: -1
memory_usage_in_bytes: 7597015040
memory_max_usage_in_bytes: 2170880


CPU:total 8 (initial active 8) (4 cores per cpu, 2 threads per core) family 6 model 142 stepping 10, cmov, cx8, fxsr, mmx, sse, sse2, sse3, ssse3, sse4.1, sse4.2, popcnt, avx, avx2, aes, clmul, erms, 3dnowpref, lzcnt, ht, tsc, tscinvbit, bmi1, bmi2, adx

/proc/cpuinfo:
processor	: 0
vendor_id	: GenuineIntel
cpu family	: 6
model		: 142
model name	: Intel(R) Core(TM) i7-8550U CPU @ 1.80GHz
stepping	: 10
microcode	: 0x96
cpu MHz		: 2374.003
cache size	: 8192 KB
physical id	: 0
siblings	: 8
core id		: 0
cpu cores	: 4
apicid		: 0
initial apicid	: 0
fpu		: yes
fpu_exception	: yes
cpuid level	: 22
wp		: yes
flags		: fpu vme de pse tsc msr pae mce cx8 apic sep mtrr pge mca cmov pat pse36 clflush dts acpi mmx fxsr sse sse2 ss ht tm pbe syscall nx pdpe1gb rdtscp lm constant_tsc art arch_perfmon pebs bts rep_good nopl xtopology nonstop_tsc cpuid aperfmperf tsc_known_freq pni pclmulqdq dtes64 monitor ds_cpl vmx est tm2 ssse3 sdbg fma cx16 xtpr pdcm pcid sse4_1 sse4_2 x2apic movbe popcnt tsc_deadline_timer aes xsave avx f16c rdrand lahf_lm abm 3dnowprefetch cpuid_fault epb invpcid_single pti ssbd ibrs ibpb stibp tpr_shadow vnmi flexpriority ept vpid fsgsbase tsc_adjust bmi1 avx2 smep bmi2 erms invpcid mpx rdseed adx smap clflushopt intel_pt xsaveopt xsavec xgetbv1 xsaves dtherm ida arat pln pts hwp hwp_notify hwp_act_window hwp_epp flush_l1d
bugs		: cpu_meltdown spectre_v1 spectre_v2 spec_store_bypass l1tf
bogomips	: 3984.00
clflush size	: 64
cache_alignment	: 64
address sizes	: 39 bits physical, 48 bits virtual
power management:

processor	: 1
vendor_id	: GenuineIntel
cpu family	: 6
model		: 142
model name	: Intel(R) Core(TM) i7-8550U CPU @ 1.80GHz
stepping	: 10
microcode	: 0x96
cpu MHz		: 2344.541
cache size	: 8192 KB
physical id	: 0
siblings	: 8
core id		: 1
cpu cores	: 4
apicid		: 2
initial apicid	: 2
fpu		: yes
fpu_exception	: yes
cpuid level	: 22
wp		: yes
flags		: fpu vme de pse tsc msr pae mce cx8 apic sep mtrr pge mca cmov pat pse36 clflush dts acpi mmx fxsr sse sse2 ss ht tm pbe syscall nx pdpe1gb rdtscp lm constant_tsc art arch_perfmon pebs bts rep_good nopl xtopology nonstop_tsc cpuid aperfmperf tsc_known_freq pni pclmulqdq dtes64 monitor ds_cpl vmx est tm2 ssse3 sdbg fma cx16 xtpr pdcm pcid sse4_1 sse4_2 x2apic movbe popcnt tsc_deadline_timer aes xsave avx f16c rdrand lahf_lm abm 3dnowprefetch cpuid_fault epb invpcid_single pti ssbd ibrs ibpb stibp tpr_shadow vnmi flexpriority ept vpid fsgsbase tsc_adjust bmi1 avx2 smep bmi2 erms invpcid mpx rdseed adx smap clflushopt intel_pt xsaveopt xsavec xgetbv1 xsaves dtherm ida arat pln pts hwp hwp_notify hwp_act_window hwp_epp flush_l1d
bugs		: cpu_meltdown spectre_v1 spectre_v2 spec_store_bypass l1tf
bogomips	: 3984.00
clflush size	: 64
cache_alignment	: 64
address sizes	: 39 bits physical, 48 bits virtual
power management:

processor	: 2
vendor_id	: GenuineIntel
cpu family	: 6
model		: 142
model name	: Intel(R) Core(TM) i7-8550U CPU @ 1.80GHz
stepping	: 10
microcode	: 0x96
cpu MHz		: 2373.225
cache size	: 8192 KB
physical id	: 0
siblings	: 8
core id		: 2
cpu cores	: 4
apicid		: 4
initial apicid	: 4
fpu		: yes
fpu_exception	: yes
cpuid level	: 22
wp		: yes
flags		: fpu vme de pse tsc msr pae mce cx8 apic sep mtrr pge mca cmov pat pse36 clflush dts acpi mmx fxsr sse sse2 ss ht tm pbe syscall nx pdpe1gb rdtscp lm constant_tsc art arch_perfmon pebs bts rep_good nopl xtopology nonstop_tsc cpuid aperfmperf tsc_known_freq pni pclmulqdq dtes64 monitor ds_cpl vmx est tm2 ssse3 sdbg fma cx16 xtpr pdcm pcid sse4_1 sse4_2 x2apic movbe popcnt tsc_deadline_timer aes xsave avx f16c rdrand lahf_lm abm 3dnowprefetch cpuid_fault epb invpcid_single pti ssbd ibrs ibpb stibp tpr_shadow vnmi flexpriority ept vpid fsgsbase tsc_adjust bmi1 avx2 smep bmi2 erms invpcid mpx rdseed adx smap clflushopt intel_pt xsaveopt xsavec xgetbv1 xsaves dtherm ida arat pln pts hwp hwp_notify hwp_act_window hwp_epp flush_l1d
bugs		: cpu_meltdown spectre_v1 spectre_v2 spec_store_bypass l1tf
bogomips	: 3984.00
clflush size	: 64
cache_alignment	: 64
address sizes	: 39 bits physical, 48 bits virtual
power management:

processor	: 3
vendor_id	: GenuineIntel
cpu family	: 6
model		: 142
model name	: Intel(R) Core(TM) i7-8550U CPU @ 1.80GHz
stepping	: 10
microcode	: 0x96
cpu MHz		: 2356.054
cache size	: 8192 KB
physical id	: 0
siblings	: 8
core id		: 3
cpu cores	: 4
apicid		: 6
initial apicid	: 6
fpu		: yes
fpu_exception	: yes
cpuid level	: 22
wp		: yes
flags		: fpu vme de pse tsc msr pae mce cx8 apic sep mtrr pge mca cmov pat pse36 clflush dts acpi mmx fxsr sse sse2 ss ht tm pbe syscall nx pdpe1gb rdtscp lm constant_tsc art arch_perfmon pebs bts rep_good nopl xtopology nonstop_tsc cpuid aperfmperf tsc_known_freq pni pclmulqdq dtes64 monitor ds_cpl vmx est tm2 ssse3 sdbg fma cx16 xtpr pdcm pcid sse4_1 sse4_2 x2apic movbe popcnt tsc_deadline_timer aes xsave avx f16c rdrand lahf_lm abm 3dnowprefetch cpuid_fault epb invpcid_single pti ssbd ibrs ibpb stibp tpr_shadow vnmi flexpriority ept vpid fsgsbase tsc_adjust bmi1 avx2 smep bmi2 erms invpcid mpx rdseed adx smap clflushopt intel_pt xsaveopt xsavec xgetbv1 xsaves dtherm ida arat pln pts hwp hwp_notify hwp_act_window hwp_epp flush_l1d
bugs		: cpu_meltdown spectre_v1 spectre_v2 spec_store_bypass l1tf
bogomips	: 3984.00
clflush size	: 64
cache_alignment	: 64
address sizes	: 39 bits physical, 48 bits virtual
power management:

processor	: 4
vendor_id	: GenuineIntel
cpu family	: 6
model		: 142
model name	: Intel(R) Core(TM) i7-8550U CPU @ 1.80GHz
stepping	: 10
microcode	: 0x96
cpu MHz		: 2368.842
cache size	: 8192 KB
physical id	: 0
siblings	: 8
core id		: 0
cpu cores	: 4
apicid		: 1
initial apicid	: 1
fpu		: yes
fpu_exception	: yes
cpuid level	: 22
wp		: yes
flags		: fpu vme de pse tsc msr pae mce cx8 apic sep mtrr pge mca cmov pat pse36 clflush dts acpi mmx fxsr sse sse2 ss ht tm pbe syscall nx pdpe1gb rdtscp lm constant_tsc art arch_perfmon pebs bts rep_good nopl xtopology nonstop_tsc cpuid aperfmperf tsc_known_freq pni pclmulqdq dtes64 monitor ds_cpl vmx est tm2 ssse3 sdbg fma cx16 xtpr pdcm pcid sse4_1 sse4_2 x2apic movbe popcnt tsc_deadline_timer aes xsave avx f16c rdrand lahf_lm abm 3dnowprefetch cpuid_fault epb invpcid_single pti ssbd ibrs ibpb stibp tpr_shadow vnmi flexpriority ept vpid fsgsbase tsc_adjust bmi1 avx2 smep bmi2 erms invpcid mpx rdseed adx smap clflushopt intel_pt xsaveopt xsavec xgetbv1 xsaves dtherm ida arat pln pts hwp hwp_notify hwp_act_window hwp_epp flush_l1d
bugs		: cpu_meltdown spectre_v1 spectre_v2 spec_store_bypass l1tf
bogomips	: 3984.00
clflush size	: 64
cache_alignment	: 64
address sizes	: 39 bits physical, 48 bits virtual
power management:

processor	: 5
vendor_id	: GenuineIntel
cpu family	: 6
model		: 142
model name	: Intel(R) Core(TM) i7-8550U CPU @ 1.80GHz
stepping	: 10
microcode	: 0x96
cpu MHz		: 2356.348
cache size	: 8192 KB
physical id	: 0
siblings	: 8
core id		: 1
cpu cores	: 4
apicid		: 3
initial apicid	: 3
fpu		: yes
fpu_exception	: yes
cpuid level	: 22
wp		: yes
flags		: fpu vme de pse tsc msr pae mce cx8 apic sep mtrr pge mca cmov pat pse36 clflush dts acpi mmx fxsr sse sse2 ss ht tm pbe syscall nx pdpe1gb rdtscp lm constant_tsc art arch_perfmon pebs bts rep_good nopl xtopology nonstop_tsc cpuid aperfmperf tsc_known_freq pni pclmulqdq dtes64 monitor ds_cpl vmx est tm2 ssse3 sdbg fma cx16 xtpr pdcm pcid sse4_1 sse4_2 x2apic movbe popcnt tsc_deadline_timer aes xsave avx f16c rdrand lahf_lm abm 3dnowprefetch cpuid_fault epb invpcid_single pti ssbd ibrs ibpb stibp tpr_shadow vnmi flexpriority ept vpid fsgsbase tsc_adjust bmi1 avx2 smep bmi2 erms invpcid mpx rdseed adx smap clflushopt intel_pt xsaveopt xsavec xgetbv1 xsaves dtherm ida arat pln pts hwp hwp_notify hwp_act_window hwp_epp flush_l1d
bugs		: cpu_meltdown spectre_v1 spectre_v2 spec_store_bypass l1tf
bogomips	: 3984.00
clflush size	: 64
cache_alignment	: 64
address sizes	: 39 bits physical, 48 bits virtual
power management:

processor	: 6
vendor_id	: GenuineIntel
cpu family	: 6
model		: 142
model name	: Intel(R) Core(TM) i7-8550U CPU @ 1.80GHz
stepping	: 10
microcode	: 0x96
cpu MHz		: 2373.407
cache size	: 8192 KB
physical id	: 0
siblings	: 8
core id		: 2
cpu cores	: 4
apicid		: 5
initial apicid	: 5
fpu		: yes
fpu_exception	: yes
cpuid level	: 22
wp		: yes
flags		: fpu vme de pse tsc msr pae mce cx8 apic sep mtrr pge mca cmov pat pse36 clflush dts acpi mmx fxsr sse sse2 ss ht tm pbe syscall nx pdpe1gb rdtscp lm constant_tsc art arch_perfmon pebs bts rep_good nopl xtopology nonstop_tsc cpuid aperfmperf tsc_known_freq pni pclmulqdq dtes64 monitor ds_cpl vmx est tm2 ssse3 sdbg fma cx16 xtpr pdcm pcid sse4_1 sse4_2 x2apic movbe popcnt tsc_deadline_timer aes xsave avx f16c rdrand lahf_lm abm 3dnowprefetch cpuid_fault epb invpcid_single pti ssbd ibrs ibpb stibp tpr_shadow vnmi flexpriority ept vpid fsgsbase tsc_adjust bmi1 avx2 smep bmi2 erms invpcid mpx rdseed adx smap clflushopt intel_pt xsaveopt xsavec xgetbv1 xsaves dtherm ida arat pln pts hwp hwp_notify hwp_act_window hwp_epp flush_l1d
bugs		: cpu_meltdown spectre_v1 spectre_v2 spec_store_bypass l1tf
bogomips	: 3984.00
clflush size	: 64
cache_alignment	: 64
address sizes	: 39 bits physical, 48 bits virtual
power management:

processor	: 7
vendor_id	: GenuineIntel
cpu family	: 6
model		: 142
model name	: Intel(R) Core(TM) i7-8550U CPU @ 1.80GHz
stepping	: 10
microcode	: 0x96
cpu MHz		: 2344.419
cache size	: 8192 KB
physical id	: 0
siblings	: 8
core id		: 3
cpu cores	: 4
apicid		: 7
initial apicid	: 7
fpu		: yes
fpu_exception	: yes
cpuid level	: 22
wp		: yes
flags		: fpu vme de pse tsc msr pae mce cx8 apic sep mtrr pge mca cmov pat pse36 clflush dts acpi mmx fxsr sse sse2 ss ht tm pbe syscall nx pdpe1gb rdtscp lm constant_tsc art arch_perfmon pebs bts rep_good nopl xtopology nonstop_tsc cpuid aperfmperf tsc_known_freq pni pclmulqdq dtes64 monitor ds_cpl vmx est tm2 ssse3 sdbg fma cx16 xtpr pdcm pcid sse4_1 sse4_2 x2apic movbe popcnt tsc_deadline_timer aes xsave avx f16c rdrand lahf_lm abm 3dnowprefetch cpuid_fault epb invpcid_single pti ssbd ibrs ibpb stibp tpr_shadow vnmi flexpriority ept vpid fsgsbase tsc_adjust bmi1 avx2 smep bmi2 erms invpcid mpx rdseed adx smap clflushopt intel_pt xsaveopt xsavec xgetbv1 xsaves dtherm ida arat pln pts hwp hwp_notify hwp_act_window hwp_epp flush_l1d
bugs		: cpu_meltdown spectre_v1 spectre_v2 spec_store_bypass l1tf
bogomips	: 3984.00
clflush size	: 64
cache_alignment	: 64
address sizes	: 39 bits physical, 48 bits virtual
power management:



Memory: 4k page, physical 8021540k(147076k free), swap 2097148k(2097148k free)

vm_info: Java HotSpot(TM) 64-Bit Server VM (25.201-b09) for linux-amd64 JRE (1.8.0_201-b09), built on Dec 15 2018 11:35:59 by "java_re" with gcc 7.3.0

time: Fri Mar 15 10:40:01 2019
timezone: IST
elapsed time: 0 seconds (0d 0h 0m 0s)

